{"/home/casatta/git/javascript-opentimestamps/src/utils.js":{"path":"/home/casatta/git/javascript-opentimestamps/src/utils.js","statementMap":{"0":{"start":{"line":10,"column":15},"end":{"line":10,"column":32}},"1":{"start":{"line":11,"column":11},"end":{"line":11,"column":24}},"2":{"start":{"line":12,"column":19},"end":{"line":12,"column":40}},"3":{"start":{"line":19,"column":0},"end":{"line":25,"column":1}},"4":{"start":{"line":20,"column":16},"end":{"line":20,"column":18}},"5":{"start":{"line":21,"column":2},"end":{"line":23,"column":3}},"6":{"start":{"line":21,"column":15},"end":{"line":21,"column":16}},"7":{"start":{"line":22,"column":4},"end":{"line":22,"column":46}},"8":{"start":{"line":24,"column":2},"end":{"line":24,"column":14}},"9":{"start":{"line":32,"column":0},"end":{"line":39,"column":1}},"10":{"start":{"line":33,"column":14},"end":{"line":33,"column":16}},"11":{"start":{"line":34,"column":2},"end":{"line":37,"column":3}},"12":{"start":{"line":34,"column":15},"end":{"line":34,"column":16}},"13":{"start":{"line":35,"column":4},"end":{"line":35,"column":43}},"14":{"start":{"line":36,"column":4},"end":{"line":36,"column":43}},"15":{"start":{"line":38,"column":2},"end":{"line":38,"column":21}},"16":{"start":{"line":46,"column":0},"end":{"line":54,"column":1}},"17":{"start":{"line":47,"column":14},"end":{"line":47,"column":16}},"18":{"start":{"line":48,"column":2},"end":{"line":52,"column":3}},"19":{"start":{"line":48,"column":15},"end":{"line":48,"column":16}},"20":{"start":{"line":49,"column":14},"end":{"line":49,"column":35}},"21":{"start":{"line":50,"column":4},"end":{"line":50,"column":36}},"22":{"start":{"line":51,"column":4},"end":{"line":51,"column":36}},"23":{"start":{"line":53,"column":2},"end":{"line":53,"column":21}},"24":{"start":{"line":61,"column":0},"end":{"line":63,"column":1}},"25":{"start":{"line":62,"column":2},"end":{"line":62,"column":27}},"26":{"start":{"line":70,"column":0},"end":{"line":77,"column":1}},"27":{"start":{"line":71,"column":16},"end":{"line":71,"column":18}},"28":{"start":{"line":72,"column":2},"end":{"line":75,"column":3}},"29":{"start":{"line":72,"column":15},"end":{"line":72,"column":16}},"30":{"start":{"line":73,"column":14},"end":{"line":73,"column":33}},"31":{"start":{"line":74,"column":4},"end":{"line":74,"column":17}},"32":{"start":{"line":76,"column":2},"end":{"line":76,"column":14}},"33":{"start":{"line":79,"column":0},"end":{"line":85,"column":1}},"34":{"start":{"line":80,"column":15},"end":{"line":80,"column":17}},"35":{"start":{"line":81,"column":2},"end":{"line":83,"column":3}},"36":{"start":{"line":81,"column":15},"end":{"line":81,"column":16}},"37":{"start":{"line":82,"column":4},"end":{"line":82,"column":39}},"38":{"start":{"line":84,"column":2},"end":{"line":84,"column":15}},"39":{"start":{"line":87,"column":0},"end":{"line":93,"column":1}},"40":{"start":{"line":88,"column":14},"end":{"line":88,"column":16}},"41":{"start":{"line":89,"column":2},"end":{"line":91,"column":3}},"42":{"start":{"line":89,"column":15},"end":{"line":89,"column":16}},"43":{"start":{"line":90,"column":4},"end":{"line":90,"column":31}},"44":{"start":{"line":92,"column":2},"end":{"line":92,"column":12}},"45":{"start":{"line":95,"column":0},"end":{"line":101,"column":1}},"46":{"start":{"line":96,"column":16},"end":{"line":96,"column":18}},"47":{"start":{"line":97,"column":2},"end":{"line":99,"column":3}},"48":{"start":{"line":97,"column":15},"end":{"line":97,"column":16}},"49":{"start":{"line":98,"column":4},"end":{"line":98,"column":39}},"50":{"start":{"line":100,"column":2},"end":{"line":100,"column":14}},"51":{"start":{"line":103,"column":0},"end":{"line":112,"column":1}},"52":{"start":{"line":104,"column":2},"end":{"line":110,"column":3}},"53":{"start":{"line":104,"column":15},"end":{"line":104,"column":16}},"54":{"start":{"line":104,"column":22},"end":{"line":104,"column":23}},"55":{"start":{"line":105,"column":15},"end":{"line":105,"column":29}},"56":{"start":{"line":106,"column":15},"end":{"line":106,"column":30}},"57":{"start":{"line":107,"column":4},"end":{"line":109,"column":5}},"58":{"start":{"line":108,"column":6},"end":{"line":108,"column":18}},"59":{"start":{"line":111,"column":2},"end":{"line":111,"column":35}},"60":{"start":{"line":114,"column":0},"end":{"line":122,"column":1}},"61":{"start":{"line":116,"column":2},"end":{"line":120,"column":3}},"62":{"start":{"line":117,"column":4},"end":{"line":119,"column":5}},"63":{"start":{"line":118,"column":6},"end":{"line":118,"column":18}},"64":{"start":{"line":121,"column":2},"end":{"line":121,"column":26}},"65":{"start":{"line":124,"column":0},"end":{"line":126,"column":1}},"66":{"start":{"line":125,"column":2},"end":{"line":125,"column":30}},"67":{"start":{"line":128,"column":0},"end":{"line":153,"column":1}},"68":{"start":{"line":129,"column":2},"end":{"line":131,"column":3}},"69":{"start":{"line":130,"column":4},"end":{"line":130,"column":13}},"70":{"start":{"line":132,"column":11},"end":{"line":132,"column":13}},"71":{"start":{"line":133,"column":2},"end":{"line":151,"column":3}},"72":{"start":{"line":134,"column":4},"end":{"line":134,"column":73}},"73":{"start":{"line":138,"column":4},"end":{"line":138,"column":63}},"74":{"start":{"line":140,"column":4},"end":{"line":140,"column":11}},"75":{"start":{"line":141,"column":14},"end":{"line":141,"column":19}},"76":{"start":{"line":142,"column":14},"end":{"line":142,"column":25}},"77":{"start":{"line":145,"column":4},"end":{"line":147,"column":5}},"78":{"start":{"line":146,"column":6},"end":{"line":146,"column":47}},"79":{"start":{"line":148,"column":4},"end":{"line":150,"column":5}},"80":{"start":{"line":149,"column":6},"end":{"line":149,"column":50}},"81":{"start":{"line":152,"column":2},"end":{"line":152,"column":11}},"82":{"start":{"line":155,"column":0},"end":{"line":161,"column":1}},"83":{"start":{"line":156,"column":2},"end":{"line":160,"column":4}},"84":{"start":{"line":157,"column":4},"end":{"line":159,"column":21}},"85":{"start":{"line":168,"column":0},"end":{"line":178,"column":1}},"86":{"start":{"line":169,"column":2},"end":{"line":177,"column":4}},"87":{"start":{"line":170,"column":4},"end":{"line":176,"column":6}},"88":{"start":{"line":171,"column":6},"end":{"line":175,"column":7}},"89":{"start":{"line":172,"column":8},"end":{"line":172,"column":19}},"90":{"start":{"line":174,"column":8},"end":{"line":174,"column":23}},"91":{"start":{"line":180,"column":0},"end":{"line":198,"column":1}},"92":{"start":{"line":181,"column":2},"end":{"line":197,"column":4}},"93":{"start":{"line":182,"column":4},"end":{"line":196,"column":6}},"94":{"start":{"line":183,"column":6},"end":{"line":185,"column":7}},"95":{"start":{"line":184,"column":8},"end":{"line":184,"column":28}},"96":{"start":{"line":186,"column":6},"end":{"line":188,"column":7}},"97":{"start":{"line":187,"column":8},"end":{"line":187,"column":46}},"98":{"start":{"line":189,"column":18},"end":{"line":189,"column":27}},"99":{"start":{"line":190,"column":6},"end":{"line":194,"column":8}},"100":{"start":{"line":191,"column":25},"end":{"line":191,"column":45}},"101":{"start":{"line":192,"column":20},"end":{"line":192,"column":27}},"102":{"start":{"line":193,"column":8},"end":{"line":193,"column":30}},"103":{"start":{"line":195,"column":6},"end":{"line":195,"column":25}}},"fnMap":{"0":{"name":"(anonymous_0)","decl":{"start":{"line":19,"column":21},"end":{"line":19,"column":22}},"loc":{"start":{"line":19,"column":36},"end":{"line":25,"column":1}},"line":19},"1":{"name":"(anonymous_1)","decl":{"start":{"line":32,"column":21},"end":{"line":32,"column":22}},"loc":{"start":{"line":32,"column":38},"end":{"line":39,"column":1}},"line":32},"2":{"name":"(anonymous_2)","decl":{"start":{"line":46,"column":21},"end":{"line":46,"column":22}},"loc":{"start":{"line":46,"column":38},"end":{"line":54,"column":1}},"line":46},"3":{"name":"(anonymous_3)","decl":{"start":{"line":61,"column":21},"end":{"line":61,"column":22}},"loc":{"start":{"line":61,"column":37},"end":{"line":63,"column":1}},"line":61},"4":{"name":"(anonymous_4)","decl":{"start":{"line":70,"column":23},"end":{"line":70,"column":24}},"loc":{"start":{"line":70,"column":40},"end":{"line":77,"column":1}},"line":70},"5":{"name":"(anonymous_5)","decl":{"start":{"line":79,"column":23},"end":{"line":79,"column":24}},"loc":{"start":{"line":79,"column":41},"end":{"line":85,"column":1}},"line":79},"6":{"name":"(anonymous_6)","decl":{"start":{"line":87,"column":18},"end":{"line":87,"column":19}},"loc":{"start":{"line":87,"column":33},"end":{"line":93,"column":1}},"line":87},"7":{"name":"(anonymous_7)","decl":{"start":{"line":95,"column":23},"end":{"line":95,"column":24}},"loc":{"start":{"line":95,"column":41},"end":{"line":101,"column":1}},"line":95},"8":{"name":"(anonymous_8)","decl":{"start":{"line":103,"column":21},"end":{"line":103,"column":22}},"loc":{"start":{"line":103,"column":44},"end":{"line":112,"column":1}},"line":103},"9":{"name":"(anonymous_9)","decl":{"start":{"line":114,"column":16},"end":{"line":114,"column":17}},"loc":{"start":{"line":114,"column":38},"end":{"line":122,"column":1}},"line":114},"10":{"name":"(anonymous_10)","decl":{"start":{"line":124,"column":20},"end":{"line":124,"column":21}},"loc":{"start":{"line":124,"column":33},"end":{"line":126,"column":1}},"line":124},"11":{"name":"(anonymous_11)","decl":{"start":{"line":128,"column":21},"end":{"line":128,"column":22}},"loc":{"start":{"line":128,"column":34},"end":{"line":153,"column":1}},"line":128},"12":{"name":"(anonymous_12)","decl":{"start":{"line":155,"column":19},"end":{"line":155,"column":20}},"loc":{"start":{"line":155,"column":38},"end":{"line":161,"column":1}},"line":155},"13":{"name":"(anonymous_13)","decl":{"start":{"line":156,"column":21},"end":{"line":156,"column":22}},"loc":{"start":{"line":156,"column":32},"end":{"line":160,"column":3}},"line":156},"14":{"name":"(anonymous_14)","decl":{"start":{"line":168,"column":26},"end":{"line":168,"column":27}},"loc":{"start":{"line":168,"column":52},"end":{"line":178,"column":1}},"line":168},"15":{"name":"(anonymous_15)","decl":{"start":{"line":169,"column":21},"end":{"line":169,"column":22}},"loc":{"start":{"line":169,"column":42},"end":{"line":177,"column":3}},"line":169},"16":{"name":"(anonymous_16)","decl":{"start":{"line":170,"column":32},"end":{"line":170,"column":33}},"loc":{"start":{"line":170,"column":49},"end":{"line":176,"column":5}},"line":170},"17":{"name":"(anonymous_17)","decl":{"start":{"line":180,"column":28},"end":{"line":180,"column":29}},"loc":{"start":{"line":180,"column":44},"end":{"line":198,"column":1}},"line":180},"18":{"name":"(anonymous_18)","decl":{"start":{"line":181,"column":21},"end":{"line":181,"column":22}},"loc":{"start":{"line":181,"column":42},"end":{"line":197,"column":3}},"line":181},"19":{"name":"(anonymous_19)","decl":{"start":{"line":182,"column":61},"end":{"line":182,"column":62}},"loc":{"start":{"line":182,"column":77},"end":{"line":196,"column":5}},"line":182},"20":{"name":"(anonymous_20)","decl":{"start":{"line":190,"column":34},"end":{"line":190,"column":35}},"loc":{"start":{"line":190,"column":42},"end":{"line":194,"column":7}},"line":190}},"branchMap":{"0":{"loc":{"start":{"line":104,"column":25},"end":{"line":104,"column":60}},"type":"binary-expr","locations":[{"start":{"line":104,"column":25},"end":{"line":104,"column":40}},{"start":{"line":104,"column":44},"end":{"line":104,"column":60}}],"line":104},"1":{"loc":{"start":{"line":107,"column":4},"end":{"line":109,"column":5}},"type":"if","locations":[{"start":{"line":107,"column":4},"end":{"line":109,"column":5}},{"start":{"line":107,"column":4},"end":{"line":109,"column":5}}],"line":107},"2":{"loc":{"start":{"line":117,"column":4},"end":{"line":119,"column":5}},"type":"if","locations":[{"start":{"line":117,"column":4},"end":{"line":119,"column":5}},{"start":{"line":117,"column":4},"end":{"line":119,"column":5}}],"line":117},"3":{"loc":{"start":{"line":129,"column":2},"end":{"line":131,"column":3}},"type":"if","locations":[{"start":{"line":129,"column":2},"end":{"line":131,"column":3}},{"start":{"line":129,"column":2},"end":{"line":131,"column":3}}],"line":129},"4":{"loc":{"start":{"line":148,"column":4},"end":{"line":150,"column":5}},"type":"if","locations":[{"start":{"line":148,"column":4},"end":{"line":150,"column":5}},{"start":{"line":148,"column":4},"end":{"line":150,"column":5}}],"line":148},"5":{"loc":{"start":{"line":171,"column":6},"end":{"line":175,"column":7}},"type":"if","locations":[{"start":{"line":171,"column":6},"end":{"line":175,"column":7}},{"start":{"line":171,"column":6},"end":{"line":175,"column":7}}],"line":171},"6":{"loc":{"start":{"line":183,"column":6},"end":{"line":185,"column":7}},"type":"if","locations":[{"start":{"line":183,"column":6},"end":{"line":185,"column":7}},{"start":{"line":183,"column":6},"end":{"line":185,"column":7}}],"line":183},"7":{"loc":{"start":{"line":186,"column":6},"end":{"line":188,"column":7}},"type":"if","locations":[{"start":{"line":186,"column":6},"end":{"line":188,"column":7}},{"start":{"line":186,"column":6},"end":{"line":188,"column":7}}],"line":186},"8":{"loc":{"start":{"line":186,"column":10},"end":{"line":186,"column":47}},"type":"binary-expr","locations":[{"start":{"line":186,"column":10},"end":{"line":186,"column":27}},{"start":{"line":186,"column":31},"end":{"line":186,"column":47}}],"line":186}},"s":{"0":1,"1":1,"2":1,"3":1,"4":5,"5":5,"6":5,"7":160,"8":5,"9":1,"10":154,"11":154,"12":154,"13":5518,"14":5518,"15":154,"16":1,"17":0,"18":0,"19":0,"20":0,"21":0,"22":0,"23":0,"24":1,"25":0,"26":1,"27":0,"28":0,"29":0,"30":0,"31":0,"32":0,"33":1,"34":0,"35":0,"36":0,"37":0,"38":0,"39":1,"40":0,"41":0,"42":0,"43":0,"44":0,"45":1,"46":7,"47":7,"48":7,"49":833,"50":7,"51":1,"52":0,"53":0,"54":0,"55":0,"56":0,"57":0,"58":0,"59":0,"60":1,"61":474,"62":19909,"63":29,"64":445,"65":1,"66":5,"67":1,"68":0,"69":0,"70":0,"71":0,"72":0,"73":0,"74":0,"75":0,"76":0,"77":0,"78":0,"79":0,"80":0,"81":0,"82":1,"83":24,"84":24,"85":1,"86":0,"87":0,"88":0,"89":0,"90":0,"91":1,"92":0,"93":0,"94":0,"95":0,"96":0,"97":0,"98":0,"99":0,"100":0,"101":0,"102":0,"103":0},"f":{"0":5,"1":154,"2":0,"3":0,"4":0,"5":0,"6":0,"7":7,"8":0,"9":474,"10":5,"11":0,"12":24,"13":24,"14":0,"15":0,"16":0,"17":0,"18":0,"19":0,"20":0},"b":{"0":[0,0],"1":[0,0],"2":[29,19880],"3":[0,0],"4":[0,0],"5":[0,0],"6":[0,0],"7":[0,0],"8":[0,0]},"_coverageSchema":"43e27e138ebf9cfc5966b082cf9a028302ed4184","hash":"3caa1e4ce4fb9b2828dfb85aabccd57825ef9f40","contentHash":"13b6223a7a6455bde05c392469a3adedd7b105dc98f74ac1afcc985ed5c08979"},"/home/casatta/git/javascript-opentimestamps/src/open-timestamps.js":{"path":"/home/casatta/git/javascript-opentimestamps/src/open-timestamps.js","statementMap":{"0":{"start":{"line":10,"column":16},"end":{"line":10,"column":34}},"1":{"start":{"line":11,"column":16},"end":{"line":11,"column":39}},"2":{"start":{"line":12,"column":30},"end":{"line":12,"column":69}},"3":{"start":{"line":13,"column":18},"end":{"line":13,"column":43}},"4":{"start":{"line":14,"column":14},"end":{"line":14,"column":35}},"5":{"start":{"line":15,"column":12},"end":{"line":15,"column":31}},"6":{"start":{"line":16,"column":17},"end":{"line":16,"column":41}},"7":{"start":{"line":17,"column":15},"end":{"line":17,"column":37}},"8":{"start":{"line":18,"column":16},"end":{"line":18,"column":39}},"9":{"start":{"line":19,"column":15},"end":{"line":19,"column":37}},"10":{"start":{"line":20,"column":16},"end":{"line":20,"column":39}},"11":{"start":{"line":22,"column":0},"end":{"line":491,"column":1}},"12":{"start":{"line":33,"column":4},"end":{"line":36,"column":5}},"13":{"start":{"line":34,"column":6},"end":{"line":34,"column":36}},"14":{"start":{"line":35,"column":6},"end":{"line":35,"column":28}},"15":{"start":{"line":38,"column":22},"end":{"line":38,"column":40}},"16":{"start":{"line":39,"column":19},"end":{"line":39,"column":54}},"17":{"start":{"line":40,"column":21},"end":{"line":40,"column":60}},"18":{"start":{"line":41,"column":22},"end":{"line":41,"column":68}},"19":{"start":{"line":43,"column":4},"end":{"line":50,"column":5}},"20":{"start":{"line":44,"column":6},"end":{"line":46,"column":7}},"21":{"start":{"line":45,"column":8},"end":{"line":45,"column":67}},"22":{"start":{"line":47,"column":6},"end":{"line":47,"column":65}},"23":{"start":{"line":49,"column":6},"end":{"line":49,"column":40}},"24":{"start":{"line":60,"column":17},"end":{"line":60,"column":19}},"25":{"start":{"line":62,"column":4},"end":{"line":66,"column":5}},"26":{"start":{"line":63,"column":6},"end":{"line":63,"column":24}},"27":{"start":{"line":64,"column":6},"end":{"line":64,"column":32}},"28":{"start":{"line":65,"column":6},"end":{"line":65,"column":33}},"29":{"start":{"line":70,"column":4},"end":{"line":87,"column":5}},"30":{"start":{"line":72,"column":6},"end":{"line":72,"column":21}},"31":{"start":{"line":73,"column":6},"end":{"line":73,"column":49}},"32":{"start":{"line":76,"column":6},"end":{"line":86,"column":7}},"33":{"start":{"line":77,"column":20},"end":{"line":77,"column":58}},"34":{"start":{"line":78,"column":38},"end":{"line":78,"column":76}},"35":{"start":{"line":79,"column":8},"end":{"line":79,"column":51}},"36":{"start":{"line":80,"column":8},"end":{"line":80,"column":51}},"37":{"start":{"line":81,"column":8},"end":{"line":81,"column":66}},"38":{"start":{"line":83,"column":8},"end":{"line":83,"column":26}},"39":{"start":{"line":84,"column":8},"end":{"line":84,"column":51}},"40":{"start":{"line":85,"column":8},"end":{"line":85,"column":35}},"41":{"start":{"line":89,"column":4},"end":{"line":95,"column":5}},"42":{"start":{"line":90,"column":6},"end":{"line":90,"column":24}},"43":{"start":{"line":91,"column":6},"end":{"line":91,"column":41}},"44":{"start":{"line":93,"column":6},"end":{"line":93,"column":24}},"45":{"start":{"line":94,"column":6},"end":{"line":94,"column":46}},"46":{"start":{"line":96,"column":4},"end":{"line":96,"column":31}},"47":{"start":{"line":112,"column":4},"end":{"line":118,"column":5}},"48":{"start":{"line":113,"column":6},"end":{"line":113,"column":31}},"49":{"start":{"line":114,"column":11},"end":{"line":118,"column":5}},"50":{"start":{"line":115,"column":6},"end":{"line":115,"column":29}},"51":{"start":{"line":117,"column":6},"end":{"line":117,"column":85}},"52":{"start":{"line":117,"column":48},"end":{"line":117,"column":82}},"53":{"start":{"line":121,"column":22},"end":{"line":121,"column":55}},"54":{"start":{"line":122,"column":4},"end":{"line":124,"column":5}},"55":{"start":{"line":123,"column":6},"end":{"line":123,"column":85}},"56":{"start":{"line":123,"column":48},"end":{"line":123,"column":82}},"57":{"start":{"line":126,"column":4},"end":{"line":154,"column":5}},"58":{"start":{"line":128,"column":6},"end":{"line":128,"column":28}},"59":{"start":{"line":129,"column":6},"end":{"line":136,"column":7}},"60":{"start":{"line":130,"column":8},"end":{"line":130,"column":51}},"61":{"start":{"line":131,"column":13},"end":{"line":136,"column":7}},"62":{"start":{"line":132,"column":8},"end":{"line":132,"column":90}},"63":{"start":{"line":133,"column":8},"end":{"line":135,"column":10}},"64":{"start":{"line":134,"column":10},"end":{"line":134,"column":98}},"65":{"start":{"line":139,"column":6},"end":{"line":139,"column":35}},"66":{"start":{"line":140,"column":6},"end":{"line":142,"column":7}},"67":{"start":{"line":141,"column":8},"end":{"line":141,"column":56}},"68":{"start":{"line":143,"column":6},"end":{"line":153,"column":7}},"69":{"start":{"line":144,"column":8},"end":{"line":144,"column":21}},"70":{"start":{"line":145,"column":8},"end":{"line":147,"column":9}},"71":{"start":{"line":146,"column":10},"end":{"line":146,"column":23}},"72":{"start":{"line":148,"column":13},"end":{"line":153,"column":7}},"73":{"start":{"line":149,"column":8},"end":{"line":149,"column":90}},"74":{"start":{"line":150,"column":8},"end":{"line":152,"column":10}},"75":{"start":{"line":151,"column":10},"end":{"line":151,"column":98}},"76":{"start":{"line":157,"column":4},"end":{"line":161,"column":6}},"77":{"start":{"line":158,"column":6},"end":{"line":160,"column":7}},"78":{"start":{"line":159,"column":8},"end":{"line":159,"column":54}},"79":{"start":{"line":173,"column":16},"end":{"line":173,"column":18}},"80":{"start":{"line":174,"column":4},"end":{"line":180,"column":5}},"81":{"start":{"line":175,"column":6},"end":{"line":179,"column":8}},"82":{"start":{"line":176,"column":23},"end":{"line":176,"column":60}},"83":{"start":{"line":177,"column":8},"end":{"line":177,"column":46}},"84":{"start":{"line":178,"column":8},"end":{"line":178,"column":64}},"85":{"start":{"line":181,"column":4},"end":{"line":188,"column":5}},"86":{"start":{"line":182,"column":6},"end":{"line":187,"column":8}},"87":{"start":{"line":183,"column":23},"end":{"line":183,"column":60}},"88":{"start":{"line":184,"column":8},"end":{"line":184,"column":26}},"89":{"start":{"line":185,"column":8},"end":{"line":185,"column":46}},"90":{"start":{"line":186,"column":8},"end":{"line":186,"column":64}},"91":{"start":{"line":190,"column":4},"end":{"line":200,"column":8}},"92":{"start":{"line":193,"column":8},"end":{"line":197,"column":12}},"93":{"start":{"line":194,"column":23},"end":{"line":194,"column":63}},"94":{"start":{"line":196,"column":12},"end":{"line":196,"column":44}},"95":{"start":{"line":199,"column":8},"end":{"line":199,"column":24}},"96":{"start":{"line":214,"column":24},"end":{"line":214,"column":26}},"97":{"start":{"line":215,"column":4},"end":{"line":230,"column":6}},"98":{"start":{"line":216,"column":6},"end":{"line":219,"column":7}},"99":{"start":{"line":217,"column":8},"end":{"line":217,"column":38}},"100":{"start":{"line":218,"column":8},"end":{"line":218,"column":24}},"101":{"start":{"line":220,"column":6},"end":{"line":229,"column":7}},"102":{"start":{"line":221,"column":30},"end":{"line":221,"column":49}},"103":{"start":{"line":223,"column":35},"end":{"line":223,"column":115}},"104":{"start":{"line":225,"column":27},"end":{"line":225,"column":69}},"105":{"start":{"line":226,"column":8},"end":{"line":226,"column":36}},"106":{"start":{"line":228,"column":8},"end":{"line":228,"column":24}},"107":{"start":{"line":232,"column":22},"end":{"line":232,"column":56}},"108":{"start":{"line":233,"column":4},"end":{"line":233,"column":20}},"109":{"start":{"line":250,"column":4},"end":{"line":256,"column":5}},"110":{"start":{"line":251,"column":6},"end":{"line":251,"column":88}},"111":{"start":{"line":252,"column":6},"end":{"line":252,"column":52}},"112":{"start":{"line":253,"column":6},"end":{"line":255,"column":8}},"113":{"start":{"line":254,"column":8},"end":{"line":254,"column":58}},"114":{"start":{"line":258,"column":4},"end":{"line":260,"column":6}},"115":{"start":{"line":259,"column":6},"end":{"line":259,"column":69}},"116":{"start":{"line":273,"column":16},"end":{"line":273,"column":18}},"117":{"start":{"line":274,"column":17},"end":{"line":274,"column":21}},"118":{"start":{"line":277,"column":4},"end":{"line":279,"column":6}},"119":{"start":{"line":278,"column":6},"end":{"line":278,"column":65}},"120":{"start":{"line":282,"column":30},"end":{"line":282,"column":121}},"121":{"start":{"line":284,"column":6},"end":{"line":287,"column":12}},"122":{"start":{"line":285,"column":8},"end":{"line":285,"column":47}},"123":{"start":{"line":286,"column":8},"end":{"line":286,"column":17}},"124":{"start":{"line":291,"column":4},"end":{"line":308,"column":6}},"125":{"start":{"line":293,"column":21},"end":{"line":293,"column":125}},"126":{"start":{"line":293,"column":43},"end":{"line":293,"column":122}},"127":{"start":{"line":293,"column":91},"end":{"line":293,"column":100}},"128":{"start":{"line":293,"column":106},"end":{"line":293,"column":122}},"129":{"start":{"line":294,"column":6},"end":{"line":296,"column":7}},"130":{"start":{"line":295,"column":8},"end":{"line":295,"column":23}},"131":{"start":{"line":299,"column":20},"end":{"line":299,"column":22}},"132":{"start":{"line":300,"column":23},"end":{"line":300,"column":103}},"133":{"start":{"line":300,"column":45},"end":{"line":300,"column":100}},"134":{"start":{"line":300,"column":69},"end":{"line":300,"column":86}},"135":{"start":{"line":300,"column":92},"end":{"line":300,"column":100}},"136":{"start":{"line":301,"column":27},"end":{"line":301,"column":53}},"137":{"start":{"line":302,"column":6},"end":{"line":305,"column":8}},"138":{"start":{"line":302,"column":43},"end":{"line":302,"column":60}},"139":{"start":{"line":303,"column":19},"end":{"line":303,"column":41}},"140":{"start":{"line":304,"column":8},"end":{"line":304,"column":83}},"141":{"start":{"line":307,"column":6},"end":{"line":307,"column":20}},"142":{"start":{"line":326,"column":6},"end":{"line":326,"column":63}},"143":{"start":{"line":327,"column":22},"end":{"line":327,"column":42}},"144":{"start":{"line":328,"column":6},"end":{"line":336,"column":8}},"145":{"start":{"line":329,"column":8},"end":{"line":329,"column":90}},"146":{"start":{"line":330,"column":8},"end":{"line":330,"column":39}},"147":{"start":{"line":332,"column":29},"end":{"line":332,"column":93}},"148":{"start":{"line":333,"column":8},"end":{"line":333,"column":95}},"149":{"start":{"line":335,"column":8},"end":{"line":335,"column":98}},"150":{"start":{"line":339,"column":4},"end":{"line":369,"column":5}},"151":{"start":{"line":340,"column":6},"end":{"line":340,"column":90}},"152":{"start":{"line":340,"column":48},"end":{"line":340,"column":87}},"153":{"start":{"line":341,"column":11},"end":{"line":369,"column":5}},"154":{"start":{"line":342,"column":6},"end":{"line":342,"column":90}},"155":{"start":{"line":342,"column":48},"end":{"line":342,"column":87}},"156":{"start":{"line":343,"column":11},"end":{"line":369,"column":5}},"157":{"start":{"line":344,"column":6},"end":{"line":346,"column":7}},"158":{"start":{"line":345,"column":8},"end":{"line":345,"column":65}},"159":{"start":{"line":348,"column":6},"end":{"line":365,"column":10}},"160":{"start":{"line":350,"column":26},"end":{"line":350,"column":61}},"161":{"start":{"line":351,"column":10},"end":{"line":351,"column":59}},"162":{"start":{"line":354,"column":10},"end":{"line":358,"column":11}},"163":{"start":{"line":360,"column":10},"end":{"line":363,"column":11}},"164":{"start":{"line":361,"column":12},"end":{"line":361,"column":68}},"165":{"start":{"line":362,"column":12},"end":{"line":362,"column":69}},"166":{"start":{"line":364,"column":10},"end":{"line":364,"column":91}},"167":{"start":{"line":366,"column":11},"end":{"line":369,"column":5}},"168":{"start":{"line":367,"column":6},"end":{"line":367,"column":61}},"169":{"start":{"line":368,"column":6},"end":{"line":368,"column":91}},"170":{"start":{"line":368,"column":48},"end":{"line":368,"column":88}},"171":{"start":{"line":382,"column":4},"end":{"line":386,"column":6}},"172":{"start":{"line":385,"column":6},"end":{"line":385,"column":20}},"173":{"start":{"line":398,"column":33},"end":{"line":398,"column":60}},"174":{"start":{"line":399,"column":21},"end":{"line":399,"column":23}},"175":{"start":{"line":400,"column":17},"end":{"line":400,"column":21}},"176":{"start":{"line":402,"column":4},"end":{"line":404,"column":5}},"177":{"start":{"line":403,"column":6},"end":{"line":403,"column":18}},"178":{"start":{"line":405,"column":4},"end":{"line":407,"column":5}},"179":{"start":{"line":406,"column":6},"end":{"line":406,"column":61}},"180":{"start":{"line":409,"column":4},"end":{"line":436,"column":6}},"181":{"start":{"line":410,"column":6},"end":{"line":435,"column":8}},"182":{"start":{"line":411,"column":8},"end":{"line":434,"column":9}},"183":{"start":{"line":413,"column":10},"end":{"line":415,"column":11}},"184":{"start":{"line":414,"column":12},"end":{"line":414,"column":18}},"185":{"start":{"line":416,"column":26},"end":{"line":416,"column":28}},"186":{"start":{"line":417,"column":10},"end":{"line":426,"column":11}},"187":{"start":{"line":418,"column":12},"end":{"line":418,"column":49}},"188":{"start":{"line":419,"column":12},"end":{"line":419,"column":114}},"189":{"start":{"line":421,"column":12},"end":{"line":425,"column":13}},"190":{"start":{"line":422,"column":14},"end":{"line":422,"column":45}},"191":{"start":{"line":424,"column":14},"end":{"line":424,"column":114}},"192":{"start":{"line":428,"column":29},"end":{"line":428,"column":41}},"193":{"start":{"line":429,"column":10},"end":{"line":433,"column":12}},"194":{"start":{"line":430,"column":29},"end":{"line":430,"column":69}},"195":{"start":{"line":432,"column":12},"end":{"line":432,"column":98}},"196":{"start":{"line":438,"column":4},"end":{"line":451,"column":8}},"197":{"start":{"line":440,"column":22},"end":{"line":440,"column":27}},"198":{"start":{"line":441,"column":8},"end":{"line":446,"column":10}},"199":{"start":{"line":442,"column":10},"end":{"line":445,"column":11}},"200":{"start":{"line":443,"column":12},"end":{"line":443,"column":26}},"201":{"start":{"line":444,"column":12},"end":{"line":444,"column":55}},"202":{"start":{"line":447,"column":8},"end":{"line":447,"column":22}},"203":{"start":{"line":449,"column":8},"end":{"line":449,"column":26}},"204":{"start":{"line":450,"column":8},"end":{"line":450,"column":17}},"205":{"start":{"line":462,"column":4},"end":{"line":489,"column":6}},"206":{"start":{"line":465,"column":29},"end":{"line":465,"column":60}},"207":{"start":{"line":466,"column":6},"end":{"line":469,"column":7}},"208":{"start":{"line":468,"column":8},"end":{"line":468,"column":64}},"209":{"start":{"line":472,"column":30},"end":{"line":472,"column":100}},"210":{"start":{"line":472,"column":70},"end":{"line":472,"column":98}},"211":{"start":{"line":473,"column":6},"end":{"line":484,"column":7}},"212":{"start":{"line":479,"column":8},"end":{"line":479,"column":85}},"213":{"start":{"line":480,"column":8},"end":{"line":480,"column":42}},"214":{"start":{"line":485,"column":6},"end":{"line":485,"column":15}},"215":{"start":{"line":487,"column":6},"end":{"line":487,"column":66}},"216":{"start":{"line":488,"column":6},"end":{"line":488,"column":15}}},"fnMap":{"0":{"name":"(anonymous_0)","decl":{"start":{"line":32,"column":2},"end":{"line":32,"column":3}},"loc":{"start":{"line":32,"column":27},"end":{"line":51,"column":3}},"line":32},"1":{"name":"(anonymous_1)","decl":{"start":{"line":59,"column":2},"end":{"line":59,"column":3}},"loc":{"start":{"line":59,"column":13},"end":{"line":97,"column":3}},"line":59},"2":{"name":"(anonymous_2)","decl":{"start":{"line":109,"column":2},"end":{"line":109,"column":3}},"loc":{"start":{"line":109,"column":33},"end":{"line":162,"column":3}},"line":109},"3":{"name":"(anonymous_3)","decl":{"start":{"line":117,"column":25},"end":{"line":117,"column":26}},"loc":{"start":{"line":117,"column":46},"end":{"line":117,"column":84}},"line":117},"4":{"name":"(anonymous_4)","decl":{"start":{"line":123,"column":25},"end":{"line":123,"column":26}},"loc":{"start":{"line":123,"column":46},"end":{"line":123,"column":84}},"line":123},"5":{"name":"(anonymous_5)","decl":{"start":{"line":133,"column":27},"end":{"line":133,"column":28}},"loc":{"start":{"line":133,"column":48},"end":{"line":135,"column":9}},"line":133},"6":{"name":"(anonymous_6)","decl":{"start":{"line":150,"column":27},"end":{"line":150,"column":28}},"loc":{"start":{"line":150,"column":48},"end":{"line":152,"column":9}},"line":150},"7":{"name":"(anonymous_7)","decl":{"start":{"line":157,"column":104},"end":{"line":157,"column":105}},"loc":{"start":{"line":157,"column":117},"end":{"line":161,"column":5}},"line":157},"8":{"name":"(anonymous_8)","decl":{"start":{"line":172,"column":2},"end":{"line":172,"column":3}},"loc":{"start":{"line":172,"column":62},"end":{"line":201,"column":3}},"line":172},"9":{"name":"(anonymous_9)","decl":{"start":{"line":175,"column":24},"end":{"line":175,"column":25}},"loc":{"start":{"line":175,"column":36},"end":{"line":179,"column":7}},"line":175},"10":{"name":"(anonymous_10)","decl":{"start":{"line":182,"column":31},"end":{"line":182,"column":32}},"loc":{"start":{"line":182,"column":50},"end":{"line":187,"column":7}},"line":182},"11":{"name":"(anonymous_11)","decl":{"start":{"line":191,"column":12},"end":{"line":191,"column":13}},"loc":{"start":{"line":191,"column":23},"end":{"line":200,"column":7}},"line":191},"12":{"name":"(anonymous_12)","decl":{"start":{"line":194,"column":18},"end":{"line":194,"column":19}},"loc":{"start":{"line":194,"column":23},"end":{"line":194,"column":63}},"line":194},"13":{"name":"(anonymous_13)","decl":{"start":{"line":195,"column":19},"end":{"line":195,"column":20}},"loc":{"start":{"line":195,"column":38},"end":{"line":197,"column":11}},"line":195},"14":{"name":"(anonymous_14)","decl":{"start":{"line":208,"column":2},"end":{"line":208,"column":3}},"loc":{"start":{"line":208,"column":34},"end":{"line":234,"column":3}},"line":208},"15":{"name":"(anonymous_15)","decl":{"start":{"line":215,"column":27},"end":{"line":215,"column":28}},"loc":{"start":{"line":215,"column":44},"end":{"line":230,"column":5}},"line":215},"16":{"name":"(anonymous_16)","decl":{"start":{"line":248,"column":2},"end":{"line":248,"column":3}},"loc":{"start":{"line":248,"column":54},"end":{"line":261,"column":3}},"line":248},"17":{"name":"(anonymous_17)","decl":{"start":{"line":253,"column":25},"end":{"line":253,"column":26}},"loc":{"start":{"line":253,"column":46},"end":{"line":255,"column":7}},"line":253},"18":{"name":"(anonymous_18)","decl":{"start":{"line":258,"column":74},"end":{"line":258,"column":75}},"loc":{"start":{"line":258,"column":80},"end":{"line":260,"column":5}},"line":258},"19":{"name":"(anonymous_19)","decl":{"start":{"line":272,"column":2},"end":{"line":272,"column":3}},"loc":{"start":{"line":272,"column":39},"end":{"line":309,"column":3}},"line":272},"20":{"name":"(anonymous_20)","decl":{"start":{"line":277,"column":40},"end":{"line":277,"column":41}},"loc":{"start":{"line":277,"column":62},"end":{"line":279,"column":5}},"line":277},"21":{"name":"compare","decl":{"start":{"line":282,"column":13},"end":{"line":282,"column":20}},"loc":{"start":{"line":282,"column":28},"end":{"line":282,"column":123}},"line":282},"22":{"name":"groupBy","decl":{"start":{"line":283,"column":13},"end":{"line":283,"column":20}},"loc":{"start":{"line":283,"column":31},"end":{"line":288,"column":5}},"line":283},"23":{"name":"(anonymous_23)","decl":{"start":{"line":284,"column":23},"end":{"line":284,"column":24}},"loc":{"start":{"line":284,"column":40},"end":{"line":287,"column":7}},"line":284},"24":{"name":"(anonymous_24)","decl":{"start":{"line":291,"column":53},"end":{"line":291,"column":54}},"loc":{"start":{"line":291,"column":64},"end":{"line":308,"column":5}},"line":291},"25":{"name":"(anonymous_25)","decl":{"start":{"line":293,"column":36},"end":{"line":293,"column":37}},"loc":{"start":{"line":293,"column":41},"end":{"line":293,"column":124}},"line":293},"26":{"name":"(anonymous_26)","decl":{"start":{"line":300,"column":38},"end":{"line":300,"column":39}},"loc":{"start":{"line":300,"column":43},"end":{"line":300,"column":102}},"line":300},"27":{"name":"(anonymous_27)","decl":{"start":{"line":302,"column":36},"end":{"line":302,"column":37}},"loc":{"start":{"line":302,"column":43},"end":{"line":302,"column":60}},"line":302},"28":{"name":"(anonymous_28)","decl":{"start":{"line":302,"column":70},"end":{"line":302,"column":71}},"loc":{"start":{"line":302,"column":81},"end":{"line":305,"column":7}},"line":302},"29":{"name":"(anonymous_29)","decl":{"start":{"line":322,"column":2},"end":{"line":322,"column":3}},"loc":{"start":{"line":322,"column":53},"end":{"line":370,"column":3}},"line":322},"30":{"name":"liteVerify","decl":{"start":{"line":323,"column":13},"end":{"line":323,"column":23}},"loc":{"start":{"line":323,"column":39},"end":{"line":337,"column":5}},"line":323},"31":{"name":"(anonymous_31)","decl":{"start":{"line":328,"column":56},"end":{"line":328,"column":57}},"loc":{"start":{"line":328,"column":69},"end":{"line":331,"column":7}},"line":328},"32":{"name":"(anonymous_32)","decl":{"start":{"line":331,"column":14},"end":{"line":331,"column":15}},"loc":{"start":{"line":331,"column":29},"end":{"line":334,"column":7}},"line":331},"33":{"name":"(anonymous_33)","decl":{"start":{"line":334,"column":15},"end":{"line":334,"column":16}},"loc":{"start":{"line":334,"column":22},"end":{"line":336,"column":7}},"line":334},"34":{"name":"(anonymous_34)","decl":{"start":{"line":340,"column":25},"end":{"line":340,"column":26}},"loc":{"start":{"line":340,"column":46},"end":{"line":340,"column":89}},"line":340},"35":{"name":"(anonymous_35)","decl":{"start":{"line":342,"column":25},"end":{"line":342,"column":26}},"loc":{"start":{"line":342,"column":46},"end":{"line":342,"column":89}},"line":342},"36":{"name":"(anonymous_36)","decl":{"start":{"line":349,"column":14},"end":{"line":349,"column":15}},"loc":{"start":{"line":349,"column":28},"end":{"line":352,"column":9}},"line":349},"37":{"name":"(anonymous_37)","decl":{"start":{"line":352,"column":16},"end":{"line":352,"column":17}},"loc":{"start":{"line":352,"column":31},"end":{"line":359,"column":9}},"line":352},"38":{"name":"(anonymous_38)","decl":{"start":{"line":359,"column":17},"end":{"line":359,"column":18}},"loc":{"start":{"line":359,"column":26},"end":{"line":365,"column":9}},"line":359},"39":{"name":"(anonymous_39)","decl":{"start":{"line":368,"column":25},"end":{"line":368,"column":26}},"loc":{"start":{"line":368,"column":46},"end":{"line":368,"column":90}},"line":368},"40":{"name":"(anonymous_40)","decl":{"start":{"line":380,"column":2},"end":{"line":380,"column":3}},"loc":{"start":{"line":380,"column":30},"end":{"line":387,"column":3}},"line":380},"41":{"name":"(anonymous_41)","decl":{"start":{"line":382,"column":67},"end":{"line":382,"column":68}},"loc":{"start":{"line":382,"column":78},"end":{"line":386,"column":5}},"line":382},"42":{"name":"(anonymous_42)","decl":{"start":{"line":397,"column":2},"end":{"line":397,"column":3}},"loc":{"start":{"line":397,"column":40},"end":{"line":452,"column":3}},"line":397},"43":{"name":"(anonymous_43)","decl":{"start":{"line":409,"column":41},"end":{"line":409,"column":42}},"loc":{"start":{"line":409,"column":53},"end":{"line":436,"column":5}},"line":409},"44":{"name":"(anonymous_44)","decl":{"start":{"line":410,"column":36},"end":{"line":410,"column":37}},"loc":{"start":{"line":410,"column":51},"end":{"line":435,"column":7}},"line":410},"45":{"name":"(anonymous_45)","decl":{"start":{"line":429,"column":28},"end":{"line":429,"column":29}},"loc":{"start":{"line":429,"column":43},"end":{"line":433,"column":11}},"line":429},"46":{"name":"(anonymous_46)","decl":{"start":{"line":439,"column":12},"end":{"line":439,"column":13}},"loc":{"start":{"line":439,"column":23},"end":{"line":448,"column":7}},"line":439},"47":{"name":"(anonymous_47)","decl":{"start":{"line":441,"column":24},"end":{"line":441,"column":25}},"loc":{"start":{"line":441,"column":34},"end":{"line":446,"column":9}},"line":441},"48":{"name":"(anonymous_48)","decl":{"start":{"line":448,"column":15},"end":{"line":448,"column":16}},"loc":{"start":{"line":448,"column":22},"end":{"line":451,"column":7}},"line":448},"49":{"name":"(anonymous_49)","decl":{"start":{"line":461,"column":2},"end":{"line":461,"column":3}},"loc":{"start":{"line":461,"column":70},"end":{"line":490,"column":3}},"line":461},"50":{"name":"(anonymous_50)","decl":{"start":{"line":462,"column":50},"end":{"line":462,"column":51}},"loc":{"start":{"line":462,"column":67},"end":{"line":486,"column":5}},"line":462},"51":{"name":"(anonymous_51)","decl":{"start":{"line":472,"column":65},"end":{"line":472,"column":66}},"loc":{"start":{"line":472,"column":70},"end":{"line":472,"column":98}},"line":472},"52":{"name":"(anonymous_52)","decl":{"start":{"line":486,"column":13},"end":{"line":486,"column":14}},"loc":{"start":{"line":486,"column":20},"end":{"line":489,"column":5}},"line":486}},"branchMap":{"0":{"loc":{"start":{"line":33,"column":4},"end":{"line":36,"column":5}},"type":"if","locations":[{"start":{"line":33,"column":4},"end":{"line":36,"column":5}},{"start":{"line":33,"column":4},"end":{"line":36,"column":5}}],"line":33},"1":{"loc":{"start":{"line":33,"column":8},"end":{"line":33,"column":80}},"type":"binary-expr","locations":[{"start":{"line":33,"column":9},"end":{"line":33,"column":31}},{"start":{"line":33,"column":36},"end":{"line":33,"column":80}}],"line":33},"2":{"loc":{"start":{"line":44,"column":6},"end":{"line":46,"column":7}},"type":"if","locations":[{"start":{"line":44,"column":6},"end":{"line":46,"column":7}},{"start":{"line":44,"column":6},"end":{"line":46,"column":7}}],"line":44},"3":{"loc":{"start":{"line":44,"column":10},"end":{"line":44,"column":50}},"type":"binary-expr","locations":[{"start":{"line":44,"column":10},"end":{"line":44,"column":31}},{"start":{"line":44,"column":35},"end":{"line":44,"column":50}}],"line":44},"4":{"loc":{"start":{"line":62,"column":4},"end":{"line":66,"column":5}},"type":"if","locations":[{"start":{"line":62,"column":4},"end":{"line":66,"column":5}},{"start":{"line":62,"column":4},"end":{"line":66,"column":5}}],"line":62},"5":{"loc":{"start":{"line":70,"column":4},"end":{"line":87,"column":5}},"type":"if","locations":[{"start":{"line":70,"column":4},"end":{"line":87,"column":5}},{"start":{"line":70,"column":4},"end":{"line":87,"column":5}}],"line":70},"6":{"loc":{"start":{"line":109,"column":19},"end":{"line":109,"column":31}},"type":"default-arg","locations":[{"start":{"line":109,"column":29},"end":{"line":109,"column":31}}],"line":109},"7":{"loc":{"start":{"line":112,"column":4},"end":{"line":118,"column":5}},"type":"if","locations":[{"start":{"line":112,"column":4},"end":{"line":118,"column":5}},{"start":{"line":112,"column":4},"end":{"line":118,"column":5}}],"line":112},"8":{"loc":{"start":{"line":114,"column":11},"end":{"line":118,"column":5}},"type":"if","locations":[{"start":{"line":114,"column":11},"end":{"line":118,"column":5}},{"start":{"line":114,"column":11},"end":{"line":118,"column":5}}],"line":114},"9":{"loc":{"start":{"line":122,"column":4},"end":{"line":124,"column":5}},"type":"if","locations":[{"start":{"line":122,"column":4},"end":{"line":124,"column":5}},{"start":{"line":122,"column":4},"end":{"line":124,"column":5}}],"line":122},"10":{"loc":{"start":{"line":126,"column":4},"end":{"line":154,"column":5}},"type":"if","locations":[{"start":{"line":126,"column":4},"end":{"line":154,"column":5}},{"start":{"line":126,"column":4},"end":{"line":154,"column":5}}],"line":126},"11":{"loc":{"start":{"line":126,"column":8},"end":{"line":126,"column":69}},"type":"binary-expr","locations":[{"start":{"line":126,"column":8},"end":{"line":126,"column":32}},{"start":{"line":126,"column":36},"end":{"line":126,"column":69}}],"line":126},"12":{"loc":{"start":{"line":129,"column":6},"end":{"line":136,"column":7}},"type":"if","locations":[{"start":{"line":129,"column":6},"end":{"line":136,"column":7}},{"start":{"line":129,"column":6},"end":{"line":136,"column":7}}],"line":129},"13":{"loc":{"start":{"line":129,"column":10},"end":{"line":129,"column":39}},"type":"binary-expr","locations":[{"start":{"line":129,"column":10},"end":{"line":129,"column":20}},{"start":{"line":129,"column":24},"end":{"line":129,"column":39}}],"line":129},"14":{"loc":{"start":{"line":131,"column":13},"end":{"line":136,"column":7}},"type":"if","locations":[{"start":{"line":131,"column":13},"end":{"line":136,"column":7}},{"start":{"line":131,"column":13},"end":{"line":136,"column":7}}],"line":131},"15":{"loc":{"start":{"line":131,"column":17},"end":{"line":131,"column":70}},"type":"binary-expr","locations":[{"start":{"line":131,"column":17},"end":{"line":131,"column":30}},{"start":{"line":131,"column":34},"end":{"line":131,"column":70}}],"line":131},"16":{"loc":{"start":{"line":140,"column":6},"end":{"line":142,"column":7}},"type":"if","locations":[{"start":{"line":140,"column":6},"end":{"line":142,"column":7}},{"start":{"line":140,"column":6},"end":{"line":142,"column":7}}],"line":140},"17":{"loc":{"start":{"line":140,"column":10},"end":{"line":140,"column":62}},"type":"binary-expr","locations":[{"start":{"line":140,"column":10},"end":{"line":140,"column":28}},{"start":{"line":140,"column":32},"end":{"line":140,"column":62}}],"line":140},"18":{"loc":{"start":{"line":143,"column":6},"end":{"line":153,"column":7}},"type":"if","locations":[{"start":{"line":143,"column":6},"end":{"line":153,"column":7}},{"start":{"line":143,"column":6},"end":{"line":153,"column":7}}],"line":143},"19":{"loc":{"start":{"line":143,"column":10},"end":{"line":143,"column":39}},"type":"binary-expr","locations":[{"start":{"line":143,"column":10},"end":{"line":143,"column":20}},{"start":{"line":143,"column":24},"end":{"line":143,"column":39}}],"line":143},"20":{"loc":{"start":{"line":145,"column":8},"end":{"line":147,"column":9}},"type":"if","locations":[{"start":{"line":145,"column":8},"end":{"line":147,"column":9}},{"start":{"line":145,"column":8},"end":{"line":147,"column":9}}],"line":145},"21":{"loc":{"start":{"line":148,"column":13},"end":{"line":153,"column":7}},"type":"if","locations":[{"start":{"line":148,"column":13},"end":{"line":153,"column":7}},{"start":{"line":148,"column":13},"end":{"line":153,"column":7}}],"line":148},"22":{"loc":{"start":{"line":148,"column":17},"end":{"line":148,"column":70}},"type":"binary-expr","locations":[{"start":{"line":148,"column":17},"end":{"line":148,"column":30}},{"start":{"line":148,"column":34},"end":{"line":148,"column":70}}],"line":148},"23":{"loc":{"start":{"line":158,"column":6},"end":{"line":160,"column":7}},"type":"if","locations":[{"start":{"line":158,"column":6},"end":{"line":160,"column":7}},{"start":{"line":158,"column":6},"end":{"line":160,"column":7}}],"line":158},"24":{"loc":{"start":{"line":174,"column":4},"end":{"line":180,"column":5}},"type":"if","locations":[{"start":{"line":174,"column":4},"end":{"line":180,"column":5}},{"start":{"line":174,"column":4},"end":{"line":180,"column":5}}],"line":174},"25":{"loc":{"start":{"line":181,"column":4},"end":{"line":188,"column":5}},"type":"if","locations":[{"start":{"line":181,"column":4},"end":{"line":188,"column":5}},{"start":{"line":181,"column":4},"end":{"line":188,"column":5}}],"line":181},"26":{"loc":{"start":{"line":194,"column":23},"end":{"line":194,"column":63}},"type":"binary-expr","locations":[{"start":{"line":194,"column":23},"end":{"line":194,"column":44}},{"start":{"line":194,"column":48},"end":{"line":194,"column":63}}],"line":194},"27":{"loc":{"start":{"line":216,"column":6},"end":{"line":219,"column":7}},"type":"if","locations":[{"start":{"line":216,"column":6},"end":{"line":219,"column":7}},{"start":{"line":216,"column":6},"end":{"line":219,"column":7}}],"line":216},"28":{"loc":{"start":{"line":250,"column":4},"end":{"line":256,"column":5}},"type":"if","locations":[{"start":{"line":250,"column":4},"end":{"line":256,"column":5}},{"start":{"line":250,"column":4},"end":{"line":256,"column":5}}],"line":250},"29":{"loc":{"start":{"line":282,"column":37},"end":{"line":282,"column":121}},"type":"cond-expr","locations":[{"start":{"line":282,"column":73},"end":{"line":282,"column":75}},{"start":{"line":282,"column":79},"end":{"line":282,"column":120}}],"line":282},"30":{"loc":{"start":{"line":282,"column":79},"end":{"line":282,"column":120}},"type":"cond-expr","locations":[{"start":{"line":282,"column":115},"end":{"line":282,"column":116}},{"start":{"line":282,"column":119},"end":{"line":282,"column":120}}],"line":282},"31":{"loc":{"start":{"line":285,"column":22},"end":{"line":285,"column":38}},"type":"binary-expr","locations":[{"start":{"line":285,"column":22},"end":{"line":285,"column":32}},{"start":{"line":285,"column":36},"end":{"line":285,"column":38}}],"line":285},"32":{"loc":{"start":{"line":293,"column":43},"end":{"line":293,"column":122}},"type":"if","locations":[{"start":{"line":293,"column":43},"end":{"line":293,"column":122}},{"start":{"line":293,"column":43},"end":{"line":293,"column":122}}],"line":293},"33":{"loc":{"start":{"line":294,"column":6},"end":{"line":296,"column":7}},"type":"if","locations":[{"start":{"line":294,"column":6},"end":{"line":296,"column":7}},{"start":{"line":294,"column":6},"end":{"line":296,"column":7}}],"line":294},"34":{"loc":{"start":{"line":300,"column":45},"end":{"line":300,"column":100}},"type":"if","locations":[{"start":{"line":300,"column":45},"end":{"line":300,"column":100}},{"start":{"line":300,"column":45},"end":{"line":300,"column":100}}],"line":300},"35":{"loc":{"start":{"line":322,"column":39},"end":{"line":322,"column":51}},"type":"default-arg","locations":[{"start":{"line":322,"column":49},"end":{"line":322,"column":51}}],"line":322},"36":{"loc":{"start":{"line":323,"column":25},"end":{"line":323,"column":37}},"type":"default-arg","locations":[{"start":{"line":323,"column":35},"end":{"line":323,"column":37}}],"line":323},"37":{"loc":{"start":{"line":326,"column":22},"end":{"line":326,"column":63}},"type":"cond-expr","locations":[{"start":{"line":326,"column":38},"end":{"line":326,"column":51}},{"start":{"line":326,"column":54},"end":{"line":326,"column":63}}],"line":326},"38":{"loc":{"start":{"line":339,"column":4},"end":{"line":369,"column":5}},"type":"if","locations":[{"start":{"line":339,"column":4},"end":{"line":369,"column":5}},{"start":{"line":339,"column":4},"end":{"line":369,"column":5}}],"line":339},"39":{"loc":{"start":{"line":341,"column":11},"end":{"line":369,"column":5}},"type":"if","locations":[{"start":{"line":341,"column":11},"end":{"line":369,"column":5}},{"start":{"line":341,"column":11},"end":{"line":369,"column":5}}],"line":341},"40":{"loc":{"start":{"line":343,"column":11},"end":{"line":369,"column":5}},"type":"if","locations":[{"start":{"line":343,"column":11},"end":{"line":369,"column":5}},{"start":{"line":343,"column":11},"end":{"line":369,"column":5}}],"line":343},"41":{"loc":{"start":{"line":344,"column":6},"end":{"line":346,"column":7}},"type":"if","locations":[{"start":{"line":344,"column":6},"end":{"line":346,"column":7}},{"start":{"line":344,"column":6},"end":{"line":346,"column":7}}],"line":344},"42":{"loc":{"start":{"line":345,"column":26},"end":{"line":345,"column":64}},"type":"cond-expr","locations":[{"start":{"line":345,"column":44},"end":{"line":345,"column":59}},{"start":{"line":345,"column":62},"end":{"line":345,"column":64}}],"line":345},"43":{"loc":{"start":{"line":360,"column":10},"end":{"line":363,"column":11}},"type":"if","locations":[{"start":{"line":360,"column":10},"end":{"line":363,"column":11}},{"start":{"line":360,"column":10},"end":{"line":363,"column":11}}],"line":360},"44":{"loc":{"start":{"line":362,"column":30},"end":{"line":362,"column":68}},"type":"cond-expr","locations":[{"start":{"line":362,"column":48},"end":{"line":362,"column":63}},{"start":{"line":362,"column":66},"end":{"line":362,"column":68}}],"line":362},"45":{"loc":{"start":{"line":366,"column":11},"end":{"line":369,"column":5}},"type":"if","locations":[{"start":{"line":366,"column":11},"end":{"line":369,"column":5}},{"start":{"line":366,"column":11},"end":{"line":369,"column":5}}],"line":366},"46":{"loc":{"start":{"line":402,"column":4},"end":{"line":404,"column":5}},"type":"if","locations":[{"start":{"line":402,"column":4},"end":{"line":404,"column":5}},{"start":{"line":402,"column":4},"end":{"line":404,"column":5}}],"line":402},"47":{"loc":{"start":{"line":405,"column":4},"end":{"line":407,"column":5}},"type":"if","locations":[{"start":{"line":405,"column":4},"end":{"line":407,"column":5}},{"start":{"line":405,"column":4},"end":{"line":407,"column":5}}],"line":405},"48":{"loc":{"start":{"line":411,"column":8},"end":{"line":434,"column":9}},"type":"if","locations":[{"start":{"line":411,"column":8},"end":{"line":434,"column":9}},{"start":{"line":411,"column":8},"end":{"line":434,"column":9}}],"line":411},"49":{"loc":{"start":{"line":413,"column":10},"end":{"line":415,"column":11}},"type":"if","locations":[{"start":{"line":413,"column":10},"end":{"line":415,"column":11}},{"start":{"line":413,"column":10},"end":{"line":415,"column":11}}],"line":413},"50":{"loc":{"start":{"line":417,"column":10},"end":{"line":426,"column":11}},"type":"if","locations":[{"start":{"line":417,"column":10},"end":{"line":426,"column":11}},{"start":{"line":417,"column":10},"end":{"line":426,"column":11}}],"line":417},"51":{"loc":{"start":{"line":417,"column":14},"end":{"line":417,"column":63}},"type":"binary-expr","locations":[{"start":{"line":417,"column":14},"end":{"line":417,"column":31}},{"start":{"line":417,"column":35},"end":{"line":417,"column":63}}],"line":417},"52":{"loc":{"start":{"line":421,"column":12},"end":{"line":425,"column":13}},"type":"if","locations":[{"start":{"line":421,"column":12},"end":{"line":425,"column":13}},{"start":{"line":421,"column":12},"end":{"line":425,"column":13}}],"line":421},"53":{"loc":{"start":{"line":442,"column":10},"end":{"line":445,"column":11}},"type":"if","locations":[{"start":{"line":442,"column":10},"end":{"line":445,"column":11}},{"start":{"line":442,"column":10},"end":{"line":445,"column":11}}],"line":442},"54":{"loc":{"start":{"line":442,"column":14},"end":{"line":442,"column":64}},"type":"binary-expr","locations":[{"start":{"line":442,"column":14},"end":{"line":442,"column":34}},{"start":{"line":442,"column":38},"end":{"line":442,"column":64}}],"line":442},"55":{"loc":{"start":{"line":466,"column":6},"end":{"line":469,"column":7}},"type":"if","locations":[{"start":{"line":466,"column":6},"end":{"line":469,"column":7}},{"start":{"line":466,"column":6},"end":{"line":469,"column":7}}],"line":466},"56":{"loc":{"start":{"line":473,"column":6},"end":{"line":484,"column":7}},"type":"if","locations":[{"start":{"line":473,"column":6},"end":{"line":484,"column":7}},{"start":{"line":473,"column":6},"end":{"line":484,"column":7}}],"line":473}},"s":{"0":1,"1":1,"2":1,"3":1,"4":1,"5":1,"6":1,"7":1,"8":1,"9":1,"10":1,"11":1,"12":7,"13":0,"14":0,"15":7,"16":7,"17":7,"18":7,"19":7,"20":7,"21":0,"22":7,"23":0,"24":0,"25":0,"26":0,"27":0,"28":0,"29":0,"30":0,"31":0,"32":0,"33":0,"34":0,"35":0,"36":0,"37":0,"38":0,"39":0,"40":0,"41":0,"42":0,"43":0,"44":0,"45":0,"46":0,"47":4,"48":3,"49":1,"50":1,"51":0,"52":0,"53":4,"54":4,"55":0,"56":0,"57":4,"58":0,"59":0,"60":0,"61":0,"62":0,"63":0,"64":0,"65":4,"66":4,"67":4,"68":4,"69":4,"70":4,"71":4,"72":0,"73":0,"74":0,"75":0,"76":4,"77":4,"78":0,"79":4,"80":4,"81":4,"82":16,"83":16,"84":16,"85":4,"86":4,"87":0,"88":0,"89":0,"90":0,"91":4,"92":4,"93":16,"94":16,"95":4,"96":4,"97":4,"98":5,"99":0,"100":0,"101":5,"102":5,"103":5,"104":5,"105":5,"106":0,"107":4,"108":4,"109":0,"110":0,"111":0,"112":0,"113":0,"114":0,"115":0,"116":0,"117":0,"118":0,"119":0,"120":0,"121":0,"122":0,"123":0,"124":0,"125":0,"126":0,"127":0,"128":0,"129":0,"130":0,"131":0,"132":0,"133":0,"134":0,"135":0,"136":0,"137":0,"138":0,"139":0,"140":0,"141":0,"142":0,"143":0,"144":0,"145":0,"146":0,"147":0,"148":0,"149":0,"150":0,"151":0,"152":0,"153":0,"154":0,"155":0,"156":0,"157":0,"158":0,"159":0,"160":0,"161":0,"162":0,"163":0,"164":0,"165":0,"166":0,"167":0,"168":0,"169":0,"170":0,"171":7,"172":7,"173":7,"174":7,"175":7,"176":7,"177":7,"178":7,"179":7,"180":7,"181":12,"182":12,"183":8,"184":0,"185":8,"186":8,"187":0,"188":0,"189":8,"190":8,"191":0,"192":8,"193":8,"194":8,"195":8,"196":7,"197":7,"198":7,"199":8,"200":4,"201":4,"202":7,"203":0,"204":0,"205":8,"206":4,"207":4,"208":4,"209":4,"210":4,"211":4,"212":4,"213":4,"214":0,"215":4,"216":4},"f":{"0":7,"1":0,"2":4,"3":0,"4":0,"5":0,"6":0,"7":4,"8":4,"9":16,"10":0,"11":4,"12":16,"13":16,"14":4,"15":5,"16":0,"17":0,"18":0,"19":0,"20":0,"21":0,"22":0,"23":0,"24":0,"25":0,"26":0,"27":0,"28":0,"29":0,"30":0,"31":0,"32":0,"33":0,"34":0,"35":0,"36":0,"37":0,"38":0,"39":0,"40":7,"41":7,"42":7,"43":12,"44":12,"45":8,"46":7,"47":8,"48":0,"49":8,"50":4,"51":4,"52":4},"b":{"0":[0,7],"1":[7,7],"2":[0,7],"3":[7,0],"4":[0,0],"5":[0,0],"6":[4],"7":[3,1],"8":[1,0],"9":[0,4],"10":[0,4],"11":[4,0],"12":[0,0],"13":[0,0],"14":[0,0],"15":[0,0],"16":[4,0],"17":[4,0],"18":[4,0],"19":[4,0],"20":[4,0],"21":[0,0],"22":[0,0],"23":[0,4],"24":[4,0],"25":[4,0],"26":[16,16],"27":[0,5],"28":[0,0],"29":[0,0],"30":[0,0],"31":[0,0],"32":[0,0],"33":[0,0],"34":[0,0],"35":[0],"36":[0],"37":[0,0],"38":[0,0],"39":[0,0],"40":[0,0],"41":[0,0],"42":[0,0],"43":[0,0],"44":[0,0],"45":[0,0],"46":[7,0],"47":[7,0],"48":[8,4],"49":[0,8],"50":[0,8],"51":[8,0],"52":[8,0],"53":[4,4],"54":[8,8],"55":[4,0],"56":[4,0]},"_coverageSchema":"43e27e138ebf9cfc5966b082cf9a028302ed4184","hash":"cf6484b767743666e54521e76f32644970cce3e6","contentHash":"e5a271a24121d74ddc785b5dce56a28ee90262e61381188146053f090f6d486c"},"/home/casatta/git/javascript-opentimestamps/src/context.js":{"path":"/home/casatta/git/javascript-opentimestamps/src/context.js","statementMap":{"0":{"start":{"line":9,"column":0},"end":{"line":9,"column":28}},"1":{"start":{"line":10,"column":14},"end":{"line":10,"column":35}},"2":{"start":{"line":13,"column":19},"end":{"line":13,"column":45}},"3":{"start":{"line":14,"column":18},"end":{"line":14,"column":43}},"4":{"start":{"line":16,"column":29},"end":{"line":16,"column":65}},"5":{"start":{"line":18,"column":22},"end":{"line":18,"column":66}},"6":{"start":{"line":20,"column":32},"end":{"line":20,"column":71}},"7":{"start":{"line":22,"column":24},"end":{"line":22,"column":70}},"8":{"start":{"line":26,"column":29},"end":{"line":26,"column":80}},"9":{"start":{"line":30,"column":28},"end":{"line":30,"column":78}},"10":{"start":{"line":32,"column":28},"end":{"line":32,"column":67}},"11":{"start":{"line":34,"column":29},"end":{"line":34,"column":70}},"12":{"start":{"line":39,"column":4},"end":{"line":39,"column":20}},"13":{"start":{"line":40,"column":4},"end":{"line":54,"column":5}},"14":{"start":{"line":41,"column":6},"end":{"line":41,"column":26}},"15":{"start":{"line":42,"column":11},"end":{"line":54,"column":5}},"16":{"start":{"line":43,"column":6},"end":{"line":43,"column":26}},"17":{"start":{"line":44,"column":11},"end":{"line":54,"column":5}},"18":{"start":{"line":45,"column":6},"end":{"line":45,"column":26}},"19":{"start":{"line":46,"column":11},"end":{"line":54,"column":5}},"20":{"start":{"line":47,"column":6},"end":{"line":47,"column":49}},"21":{"start":{"line":48,"column":11},"end":{"line":54,"column":5}},"22":{"start":{"line":49,"column":6},"end":{"line":49,"column":49}},"23":{"start":{"line":50,"column":11},"end":{"line":54,"column":5}},"24":{"start":{"line":53,"column":6},"end":{"line":53,"column":39}},"25":{"start":{"line":55,"column":4},"end":{"line":55,"column":20}},"26":{"start":{"line":59,"column":4},"end":{"line":59,"column":22}},"27":{"start":{"line":63,"column":4},"end":{"line":63,"column":23}},"28":{"start":{"line":67,"column":4},"end":{"line":69,"column":5}},"29":{"start":{"line":68,"column":6},"end":{"line":68,"column":22}},"30":{"start":{"line":70,"column":4},"end":{"line":72,"column":5}},"31":{"start":{"line":71,"column":6},"end":{"line":71,"column":28}},"32":{"start":{"line":73,"column":23},"end":{"line":73,"column":72}},"33":{"start":{"line":74,"column":4},"end":{"line":74,"column":21}},"34":{"start":{"line":75,"column":4},"end":{"line":75,"column":21}},"35":{"start":{"line":79,"column":4},"end":{"line":81,"column":5}},"36":{"start":{"line":80,"column":6},"end":{"line":80,"column":28}},"37":{"start":{"line":82,"column":23},"end":{"line":82,"column":72}},"38":{"start":{"line":83,"column":4},"end":{"line":83,"column":21}},"39":{"start":{"line":84,"column":4},"end":{"line":84,"column":33}},"40":{"start":{"line":88,"column":14},"end":{"line":88,"column":29}},"41":{"start":{"line":89,"column":4},"end":{"line":93,"column":5}},"42":{"start":{"line":90,"column":6},"end":{"line":90,"column":17}},"43":{"start":{"line":91,"column":11},"end":{"line":93,"column":5}},"44":{"start":{"line":92,"column":6},"end":{"line":92,"column":18}},"45":{"start":{"line":94,"column":4},"end":{"line":94,"column":82}},"46":{"start":{"line":98,"column":16},"end":{"line":98,"column":17}},"47":{"start":{"line":99,"column":16},"end":{"line":99,"column":17}},"48":{"start":{"line":101,"column":4},"end":{"line":105,"column":28}},"49":{"start":{"line":102,"column":6},"end":{"line":102,"column":25}},"50":{"start":{"line":103,"column":6},"end":{"line":103,"column":40}},"51":{"start":{"line":104,"column":6},"end":{"line":104,"column":16}},"52":{"start":{"line":106,"column":4},"end":{"line":106,"column":16}},"53":{"start":{"line":110,"column":4},"end":{"line":112,"column":5}},"54":{"start":{"line":111,"column":6},"end":{"line":111,"column":42}},"55":{"start":{"line":113,"column":4},"end":{"line":113,"column":36}},"56":{"start":{"line":117,"column":14},"end":{"line":117,"column":32}},"57":{"start":{"line":118,"column":4},"end":{"line":122,"column":5}},"58":{"start":{"line":119,"column":6},"end":{"line":119,"column":91}},"59":{"start":{"line":120,"column":11},"end":{"line":122,"column":5}},"60":{"start":{"line":121,"column":6},"end":{"line":121,"column":90}},"61":{"start":{"line":123,"column":4},"end":{"line":123,"column":23}},"62":{"start":{"line":127,"column":24},"end":{"line":127,"column":55}},"63":{"start":{"line":128,"column":4},"end":{"line":130,"column":5}},"64":{"start":{"line":129,"column":6},"end":{"line":129,"column":57}},"65":{"start":{"line":134,"column":19},"end":{"line":134,"column":44}},"66":{"start":{"line":135,"column":4},"end":{"line":137,"column":5}},"67":{"start":{"line":136,"column":6},"end":{"line":136,"column":93}},"68":{"start":{"line":141,"column":4},"end":{"line":141,"column":31}},"69":{"start":{"line":148,"column":4},"end":{"line":148,"column":42}},"70":{"start":{"line":149,"column":4},"end":{"line":149,"column":19}},"71":{"start":{"line":153,"column":19},"end":{"line":153,"column":52}},"72":{"start":{"line":154,"column":4},"end":{"line":154,"column":17}},"73":{"start":{"line":158,"column":4},"end":{"line":158,"column":22}},"74":{"start":{"line":162,"column":4},"end":{"line":168,"column":5}},"75":{"start":{"line":163,"column":6},"end":{"line":163,"column":26}},"76":{"start":{"line":164,"column":11},"end":{"line":168,"column":5}},"77":{"start":{"line":165,"column":6},"end":{"line":165,"column":26}},"78":{"start":{"line":167,"column":6},"end":{"line":167,"column":65}},"79":{"start":{"line":172,"column":4},"end":{"line":186,"column":5}},"80":{"start":{"line":173,"column":6},"end":{"line":173,"column":23}},"81":{"start":{"line":175,"column":6},"end":{"line":185,"column":7}},"82":{"start":{"line":176,"column":16},"end":{"line":176,"column":34}},"83":{"start":{"line":177,"column":8},"end":{"line":179,"column":9}},"84":{"start":{"line":178,"column":10},"end":{"line":178,"column":25}},"85":{"start":{"line":180,"column":8},"end":{"line":180,"column":25}},"86":{"start":{"line":181,"column":8},"end":{"line":183,"column":9}},"87":{"start":{"line":182,"column":10},"end":{"line":182,"column":15}},"88":{"start":{"line":184,"column":8},"end":{"line":184,"column":19}},"89":{"start":{"line":190,"column":4},"end":{"line":195,"column":5}},"90":{"start":{"line":191,"column":24},"end":{"line":191,"column":39}},"91":{"start":{"line":192,"column":25},"end":{"line":192,"column":50}},"92":{"start":{"line":193,"column":6},"end":{"line":193,"column":36}},"93":{"start":{"line":194,"column":6},"end":{"line":194,"column":30}},"94":{"start":{"line":197,"column":4},"end":{"line":201,"column":5}},"95":{"start":{"line":198,"column":6},"end":{"line":198,"column":52}},"96":{"start":{"line":200,"column":6},"end":{"line":200,"column":38}},"97":{"start":{"line":202,"column":4},"end":{"line":202,"column":17}},"98":{"start":{"line":206,"column":4},"end":{"line":208,"column":6}},"99":{"start":{"line":207,"column":6},"end":{"line":207,"column":23}},"100":{"start":{"line":212,"column":4},"end":{"line":212,"column":35}},"101":{"start":{"line":213,"column":4},"end":{"line":213,"column":26}},"102":{"start":{"line":217,"column":4},"end":{"line":217,"column":31}},"103":{"start":{"line":221,"column":0},"end":{"line":234,"column":1}}},"fnMap":{"0":{"name":"(anonymous_0)","decl":{"start":{"line":38,"column":2},"end":{"line":38,"column":3}},"loc":{"start":{"line":38,"column":23},"end":{"line":56,"column":3}},"line":38},"1":{"name":"(anonymous_1)","decl":{"start":{"line":58,"column":2},"end":{"line":58,"column":3}},"loc":{"start":{"line":58,"column":15},"end":{"line":60,"column":3}},"line":58},"2":{"name":"(anonymous_2)","decl":{"start":{"line":62,"column":2},"end":{"line":62,"column":3}},"loc":{"start":{"line":62,"column":16},"end":{"line":64,"column":3}},"line":62},"3":{"name":"(anonymous_3)","decl":{"start":{"line":66,"column":2},"end":{"line":66,"column":3}},"loc":{"start":{"line":66,"column":17},"end":{"line":76,"column":3}},"line":66},"4":{"name":"(anonymous_4)","decl":{"start":{"line":78,"column":2},"end":{"line":78,"column":3}},"loc":{"start":{"line":78,"column":11},"end":{"line":85,"column":3}},"line":78},"5":{"name":"(anonymous_5)","decl":{"start":{"line":87,"column":2},"end":{"line":87,"column":3}},"loc":{"start":{"line":87,"column":14},"end":{"line":95,"column":3}},"line":87},"6":{"name":"(anonymous_6)","decl":{"start":{"line":97,"column":2},"end":{"line":97,"column":3}},"loc":{"start":{"line":97,"column":17},"end":{"line":107,"column":3}},"line":97},"7":{"name":"(anonymous_7)","decl":{"start":{"line":109,"column":2},"end":{"line":109,"column":3}},"loc":{"start":{"line":109,"column":29},"end":{"line":114,"column":3}},"line":109},"8":{"name":"(anonymous_8)","decl":{"start":{"line":116,"column":2},"end":{"line":116,"column":3}},"loc":{"start":{"line":116,"column":36},"end":{"line":124,"column":3}},"line":116},"9":{"name":"(anonymous_9)","decl":{"start":{"line":126,"column":2},"end":{"line":126,"column":3}},"loc":{"start":{"line":126,"column":30},"end":{"line":131,"column":3}},"line":126},"10":{"name":"(anonymous_10)","decl":{"start":{"line":133,"column":2},"end":{"line":133,"column":3}},"loc":{"start":{"line":133,"column":15},"end":{"line":138,"column":3}},"line":133},"11":{"name":"(anonymous_11)","decl":{"start":{"line":140,"column":2},"end":{"line":140,"column":3}},"loc":{"start":{"line":140,"column":14},"end":{"line":142,"column":3}},"line":140},"12":{"name":"(anonymous_12)","decl":{"start":{"line":147,"column":2},"end":{"line":147,"column":3}},"loc":{"start":{"line":147,"column":17},"end":{"line":150,"column":3}},"line":147},"13":{"name":"(anonymous_13)","decl":{"start":{"line":152,"column":2},"end":{"line":152,"column":3}},"loc":{"start":{"line":152,"column":15},"end":{"line":155,"column":3}},"line":152},"14":{"name":"(anonymous_14)","decl":{"start":{"line":157,"column":2},"end":{"line":157,"column":3}},"loc":{"start":{"line":157,"column":15},"end":{"line":159,"column":3}},"line":157},"15":{"name":"(anonymous_15)","decl":{"start":{"line":161,"column":2},"end":{"line":161,"column":3}},"loc":{"start":{"line":161,"column":20},"end":{"line":169,"column":3}},"line":161},"16":{"name":"(anonymous_16)","decl":{"start":{"line":171,"column":2},"end":{"line":171,"column":3}},"loc":{"start":{"line":171,"column":23},"end":{"line":187,"column":3}},"line":171},"17":{"name":"(anonymous_17)","decl":{"start":{"line":189,"column":2},"end":{"line":189,"column":3}},"loc":{"start":{"line":189,"column":20},"end":{"line":203,"column":3}},"line":189},"18":{"name":"(anonymous_18)","decl":{"start":{"line":205,"column":2},"end":{"line":205,"column":3}},"loc":{"start":{"line":205,"column":21},"end":{"line":209,"column":3}},"line":205},"19":{"name":"(anonymous_19)","decl":{"start":{"line":206,"column":18},"end":{"line":206,"column":19}},"loc":{"start":{"line":206,"column":23},"end":{"line":208,"column":5}},"line":206},"20":{"name":"(anonymous_20)","decl":{"start":{"line":211,"column":2},"end":{"line":211,"column":3}},"loc":{"start":{"line":211,"column":24},"end":{"line":214,"column":3}},"line":211},"21":{"name":"(anonymous_21)","decl":{"start":{"line":216,"column":2},"end":{"line":216,"column":3}},"loc":{"start":{"line":216,"column":14},"end":{"line":218,"column":3}},"line":216}},"branchMap":{"0":{"loc":{"start":{"line":40,"column":4},"end":{"line":54,"column":5}},"type":"if","locations":[{"start":{"line":40,"column":4},"end":{"line":54,"column":5}},{"start":{"line":40,"column":4},"end":{"line":54,"column":5}}],"line":40},"1":{"loc":{"start":{"line":42,"column":11},"end":{"line":54,"column":5}},"type":"if","locations":[{"start":{"line":42,"column":11},"end":{"line":54,"column":5}},{"start":{"line":42,"column":11},"end":{"line":54,"column":5}}],"line":42},"2":{"loc":{"start":{"line":44,"column":11},"end":{"line":54,"column":5}},"type":"if","locations":[{"start":{"line":44,"column":11},"end":{"line":54,"column":5}},{"start":{"line":44,"column":11},"end":{"line":54,"column":5}}],"line":44},"3":{"loc":{"start":{"line":46,"column":11},"end":{"line":54,"column":5}},"type":"if","locations":[{"start":{"line":46,"column":11},"end":{"line":54,"column":5}},{"start":{"line":46,"column":11},"end":{"line":54,"column":5}}],"line":46},"4":{"loc":{"start":{"line":48,"column":11},"end":{"line":54,"column":5}},"type":"if","locations":[{"start":{"line":48,"column":11},"end":{"line":54,"column":5}},{"start":{"line":48,"column":11},"end":{"line":54,"column":5}}],"line":48},"5":{"loc":{"start":{"line":50,"column":11},"end":{"line":54,"column":5}},"type":"if","locations":[{"start":{"line":50,"column":11},"end":{"line":54,"column":5}},{"start":{"line":50,"column":11},"end":{"line":54,"column":5}}],"line":50},"6":{"loc":{"start":{"line":67,"column":4},"end":{"line":69,"column":5}},"type":"if","locations":[{"start":{"line":67,"column":4},"end":{"line":69,"column":5}},{"start":{"line":67,"column":4},"end":{"line":69,"column":5}}],"line":67},"7":{"loc":{"start":{"line":70,"column":4},"end":{"line":72,"column":5}},"type":"if","locations":[{"start":{"line":70,"column":4},"end":{"line":72,"column":5}},{"start":{"line":70,"column":4},"end":{"line":72,"column":5}}],"line":70},"8":{"loc":{"start":{"line":79,"column":4},"end":{"line":81,"column":5}},"type":"if","locations":[{"start":{"line":79,"column":4},"end":{"line":81,"column":5}},{"start":{"line":79,"column":4},"end":{"line":81,"column":5}}],"line":79},"9":{"loc":{"start":{"line":89,"column":4},"end":{"line":93,"column":5}},"type":"if","locations":[{"start":{"line":89,"column":4},"end":{"line":93,"column":5}},{"start":{"line":89,"column":4},"end":{"line":93,"column":5}}],"line":89},"10":{"loc":{"start":{"line":91,"column":11},"end":{"line":93,"column":5}},"type":"if","locations":[{"start":{"line":91,"column":11},"end":{"line":93,"column":5}},{"start":{"line":91,"column":11},"end":{"line":93,"column":5}}],"line":91},"11":{"loc":{"start":{"line":110,"column":4},"end":{"line":112,"column":5}},"type":"if","locations":[{"start":{"line":110,"column":4},"end":{"line":112,"column":5}},{"start":{"line":110,"column":4},"end":{"line":112,"column":5}}],"line":110},"12":{"loc":{"start":{"line":116,"column":24},"end":{"line":116,"column":34}},"type":"default-arg","locations":[{"start":{"line":116,"column":33},"end":{"line":116,"column":34}}],"line":116},"13":{"loc":{"start":{"line":118,"column":4},"end":{"line":122,"column":5}},"type":"if","locations":[{"start":{"line":118,"column":4},"end":{"line":122,"column":5}},{"start":{"line":118,"column":4},"end":{"line":122,"column":5}}],"line":118},"14":{"loc":{"start":{"line":120,"column":11},"end":{"line":122,"column":5}},"type":"if","locations":[{"start":{"line":120,"column":11},"end":{"line":122,"column":5}},{"start":{"line":120,"column":11},"end":{"line":122,"column":5}}],"line":120},"15":{"loc":{"start":{"line":128,"column":4},"end":{"line":130,"column":5}},"type":"if","locations":[{"start":{"line":128,"column":4},"end":{"line":130,"column":5}},{"start":{"line":128,"column":4},"end":{"line":130,"column":5}}],"line":128},"16":{"loc":{"start":{"line":135,"column":4},"end":{"line":137,"column":5}},"type":"if","locations":[{"start":{"line":135,"column":4},"end":{"line":137,"column":5}},{"start":{"line":135,"column":4},"end":{"line":137,"column":5}}],"line":135},"17":{"loc":{"start":{"line":162,"column":4},"end":{"line":168,"column":5}},"type":"if","locations":[{"start":{"line":162,"column":4},"end":{"line":168,"column":5}},{"start":{"line":162,"column":4},"end":{"line":168,"column":5}}],"line":162},"18":{"loc":{"start":{"line":164,"column":11},"end":{"line":168,"column":5}},"type":"if","locations":[{"start":{"line":164,"column":11},"end":{"line":168,"column":5}},{"start":{"line":164,"column":11},"end":{"line":168,"column":5}}],"line":164},"19":{"loc":{"start":{"line":172,"column":4},"end":{"line":186,"column":5}},"type":"if","locations":[{"start":{"line":172,"column":4},"end":{"line":186,"column":5}},{"start":{"line":172,"column":4},"end":{"line":186,"column":5}}],"line":172},"20":{"loc":{"start":{"line":177,"column":8},"end":{"line":179,"column":9}},"type":"if","locations":[{"start":{"line":177,"column":8},"end":{"line":179,"column":9}},{"start":{"line":177,"column":8},"end":{"line":179,"column":9}}],"line":177},"21":{"loc":{"start":{"line":181,"column":8},"end":{"line":183,"column":9}},"type":"if","locations":[{"start":{"line":181,"column":8},"end":{"line":183,"column":9}},{"start":{"line":181,"column":8},"end":{"line":183,"column":9}}],"line":181},"22":{"loc":{"start":{"line":190,"column":4},"end":{"line":195,"column":5}},"type":"if","locations":[{"start":{"line":190,"column":4},"end":{"line":195,"column":5}},{"start":{"line":190,"column":4},"end":{"line":195,"column":5}}],"line":190},"23":{"loc":{"start":{"line":197,"column":4},"end":{"line":201,"column":5}},"type":"if","locations":[{"start":{"line":197,"column":4},"end":{"line":201,"column":5}},{"start":{"line":197,"column":4},"end":{"line":201,"column":5}}],"line":197}},"s":{"0":1,"1":1,"2":1,"3":1,"4":1,"5":1,"6":1,"7":1,"8":1,"9":1,"10":1,"11":1,"12":98,"13":98,"14":43,"15":55,"16":0,"17":55,"18":0,"19":55,"20":0,"21":55,"22":0,"23":55,"24":55,"25":98,"26":0,"27":0,"28":20,"29":10,"30":10,"31":10,"32":10,"33":10,"34":10,"35":1550,"36":6,"37":1550,"38":1550,"39":1550,"40":0,"41":0,"42":0,"43":0,"44":0,"45":0,"46":385,"47":385,"48":385,"49":418,"50":418,"51":418,"52":385,"53":758,"54":0,"55":758,"56":353,"57":353,"58":0,"59":353,"60":0,"61":353,"62":21,"63":21,"64":0,"65":20,"66":20,"67":0,"68":0,"69":9,"70":9,"71":9,"72":9,"73":0,"74":0,"75":0,"76":0,"77":0,"78":0,"79":37,"80":0,"81":37,"82":43,"83":43,"84":6,"85":43,"86":43,"87":37,"88":6,"89":1707,"90":0,"91":0,"92":0,"93":0,"94":1707,"95":0,"96":1707,"97":1707,"98":44,"99":1579,"100":28,"101":28,"102":0,"103":1},"f":{"0":98,"1":0,"2":0,"3":20,"4":1550,"5":0,"6":385,"7":758,"8":353,"9":21,"10":20,"11":0,"12":9,"13":9,"14":0,"15":0,"16":37,"17":1707,"18":44,"19":1579,"20":28,"21":0},"b":{"0":[43,55],"1":[0,55],"2":[0,55],"3":[0,55],"4":[0,55],"5":[55,0],"6":[10,10],"7":[10,0],"8":[6,1544],"9":[0,0],"10":[0,0],"11":[0,758],"12":[77],"13":[0,353],"14":[0,353],"15":[0,21],"16":[0,20],"17":[0,0],"18":[0,0],"19":[0,37],"20":[6,37],"21":[37,6],"22":[0,1707],"23":[0,1707]},"_coverageSchema":"43e27e138ebf9cfc5966b082cf9a028302ed4184","hash":"f076112c203750b02023e0da9d01b7ffcc8a9e7e","contentHash":"1193e07cedd96106a2b9f35ff0a3ca3e0e1dad94bbdd3d1d377d12e8f69b7ab3"},"/home/casatta/git/javascript-opentimestamps/src/extend-error.js":{"path":"/home/casatta/git/javascript-opentimestamps/src/extend-error.js","statementMap":{"0":{"start":{"line":1,"column":11},"end":{"line":1,"column":26}},"1":{"start":{"line":2,"column":13},"end":{"line":2,"column":30}},"2":{"start":{"line":12,"column":0},"end":{"line":49,"column":1}},"3":{"start":{"line":13,"column":2},"end":{"line":13,"column":48}},"4":{"start":{"line":17,"column":16},"end":{"line":35,"column":3}},"5":{"start":{"line":19,"column":4},"end":{"line":21,"column":5}},"6":{"start":{"line":20,"column":6},"end":{"line":20,"column":33}},"7":{"start":{"line":24,"column":4},"end":{"line":26,"column":20}},"8":{"start":{"line":25,"column":6},"end":{"line":25,"column":53}},"9":{"start":{"line":29,"column":4},"end":{"line":29,"column":27}},"10":{"start":{"line":30,"column":4},"end":{"line":30,"column":25}},"11":{"start":{"line":31,"column":4},"end":{"line":31,"column":32}},"12":{"start":{"line":34,"column":4},"end":{"line":34,"column":61}},"13":{"start":{"line":38,"column":2},"end":{"line":38,"column":30}},"14":{"start":{"line":41,"column":2},"end":{"line":43,"column":3}},"15":{"start":{"line":42,"column":4},"end":{"line":42,"column":56}},"16":{"start":{"line":46,"column":2},"end":{"line":46,"column":30}},"17":{"start":{"line":48,"column":2},"end":{"line":48,"column":16}}},"fnMap":{"0":{"name":"(anonymous_0)","decl":{"start":{"line":12,"column":15},"end":{"line":12,"column":16}},"loc":{"start":{"line":12,"column":64},"end":{"line":49,"column":1}},"line":12},"1":{"name":"(anonymous_1)","decl":{"start":{"line":17,"column":16},"end":{"line":17,"column":17}},"loc":{"start":{"line":17,"column":35},"end":{"line":35,"column":3}},"line":17},"2":{"name":"(anonymous_2)","decl":{"start":{"line":41,"column":31},"end":{"line":41,"column":32}},"loc":{"start":{"line":41,"column":43},"end":{"line":43,"column":3}},"line":41}},"branchMap":{"0":{"loc":{"start":{"line":19,"column":4},"end":{"line":21,"column":5}},"type":"if","locations":[{"start":{"line":19,"column":4},"end":{"line":21,"column":5}},{"start":{"line":19,"column":4},"end":{"line":21,"column":5}}],"line":19},"1":{"loc":{"start":{"line":31,"column":19},"end":{"line":31,"column":32}},"type":"binary-expr","locations":[{"start":{"line":31,"column":19},"end":{"line":31,"column":26}},{"start":{"line":31,"column":30},"end":{"line":31,"column":32}}],"line":31}},"s":{"0":1,"1":1,"2":1,"3":15,"4":15,"5":4,"6":0,"7":4,"8":4,"9":4,"10":4,"11":4,"12":4,"13":15,"14":15,"15":4,"16":15,"17":15},"f":{"0":15,"1":4,"2":4},"b":{"0":[0,4],"1":[4,0]},"_coverageSchema":"43e27e138ebf9cfc5966b082cf9a028302ed4184","hash":"837b59a14d6645a45480a46b21267dab135e523f","contentHash":"c21200de3be0cd76e156ae9896743226f1469d173078dd126b799714d48d6cf3"},"/home/casatta/git/javascript-opentimestamps/src/detached-timestamp-file.js":{"path":"/home/casatta/git/javascript-opentimestamps/src/detached-timestamp-file.js","statementMap":{"0":{"start":{"line":10,"column":12},"end":{"line":10,"column":31}},"1":{"start":{"line":11,"column":18},"end":{"line":11,"column":43}},"2":{"start":{"line":12,"column":14},"end":{"line":12,"column":35}},"3":{"start":{"line":13,"column":16},"end":{"line":13,"column":39}},"4":{"start":{"line":21,"column":21},"end":{"line":21,"column":207}},"5":{"start":{"line":31,"column":22},"end":{"line":31,"column":23}},"6":{"start":{"line":42,"column":4},"end":{"line":44,"column":5}},"7":{"start":{"line":43,"column":6},"end":{"line":43,"column":69}},"8":{"start":{"line":45,"column":4},"end":{"line":47,"column":5}},"9":{"start":{"line":46,"column":6},"end":{"line":46,"column":98}},"10":{"start":{"line":49,"column":4},"end":{"line":49,"column":32}},"11":{"start":{"line":50,"column":4},"end":{"line":50,"column":30}},"12":{"start":{"line":58,"column":4},"end":{"line":58,"column":29}},"13":{"start":{"line":66,"column":4},"end":{"line":66,"column":32}},"14":{"start":{"line":67,"column":4},"end":{"line":67,"column":35}},"15":{"start":{"line":68,"column":4},"end":{"line":68,"column":34}},"16":{"start":{"line":69,"column":4},"end":{"line":69,"column":38}},"17":{"start":{"line":70,"column":4},"end":{"line":70,"column":33}},"18":{"start":{"line":78,"column":16},"end":{"line":78,"column":49}},"19":{"start":{"line":79,"column":4},"end":{"line":79,"column":23}},"20":{"start":{"line":80,"column":4},"end":{"line":80,"column":26}},"21":{"start":{"line":91,"column":4},"end":{"line":101,"column":5}},"22":{"start":{"line":92,"column":6},"end":{"line":92,"column":18}},"23":{"start":{"line":93,"column":11},"end":{"line":101,"column":5}},"24":{"start":{"line":94,"column":6},"end":{"line":94,"column":53}},"25":{"start":{"line":95,"column":11},"end":{"line":101,"column":5}},"26":{"start":{"line":96,"column":6},"end":{"line":96,"column":65}},"27":{"start":{"line":97,"column":11},"end":{"line":101,"column":5}},"28":{"start":{"line":98,"column":6},"end":{"line":98,"column":65}},"29"
[...]
"line":70,"column":8},"end":{"line":72,"column":9}},"type":"if","locations":[{"start":{"line":70,"column":8},"end":{"line":72,"column":9}},{"start":{"line":70,"column":8},"end":{"line":72,"column":9}}],"line":70},"6":{"loc":{"start":{"line":70,"column":12},"end":{"line":70,"column":48}},"type":"binary-expr","locations":[{"start":{"line":70,"column":12},"end":{"line":70,"column":29}},{"start":{"line":70,"column":33},"end":{"line":70,"column":48}}],"line":70}},"s":{"0":1,"1":1,"2":1,"3":1,"4":1,"5":0,"6":0,"7":0,"8":0,"9":0,"10":0,"11":0,"12":0,"13":0,"14":0,"15":0,"16":0,"17":0,"18":0,"19":0,"20":0,"21":0,"22":0},"f":{"0":0,"1":0,"2":0,"3":0,"4":0,"5":0,"6":0},"b":{"0":[0],"1":[0,0],"2":[0,0],"3":[0,0],"4":[0,0],"5":[0,0],"6":[0,0]},"_coverageSchema":"43e27e138ebf9cfc5966b082cf9a028302ed4184","hash":"45d4a4135a900e11ef4572303e71368592959ac6","contentHash":"f17254ed843f0cbf1f6f0993577d32c90649b04b41013351b531907c40f97026"},"/home/casatta/git/javascript-opentimestamps/src/merkle.js":{"path":"/home/casatta/git/javascript-opentimestamps/src/merkle.js","statementMap":{"0":{"start":{"line":10,"column":18},"end":{"line":10,"column":43}},"1":{"start":{"line":11,"column":12},"end":{"line":11,"column":31}},"2":{"start":{"line":19,"column":4},"end":{"line":21,"column":5}},"3":{"start":{"line":20,"column":6},"end":{"line":20,"column":32}},"4":{"start":{"line":22,"column":4},"end":{"line":24,"column":5}},"5":{"start":{"line":23,"column":6},"end":{"line":23,"column":34}},"6":{"start":{"line":27,"column":30},"end":{"line":27,"column":68}},"7":{"start":{"line":28,"column":4},"end":{"line":28,"column":64}},"8":{"start":{"line":31,"column":16},"end":{"line":31,"column":57}},"9":{"start":{"line":32,"column":4},"end":{"line":32,"column":14}},"10":{"start":{"line":36,"column":4},"end":{"line":36,"column":59}},"11":{"start":{"line":40,"column":28},"end":{"line":40,"column":57}},"12":{"start":{"line":42,"column":21},"end":{"line":42,"column":39}},"13":{"start":{"line":43,"column":14},"end":{"line":43,"column":47}},"14":{"start":{"line":44,"column":4},"end":{"line":47,"column":5}},"15":{"start":{"line":45,"column":6},"end":{"line":45,"column":61}},"16":{"start":{"line":46,"column":6},"end":{"line":46,"column":44}},"17":{"start":{"line":48,"column":4},"end":{"line":48,"column":14}},"18":{"start":{"line":60,"column":17},"end":{"line":60,"column":27}},"19":{"start":{"line":61,"column":21},"end":{"line":61,"column":23}},"20":{"start":{"line":64,"column":4},"end":{"line":90,"column":35}},"21":{"start":{"line":65,"column":6},"end":{"line":65,"column":40}},"22":{"start":{"line":67,"column":6},"end":{"line":67,"column":27}},"23":{"start":{"line":68,"column":6},"end":{"line":72,"column":7}},"24":{"start":{"line":69,"column":8},"end":{"line":69,"column":39}},"25":{"start":{"line":71,"column":8},"end":{"line":71,"column":44}},"26":{"start":{"line":74,"column":6},"end":{"line":74,"column":21}},"27":{"start":{"line":75,"column":6},"end":{"line":82,"column":7}},"28":{"start":{"line":76,"column":8},"end":{"line":81,"column":9}},"29":{"start":{"line":77,"column":10},"end":{"line":77,"column":27}},"30":{"start":{"line":79,"column":10},"end":{"line":79,"column":61}},"31":{"start":{"line":80,"column":10},"end":{"line":80,"column":31}},"32":{"start":{"line":84,"column":6},"end":{"line":89,"column":7}},"33":{"start":{"line":85,"column":8},"end":{"line":87,"column":9}},"34":{"start":{"line":86,"column":10},"end":{"line":86,"column":36}},"35":{"start":{"line":88,"column":8},"end":{"line":88,"column":27}},"36":{"start":{"line":91,"column":4},"end":{"line":91,"column":20}},"37":{"start":{"line":95,"column":17},"end":{"line":95,"column":27}},"38":{"start":{"line":97,"column":15},"end":{"line":97,"column":20}},"39":{"start":{"line":99,"column":4},"end":{"line":121,"column":5}},"40":{"start":{"line":100,"column":6},"end":{"line":100,"column":27}},"41":{"start":{"line":101,"column":24},"end":{"line":101,"column":54}},"42":{"start":{"line":103,"column":25},"end":{"line":103,"column":27}},"43":{"start":{"line":104,"column":6},"end":{"line":111,"column":7}},"44":{"start":{"line":105,"column":8},"end":{"line":110,"column":9}},"45":{"start":{"line":106,"column":10},"end":{"line":106,"column":27}},"46":{"start":{"line":108,"column":10},"end":{"line":108,"column":61}},"47":{"start":{"line":109,"column":10},"end":{"line":109,"column":31}},"48":{"start":{"line":113,"column":6},"end":{"line":120,"column":7}},"49":{"start":{"line":114,"column":8},"end":{"line":114,"column":19}},"50":{"start":{"line":116,"column":8},"end":{"line":118,"column":9}},"51":{"start":{"line":117,"column":10},"end":{"line":117,"column":36}},"52":{"start":{"line":119,"column":8},"end":{"line":119,"column":27}},"53":{"start":{"line":122,"column":4},"end":{"line":122,"column":20}},"54":{"start":{"line":126,"column":0},"end":{"line":126,"column":23}}},"fnMap":{"0":{"name":"(anonymous_0)","decl":{"start":{"line":18,"column":2},"end":{"line":18,"column":3}},"loc":{"start":{"line":18,"column":50},"end":{"line":33,"column":3}},"line":18},"1":{"name":"(anonymous_1)","decl":{"start":{"line":35,"column":2},"end":{"line":35,"column":3}},"loc":{"start":{"line":35,"column":33},"end":{"line":37,"column":3}},"line":35},"2":{"name":"(anonymous_2)","decl":{"start":{"line":39,"column":2},"end":{"line":39,"column":3}},"loc":{"start":{"line":39,"column":34},"end":{"line":49,"column":3}},"line":39},"3":{"name":"(anonymous_3)","decl":{"start":{"line":59,"column":2},"end":{"line":59,"column":3}},"loc":{"start":{"line":59,"column":45},"end":{"line":92,"column":3}},"line":59},"4":{"name":"(anonymous_4)","decl":{"start":{"line":94,"column":2},"end":{"line":94,"column":3}},"loc":{"start":{"line":94,"column":37},"end":{"line":123,"column":3}},"line":94}},"branchMap":{"0":{"loc":{"start":{"line":19,"column":4},"end":{"line":21,"column":5}},"type":"if","locations":[{"start":{"line":19,"column":4},"end":{"line":21,"column":5}},{"start":{"line":19,"column":4},"end":{"line":21,"column":5}}],"line":19},"1":{"loc":{"start":{"line":22,"column":4},"end":{"line":24,"column":5}},"type":"if","locations":[{"start":{"line":22,"column":4},"end":{"line":24,"column":5}},{"start":{"line":22,"column":4},"end":{"line":24,"column":5}}],"line":22},"2":{"loc":{"start":{"line":44,"column":4},"end":{"line":47,"column":5}},"type":"if","locations":[{"start":{"line":44,"column":4},"end":{"line":47,"column":5}},{"start":{"line":44,"column":4},"end":{"line":47,"column":5}}],"line":44},"3":{"loc":{"start":{"line":76,"column":8},"end":{"line":81,"column":9}},"type":"if","locations":[{"start":{"line":76,"column":8},"end":{"line":81,"column":9}},{"start":{"line":76,"column":8},"end":{"line":81,"column":9}}],"line":76},"4":{"loc":{"start":{"line":84,"column":6},"end":{"line":89,"column":7}},"type":"if","locations":[{"start":{"line":84,"column":6},"end":{"line":89,"column":7}},{"start":{"line":84,"column":6},"end":{"line":89,"column":7}}],"line":84},"5":{"loc":{"start":{"line":85,"column":8},"end":{"line":87,"column":9}},"type":"if","locations":[{"start":{"line":85,"column":8},"end":{"line":87,"column":9}},{"start":{"line":85,"column":8},"end":{"line":87,"column":9}}],"line":85},"6":{"loc":{"start":{"line":105,"column":8},"end":{"line":110,"column":9}},"type":"if","locations":[{"start":{"line":105,"column":8},"end":{"line":110,"column":9}},{"start":{"line":105,"column":8},"end":{"line":110,"column":9}}],"line":105},"7":{"loc":{"start":{"line":113,"column":6},"end":{"line":120,"column":7}},"type":"if","locations":[{"start":{"line":113,"column":6},"end":{"line":120,"column":7}},{"start":{"line":113,"column":6},"end":{"line":120,"column":7}}],"line":113},"8":{"loc":{"start":{"line":116,"column":8},"end":{"line":118,"column":9}},"type":"if","locations":[{"start":{"line":116,"column":8},"end":{"line":118,"column":9}},{"start":{"line":116,"column":8},"end":{"line":118,"column":9}}],"line":116}},"s":{"0":1,"1":1,"2":1,"3":0,"4":1,"5":0,"6":1,"7":1,"8":1,"9":1,"10":1,"11":0,"12":0,"13":0,"14":0,"15":0,"16":0,"17":0,"18":0,"19":0,"20":0,"21":0,"22":0,"23":0,"24":0,"25":0,"26":0,"27":0,"28":0,"29":0,"30":0,"31":0,"32":0,"33":0,"34":0,"35":0,"36":0,"37":4,"38":4,"39":4,"40":5,"41":5,"42":5,"43":5,"44":1,"45":0,"46":1,"47":1,"48":5,"49":4,"50":1,"51":0,"52":1,"53":4,"54":1},"f":{"0":1,"1":1,"2":0,"3":0,"4":4},"b":{"0":[0,1],"1":[0,1],"2":[0,0],"3":[0,0],"4":[0,0],"5":[0,0],"6":[0,1],"7":[4,1],"8":[0,1]},"_coverageSchema":"43e27e138ebf9cfc5966b082cf9a028302ed4184","hash":"8e0f023aaddb65a2867ea7dd817202bf61d80bc8","contentHash":"0913d9343758b58a02196b9556404684338fdf9ebde4925e38b7940be732cc01"},"/home/casatta/git/javascript-opentimestamps/src/bitcoin.js":{"path":"/home/casatta/git/javascript-opentimestamps/src/bitcoin.js","statementMap":{"0":{"start":{"line":10,"column":19},"end":{"line":10,"column":40}},"1":{"start":{"line":11,"column":23},"end":{"line":11,"column":49}},"2":{"start":{"line":12,"column":16},"end":{"line":12,"column":34}},"3":{"start":{"line":13,"column":14},"end":{"line":13,"column":35}},"4":{"start":{"line":18,"column":4},"end":{"line":18,"column":32}},"5":{"start":{"line":19,"column":4},"end":{"line":19,"column":20}},"6":{"start":{"line":20,"column":4},"end":{"line":20,"column":20}},"7":{"start":{"line":24,"column":4},"end":{"line":24,"column":26}},"8":{"start":{"line":28,"column":4},"end":{"line":28,"column":20}},"9":{"start":{"line":32,"column":4},"end":{"line":32,"column":20}},"10":{"start":{"line":43,"column":4},"end":{"line":43,"column":105}},"11":{"start":{"line":44,"column":4},"end":{"line":44,"column":83}},"12":{"start":{"line":48,"column":17},"end":{"line":48,"column":33}},"13":{"start":{"line":49,"column":17},"end":{"line":49,"column":141}},"14":{"start":{"line":50,"column":21},"end":{"line":50,"column":23}},"15":{"start":{"line":52,"column":4},"end":{"line":79,"column":6}},"16":{"start":{"line":53,"column":19},"end":{"line":53,"column":29}},"17":{"start":{"line":55,"column":22},"end":{"line":77,"column":8}},"18":{"start":{"line":56,"column":8},"end":{"line":76,"column":10}},"19":{"start":{"line":57,"column":10},"end":{"line":59,"column":11}},"20":{"start":{"line":58,"column":12},"end":{"line":58,"column":32}},"21":{"start":{"line":60,"column":10},"end":{"line":62,"column":11}},"22":{"start":{"line":61,"column":12},"end":{"line":61,"column":50}},"23":{"start":{"line":63,"column":10},"end":{"line":74,"column":11}},"24":{"start":{"line":64,"column":12},"end":{"line":66,"column":13}},"25":{"start":{"line":65,"column":14},"end":{"line":65,"column":42}},"26":{"start":{"line":67,"column":12},"end":{"line":73,"column":13}},"27":{"start":{"line":68,"column":14},"end":{"line":72,"column":15}},"28":{"start":{"line":69,"column":16},"end":{"line":69,"column":37}},"29":{"start":{"line":71,"column":16},"end":{"line":71,"column":36}},"30":{"start":{"line":75,"column":10},"end":{"line":75,"column":29}},"31":{"start":{"line":78,"column":6},"end":{"line":78,"column":28}},"32":{"start":{"line":81,"column":4},"end":{"line":92,"column":6}},"33":{"start":{"line":82,"column":6},"end":{"line":84,"column":7}},"34":{"start":{"line":83,"column":8},"end":{"line":83,"column":52}},"35":{"start":{"line":86,"column":6},"end":{"line":90,"column":7}},"36":{"start":{"line":87,"column":8},"end":{"line":89,"column":9}},"37":{"start":{"line":88,"column":10},"end":{"line":88,"column":30}},"38":{"start":{"line":91,"column":6},"end":{"line":91,"column":50}},"39":{"start":{"line":96,"column":19},"end":{"line":99,"column":5}},"40":{"start":{"line":100,"column":4},"end":{"line":100,"column":31}},"41":{"start":{"line":104,"column":19},"end":{"line":108,"column":5}},"42":{"start":{"line":109,"column":4},"end":{"line":122,"column":8}},"43":{"start":{"line":111,"column":23},"end":{"line":115,"column":9}},"44":{"start":{"line":116,"column":8},"end":{"line":116,"column":35}},"45":{"start":{"line":118,"column":8},"end":{"line":118,"column":75}},"46":{"start":{"line":120,"column":8},"end":{"line":120,"column":48}},"47":{"start":{"line":121,"column":8},"end":{"line":121,"column":17}},"48":{"start":{"line":132,"column":20},"end":{"line":142,"column":5}},"49":{"start":{"line":143,"column":4},"end":{"line":154,"column":8}},"50":{"start":{"line":146,"column":8},"end":{"line":149,"column":9}},"51":{"start":{"line":147,"column":10},"end":{"line":147,"column":51}},"52":{"start":{"line":148,"column":10},"end":{"line":148,"column":53}},"53":{"start":{"line":150,"column":8},"end":{"line":150,"column":26}},"54":{"start":{"line":152,"column":8},"end":{"line":152,"column":51}},"55":{"start":{"line":153,"column":8},"end":{"line":153,"column":17}},"56":{"start":{"line":158,"column":0},"end":{"line":161,"column":1}}},"fnMap":{"0":{"name":"(anonymous_0)","decl":{"start":{"line":17,"column":2},"end":{"line":17,"column":3}},"loc":{"start":{"line":17,"column":39},"end":{"line":21,"column":3}},"line":17},"1":{"name":"(anonymous_1)","decl":{"start":{"line":23,"column":2},"end":{"line":23,"column":3}},"loc":{"start":{"line":23,"column":19},"end":{"line":25,"column":3}},"line":23},"2":{"name":"(anonymous_2)","decl":{"start":{"line":27,"column":2},"end":{"line":27,"column":3}},"loc":{"start":{"line":27,"column":13},"end":{"line":29,"column":3}},"line":27},"3":{"name":"(anonymous_3)","decl":{"start":{"line":31,"column":2},"end":{"line":31,"column":3}},"loc":{"start":{"line":31,"column":13},"end":{"line":33,"column":3}},"line":31},"4":{"name":"(anonymous_4)","decl":{"start":{"line":42,"column":2},"end":{"line":42,"column":3}},"loc":{"start":{"line":42,"column":28},"end":{"line":45,"column":3}},"line":42},"5":{"name":"(anonymous_5)","decl":{"start":{"line":47,"column":2},"end":{"line":47,"column":3}},"loc":{"start":{"line":47,"column":28},"end":{"line":93,"column":3}},"line":47},"6":{"name":"(anonymous_6)","decl":{"start":{"line":52,"column":17},"end":{"line":52,"column":18}},"loc":{"start":{"line":52,"column":24},"end":{"line":79,"column":5}},"line":52},"7":{"name":"(anonymous_7)","decl":{"start":{"line":55,"column":34},"end":{"line":55,"column":35}},"loc":{"start":{"line":55,"column":55},"end":{"line":77,"column":7}},"line":55},"8":{"name":"(anonymous_8)","decl":{"start":{"line":56,"column":47},"end":{"line":56,"column":48}},"loc":{"start":{"line":56,"column":63},"end":{"line":76,"column":9}},"line":56},"9":{"name":"(anonymous_9)","decl":{"start":{"line":81,"column":58},"end":{"line":81,"column":59}},"loc":{"start":{"line":81,"column":69},"end":{"line":92,"column":5}},"line":81},"10":{"name":"(anonymous_10)","decl":{"start":{"line":95,"column":2},"end":{"line":95,"column":3}},"loc":{"start":{"line":95,"column":13},"end":{"line":101,"column":3}},"line":95},"11":{"name":"(anonymous_11)","decl":{"start":{"line":103,"column":2},"end":{"line":103,"column":3}},"loc":{"start":{"line":103,"column":26},"end":{"line":123,"column":3}},"line":103},"12":{"name":"(anonymous_12)","decl":{"start":{"line":110,"column":12},"end":{"line":110,"column":13}},"loc":{"start":{"line":110,"column":22},"end":{"line":117,"column":7}},"line":110},"13":{"name":"(anonymous_13)","decl":{"start":{"line":117,"column":14},"end":{"line":117,"column":15}},"loc":{"start":{"line":117,"column":24},"end":{"line":119,"column":7}},"line":117},"14":{"name":"(anonymous_14)","decl":{"start":{"line":119,"column":15},"end":{"line":119,"column":16}},"loc":{"start":{"line":119,"column":22},"end":{"line":122,"column":7}},"line":119},"15":{"name":"(anonymous_15)","decl":{"start":{"line":131,"column":2},"end":{"line":131,"column":3}},"loc":{"start":{"line":131,"column":19},"end":{"line":155,"column":3}},"line":131},"16":{"name":"(anonymous_16)","decl":{"start":{"line":144,"column":12},"end":{"line":144,"column":13}},"loc":{"start":{"line":144,"column":20},"end":{"line":151,"column":7}},"line":144},"17":{"name":"(anonymous_17)","decl":{"start":{"line":151,"column":15},"end":{"line":151,"column":16}},"loc":{"start":{"line":151,"column":22},"end":{"line":154,"column":7}},"line":151}},"branchMap":{"0":{"loc":{"start":{"line":57,"column":10},"end":{"line":59,"column":11}},"type":"if","locations":[{"start":{"line":57,"column":10},"end":{"line":59,"column":11}},{"start":{"line":57,"column":10},"end":{"line":59,"column":11}}],"line":57},"1":{"loc":{"start":{"line":60,"column":10},"end":{"line":62,"column":11}},"type":"if","locations":[{"start":{"line":60,"column":10},"end":{"line":62,"column":11}},{"start":{"line":60,"column":10},"end":{"line":62,"column":11}}],"line":60},"2":{"loc":{"start":{"line":60,"column":14},"end":{"line":60,"column":51}},"type":"binary-expr","locations":[{"start":{"line":60,"column":14},"end":{"line":60,"column":31}},{"start":{"line":60,"column":35},"end":{"line":60,"column":51}}],"line":60},"3":{"loc":{"start":{"line":63,"column":10},"end":{"line":74,"column":11}},"type":"if","locations":[{"start":{"line":63,"column":10},"end":{"line":74,"column":11}},{"start":{"line":63,"column":10},"end":{"line":74,"column":11}}],"line":63},"4":{"loc":{"start":{"line":63,"column":14},"end":{"line":63,"column":72}},"type":"binary-expr","locations":[{"start":{"line":63,"column":14},"end":{"line":63,"column":39}},{"start":{"line":63,"column":43},"end":{"line":63,"column":72}}],"line":63},"5":{"loc":{"start":{"line":64,"column":12},"end":{"line":66,"column":13}},"type":"if","locations":[{"start":{"line":64,"column":12},"end":{"line":66,"column":13}},{"start":{"line":64,"column":12},"end":{"line":66,"column":13}}],"line":64},"6":{"loc":{"start":{"line":67,"column":12},"end":{"line":73,"column":13}},"type":"if","locations":[{"start":{"line":67,"column":12},"end":{"line":73,"column":13}},{"start":{"line":67,"column":12},"end":{"line":73,"column":13}}],"line":67},"7":{"loc":{"start":{"line":68,"column":14},"end":{"line":72,"column":15}},"type":"if","locations":[{"start":{"line":68,"column":14},"end":{"line":72,"column":15}},{"start":{"line":68,"column":14},"end":{"line":72,"column":15}}],"line":68},"8":{"loc":{"start":{"line":82,"column":6},"end":{"line":84,"column":7}},"type":"if","locations":[{"start":{"line":82,"column":6},"end":{"line":84,"column":7}},{"start":{"line":82,"column":6},"end":{"line":84,"column":7}}],"line":82},"9":{"loc":{"start":{"line":82,"column":10},"end":{"line":82,"column":55}},"type":"binary-expr","locations":[{"start":{"line":82,"column":10},"end":{"line":82,"column":31}},{"start":{"line":82,"column":35},"end":{"line":82,"column":55}}],"line":82},"10":{"loc":{"start":{"line":87,"column":8},"end":{"line":89,"column":9}},"type":"if","locations":[{"start":{"line":87,"column":8},"end":{"line":89,"column":9}},{"start":{"line":87,"column":8},"end":{"line":89,"column":9}}],"line":87},"11":{"loc":{"start":{"line":87,"column":12},"end":{"line":87,"column":118}},"type":"binary-expr","locations":[{"start":{"line":87,"column":12},"end":{"line":87,"column":36}},{"start":{"line":87,"column":40},"end":{"line":87,"column":75}},{"start":{"line":87,"column":79},"end":{"line":87,"column":118}}],"line":87},"12":{"loc":{"start":{"line":146,"column":8},"end":{"line":149,"column":9}},"type":"if","locations":[{"start":{"line":146,"column":8},"end":{"line":149,"column":9}},{"start":{"line":146,"column":8},"end":{"line":149,"column":9}}],"line":146}},"s":{"0":1,"1":1,"2":1,"3":1,"4":0,"5":0,"6":0,"7":0,"8":0,"9":0,"10":0,"11":0,"12":0,"13":0,"14":0,"15":0,"16":0,"17":0,"18":0,"19":0,"20":0,"21":0,"22":0,"23":0,"24":0,"25":0,"26":0,"27":0,"28":0,"29":0,"30":0,"31":0,"32":0,"33":0,"34":0,"35":0,"36":0,"37":0,"38":0,"39":0,"40":0,"41":0,"42":0,"43":0,"44":0,"45":0,"46":0,"47":0,"48":0,"49":0,"50":0,"51":0,"52":0,"53":0,"54":0,"55":0,"56":1},"f":{"0":0,"1":0,"2":0,"3":0,"4":0,"5":0,"6":0,"7":0,"8":0,"9":0,"10":0,"11":0,"12":0,"13":0,"14":0,"15":0,"16":0,"17":0},"b":{"0":[0,0],"1":[0,0],"2":[0,0],"3":[0,0],"4":[0,0],"5":[0,0],"6":[0,0],"7":[0,0],"8":[0,0],"9":[0,0],"10":[0,0],"11":[0,0,0],"12":[0,0]},"_coverageSchema":"43e27e138ebf9cfc5966b082cf9a028302ed4184","hash":"6905797f83de110e02e7e3f3e1add402c768a984","contentHash":"59d0c3bb1391cbff50c6f4accea14877b3e1ce752e82f17b317180b659a67fb0"}}