{"/home/casatta/git/javascript-opentimestamps/src/utils.js":{"path":"/home/casatta/git/javascript-opentimestamps/src/utils.js","statementMap":{"0":{"start":{"line":10,"column":15},"end":{"line":10,"column":32}},"1":{"start":{"line":11,"column":11},"end":{"line":11,"column":24}},"2":{"start":{"line":12,"column":19},"end":{"line":12,"column":40}},"3":{"start":{"line":19,"column":0},"end":{"line":25,"column":1}},"4":{"start":{"line":20,"column":16},"end":{"line":20,"column":18}},"5":{"start":{"line":21,"column":2},"end":{"line":23,"column":3}},"6":{"start":{"line":21,"column":15},"end":{"line":21,"column":16}},"7":{"start":{"line":22,"column":4},"end":{"line":22,"column":46}},"8":{"start":{"line":24,"column":2},"end":{"line":24,"column":14}},"9":{"start":{"line":32,"column":0},"end":{"line":39,"column":1}},"10":{"start":{"line":33,"column":14},"end":{"line":33,"column":16}},"11":{"start":{"line":34,"column":2},"end":{"line":37,"column":3}},"12":{"start":{"line":34,"column":15},"end":{"line":34,"column":16}},"13":{"start":{"line":35,"column":4},"end":{"line":35,"column":43}},"14":{"start":{"line":36,"column":4},"end":{"line":36,"column":43}},"15":{"start":{"line":38,"column":2},"end":{"line":38,"column":21}},"16":{"start":{"line":46,"column":0},"end":{"line":54,"column":1}},"17":{"start":{"line":47,"column":14},"end":{"line":47,"column":16}},"18":{"start":{"line":48,"column":2},"end":{"line":52,"column":3}},"19":{"start":{"line":48,"column":15},"end":{"line":48,"column":16}},"20":{"start":{"line":49,"column":14},"end":{"line":49,"column":35}},"21":{"start":{"line":50,"column":4},"end":{"line":50,"column":36}},"22":{"start":{"line":51,"column":4},"end":{"line":51,"column":36}},"23":{"start":{"line":53,"column":2},"end":{"line":53,"column":21}},"24":{"start":{"line":61,"column":0},"end":{"line":63,"column":1}},"25":{"start":{"line":62,"column":2},"end":{"line":62,"column":27}},"26":{"start":{"line":70,"column":0},"end":{"line":77,"column":1}},"27":{"start":{"line":71,"column":16},"end":{"line":71,"column":18}},"28":{"start":{"line":72,"column":2},"end":{"line":75,"column":3}},"29":{"start":{"line":72,"column":15},"end":{"line":72,"column":16}},"30":{"start":{"line":73,"column":14},"end":{"line":73,"column":33}},"31":{"start":{"line":74,"column":4},"end":{"line":74,"column":17}},"32":{"start":{"line":76,"column":2},"end":{"line":76,"column":14}},"33":{"start":{"line":79,"column":0},"end":{"line":85,"column":1}},"34":{"start":{"line":80,"column":15},"end":{"line":80,"column":17}},"35":{"start":{"line":81,"column":2},"end":{"line":83,"column":3}},"36":{"start":{"line":81,"column":15},"end":{"line":81,"column":16}},"37":{"start":{"line":82,"column":4},"end":{"line":82,"column":39}},"38":{"start":{"line":84,"column":2},"end":{"line":84,"column":15}},"39":{"start":{"line":87,"column":0},"end":{"line":93,"column":1}},"40":{"start":{"line":88,"column":14},"end":{"line":88,"column":16}},"41":{"start":{"line":89,"column":2},"end":{"line":91,"column":3}},"42":{"start":{"line":89,"column":15},"end":{"line":89,"column":16}},"43":{"start":{"line":90,"column":4},"end":{"line":90,"column":31}},"44":{"start":{"line":92,"column":2},"end":{"line":92,"column":12}},"45":{"start":{"line":95,"column":0},"end":{"line":101,"column":1}},"46":{"start":{"line":96,"column":16},"end":{"line":96,"column":18}},"47":{"start":{"line":97,"column":2},"end":{"line":99,"column":3}},"48":{"start":{"line":97,"column":15},"end":{"line":97,"column":16}},"49":{"start":{"line":98,"column":4},"end":{"line":98,"column":39}},"50":{"start":{"line":100,"column":2},"end":{"line":100,"column":14}},"51":{"start":{"line":103,"column":0},"end":{"line":112,"column":1}},"52":{"start":{"line":104,"column":2},"end":{"line":110,"column":3}},"53":{"start":{"line":104,"column":15},"end":{"line":104,"column":16}},"54":{"start":{"line":104,"column":22},"end":{"line":104,"column":23}},"55":{"start":{"line":105,"column":15},"end":{"line":105,"column":29}},"56":{"start":{"line":106,"column":15},"end":{"line":106,"column":30}},"57":{"start":{"line":107,"column":4},"end":{"line":109,"column":5}},"58":{"start":{"line":108,"column":6},"end":{"line":108,"column":18}},"59":{"start":{"line":111,"column":2},"end":{"line":111,"column":35}},"60":{"start":{"line":114,"column":0},"end":{"line":122,"column":1}},"61":{"start":{"line":116,"column":2},"end":{"line":120,"column":3}},"62":{"start":{"line":117,"column":4},"end":{"line":119,"column":5}},"63":{"start":{"line":118,"column":6},"end":{"line":118,"column":18}},"64":{"start":{"line":121,"column":2},"end":{"line":121,"column":26}},"65":{"start":{"line":124,"column":0},"end":{"line":126,"column":1}},"66":{"start":{"line":125,"column":2},"end":{"line":125,"column":30}},"67":{"start":{"line":128,"column":0},"end":{"line":153,"column":1}},"68":{"start":{"line":129,"column":2},"end":{"line":131,"column":3}},"69":{"start":{"line":130,"column":4},"end":{"line":130,"column":13}},"70":{"start":{"line":132,"column":11},"end":{"line":132,"column":13}},"71":{"start":{"line":133,"column":2},"end":{"line":151,"column":3}},"72":{"start":{"line":134,"column":4},"end":{"line":134,"column":73}},"73":{"start":{"line":138,"column":4},"end":{"line":138,"column":63}},"74":{"start":{"line":140,"column":4},"end":{"line":140,"column":11}},"75":{"start":{"line":141,"column":14},"end":{"line":141,"column":19}},"76":{"start":{"line":142,"column":14},"end":{"line":142,"column":25}},"77":{"start":{"line":145,"column":4},"end":{"line":147,"column":5}},"78":{"start":{"line":146,"column":6},"end":{"line":146,"column":47}},"79":{"start":{"line":148,"column":4},"end":{"line":150,"column":5}},"80":{"start":{"line":149,"column":6},"end":{"line":149,"column":50}},"81":{"start":{"line":152,"column":2},"end":{"line":152,"column":11}},"82":{"start":{"line":155,"column":0},"end":{"line":161,"column":1}},"83":{"start":{"line":156,"column":2},"end":{"line":160,"column":4}},"84":{"start":{"line":157,"column":4},"end":{"line":159,"column":21}},"85":{"start":{"line":168,"column":0},"end":{"line":178,"column":1}},"86":{"start":{"line":169,"column":2},"end":{"line":177,"column":4}},"87":{"start":{"line":170,"column":4},"end":{"line":176,"column":6}},"88":{"start":{"line":171,"column":6},"end":{"line":175,"column":7}},"89":{"start":{"line":172,"column":8},"end":{"line":172,"column":19}},"90":{"start":{"line":174,"column":8},"end":{"line":174,"column":23}},"91":{"start":{"line":180,"column":0},"end":{"line":198,"column":1}},"92":{"start":{"line":181,"column":2},"end":{"line":197,"column":4}},"93":{"start":{"line":182,"column":4},"end":{"line":196,"column":6}},"94":{"start":{"line":183,"column":6},"end":{"line":185,"column":7}},"95":{"start":{"line":184,"column":8},"end":{"line":184,"column":28}},"96":{"start":{"line":186,"column":6},"end":{"line":188,"column":7}},"97":{"start":{"line":187,"column":8},"end":{"line":187,"column":46}},"98":{"start":{"line":189,"column":18},"end":{"line":189,"column":27}},"99":{"start":{"line":190,"column":6},"end":{"line":194,"column":8}},"100":{"start":{"line":191,"column":25},"end":{"line":191,"column":45}},"101":{"start":{"line":192,"column":20},"end":{"line":192,"column":27}},"102":{"start":{"line":193,"column":8},"end":{"line":193,"column":30}},"103":{"start":{"line":195,"column":6},"end":{"line":195,"column":25}}},"fnMap":{"0":{"name":"(anonymous_0)","decl":{"start":{"line":19,"column":21},"end":{"line":19,"column":22}},"loc":{"start":{"line":19,"column":36},"end":{"line":25,"column":1}},"line":19},"1":{"name":"(anonymous_1)","decl":{"start":{"line":32,"column":21},"end":{"line":32,"column":22}},"loc":{"start":{"line":32,"column":38},"end":{"line":39,"column":1}},"line":32},"2":{"name":"(anonymous_2)","decl":{"start":{"line":46,"column":21},"end":{"line":46,"column":22}},"loc":{"start":{"line":46,"column":38},"end":{"line":54,"column":1}},"line":46},"3":{"name":"(anonymous_3)","decl":{"start":{"line":61,"column":21},"end":{"line":61,"column":22}},"loc":{"start":{"line":61,"column":37},"end":{"line":63,"column":1}},"line":61},"4":{"name":"(anonymous_4)","decl":{"start":{"line":70,"column":23},"end":{"line":70,"column":24}},"loc":{"start":{"line":70,"column":40},"end":{"line":77,"column":1}},"line":70},"5":{"name":"(anonymous_5)","decl":{"start":{"line":79,"column":23},"end":{"line":79,"column":24}},"loc":{"start":{"line":79,"column":41},"end":{"line":85,"column":1}},"line":79},"6":{"name":"(anonymous_6)","decl":{"start":{"line":87,"column":18},"end":{"line":87,"column":19}},"loc":{"start":{"line":87,"column":33},"end":{"line":93,"column":1}},"line":87},"7":{"name":"(anonymous_7)","decl":{"start":{"line":95,"column":23},"end":{"line":95,"column":24}},"loc":{"start":{"line":95,"column":41},"end":{"line":101,"column":1}},"line":95},"8":{"name":"(anonymous_8)","decl":{"start":{"line":103,"column":21},"end":{"line":103,"column":22}},"loc":{"start":{"line":103,"column":44},"end":{"line":112,"column":1}},"line":103},"9":{"name":"(anonymous_9)","decl":{"start":{"line":114,"column":16},"end":{"line":114,"column":17}},"loc":{"start":{"line":114,"column":38},"end":{"line":122,"column":1}},"line":114},"10":{"name":"(anonymous_10)","decl":{"start":{"line":124,"column":20},"end":{"line":124,"column":21}},"loc":{"start":{"line":124,"column":33},"end":{"line":126,"column":1}},"line":124},"11":{"name":"(anonymous_11)","decl":{"start":{"line":128,"column":21},"end":{"line":128,"column":22}},"loc":{"start":{"line":128,"column":34},"end":{"line":153,"column":1}},"line":128},"12":{"name":"(anonymous_12)","decl":{"start":{"line":155,"column":19},"end":{"line":155,"column":20}},"loc":{"start":{"line":155,"column":38},"end":{"line":161,"column":1}},"line":155},"13":{"name":"(anonymous_13)","decl":{"start":{"line":156,"column":21},"end":{"line":156,"column":22}},"loc":{"start":{"line":156,"column":32},"end":{"line":160,"column":3}},"line":156},"14":{"name":"(anonymous_14)","decl":{"start":{"line":168,"column":26},"end":{"line":168,"column":27}},"loc":{"start":{"line":168,"column":52},"end":{"line":178,"column":1}},"line":168},"15":{"name":"(anonymous_15)","decl":{"start":{"line":169,"column":21},"end":{"line":169,"column":22}},"loc":{"start":{"line":169,"column":42},"end":{"line":177,"column":3}},"line":169},"16":{"name":"(anonymous_16)","decl":{"start":{"line":170,"column":32},"end":{"line":170,"column":33}},"loc":{"start":{"line":170,"column":49},"end":{"line":176,"column":5}},"line":170},"17":{"name":"(anonymous_17)","decl":{"start":{"line":180,"column":28},"end":{"line":180,"column":29}},"loc":{"start":{"line":180,"column":44},"end":{"line":198,"column":1}},"line":180},"18":{"name":"(anonymous_18)","decl":{"start":{"line":181,"column":21},"end":{"line":181,"column":22}},"loc":{"start":{"line":181,"column":42},"end":{"line":197,"column":3}},"line":181},"19":{"name":"(anonymous_19)","decl":{"start":{"line":182,"column":61},"end":{"line":182,"column":62}},"loc":{"start":{"line":182,"column":77},"end":{"line":196,"column":5}},"line":182},"20":{"name":"(anonymous_20)","decl":{"start":{"line":190,"column":34},"end":{"line":190,"column":35}},"loc":{"start":{"line":190,"column":42},"end":{"line":194,"column":7}},"line":190}},"branchMap":{"0":{"loc":{"start":{"line":104,"column":25},"end":{"line":104,"column":60}},"type":"binary-expr","locations":[{"start":{"line":104,"column":25},"end":{"line":104,"column":40}},{"start":{"line":104,"column":44},"end":{"line":104,"column":60}}],"line":104},"1":{"loc":{"start":{"line":107,"column":4},"end":{"line":109,"column":5}},"type":"if","locations":[{"start":{"line":107,"column":4},"end":{"line":109,"column":5}},{"start":{"line":107,"column":4},"end":{"line":109,"column":5}}],"line":107},"2":{"loc":{"start":{"line":117,"column":4},"end":{"line":119,"column":5}},"type":"if","locations":[{"start":{"line":117,"column":4},"end":{"line":119,"column":5}},{"start":{"line":117,"column":4},"end":{"line":119,"column":5}}],"line":117},"3":{"loc":{"start":{"line":129,"column":2},"end":{"line":131,"column":3}},"type":"if","locations":[{"start":{"line":129,"column":2},"end":{"line":131,"column":3}},{"start":{"line":129,"column":2},"end":{"line":131,"column":3}}],"line":129},"4":{"loc":{"start":{"line":148,"column":4},"end":{"line":150,"column":5}},"type":"if","locations":[{"start":{"line":148,"column":4},"end":{"line":150,"column":5}},{"start":{"line":148,"column":4},"end":{"line":150,"column":5}}],"line":148},"5":{"loc":{"start":{"line":171,"column":6},"end":{"line":175,"column":7}},"type":"if","locations":[{"start":{"line":171,"column":6},"end":{"line":175,"column":7}},{"start":{"line":171,"column":6},"end":{"line":175,"column":7}}],"line":171},"6":{"loc":{"start":{"line":183,"column":6},"end":{"line":185,"column":7}},"type":"if","locations":[{"start":{"line":183,"column":6},"end":{"line":185,"column":7}},{"start":{"line":183,"column":6},"end":{"line":185,"column":7}}],"line":183},"7":{"loc":{"start":{"line":186,"column":6},"end":{"line":188,"column":7}},"type":"if","locations":[{"start":{"line":186,"column":6},"end":{"line":188,"column":7}},{"start":{"line":186,"column":6},"end":{"line":188,"column":7}}],"line":186},"8":{"loc":{"start":{"line":186,"column":10},"end":{"line":186,"column":47}},"type":"binary-expr","locations":[{"start":{"line":186,"column":10},"end":{"line":186,"column":27}},{"start":{"line":186,"column":31},"end":{"line":186,"column":47}}],"line":186}},"s":{"0":1,"1":1,"2":1,"3":1,"4":19,"5":19,"6":19,"7":388,"8":19,"9":1,"10":0,"11":0,"12":0,"13":0,"14":0,"15":0,"16":1,"17":0,"18":0,"19":0,"20":0,"21":0,"22":0,"23":0,"24":1,"25":0,"26":1,"27":30,"28":30,"29":30,"30":517,"31":517,"32":30,"33":1,"34":0,"35":0,"36":0,"37":0,"38":0,"39":1,"40":26,"41":26,"42":26,"43":116,"44":26,"45":1,"46":0,"47":0,"48":0,"49":0,"50":0,"51":1,"52":5,"53":5,"54":5,"55":15,"56":15,"57":15,"58":5,"59":0,"60":1,"61":406,"62":15439,"63":15,"64":391,"65":1,"66":0,"67":1,"68":0,"69":0,"70":0,"71":0,"72":0,"73":0,"74":0,"75":0,"76":0,"77":0,"78":0,"79":0,"80":0,"81":0,"82":1,"83":0,"84":0,"85":1,"86":0,"87":0,"88":0,"89":0,"90":0,"91":1,"92":0,"93":0,"94":0,"95":0,"96":0,"97":0,"98":0,"99":0,"100":0,"101":0,"102":0,"103":0},"f":{"0":19,"1":0,"2":0,"3":0,"4":30,"5":0,"6":26,"7":0,"8":5,"9":406,"10":0,"11":0,"12":0,"13":0,"14":0,"15":0,"16":0,"17":0,"18":0,"19":0,"20":0},"b":{"0":[15,15],"1":[5,10],"2":[15,15424],"3":[0,0],"4":[0,0],"5":[0,0],"6":[0,0],"7":[0,0],"8":[0,0]},"_coverageSchema":"43e27e138ebf9cfc5966b082cf9a028302ed4184","hash":"3caa1e4ce4fb9b2828dfb85aabccd57825ef9f40","contentHash":"13b6223a7a6455bde05c392469a3adedd7b105dc98f74ac1afcc985ed5c08979"},"/home/casatta/git/javascript-opentimestamps/src/timestamp.js":{"path":"/home/casatta/git/javascript-opentimestamps/src/timestamp.js","statementMap":{"0":{"start":{"line":10,"column":16},"end":{"line":10,"column":38}},"1":{"start":{"line":11,"column":14},"end":{"line":11,"column":35}},"2":{"start":{"line":12,"column":15},"end":{"line":12,"column":37}},"3":{"start":{"line":13,"column":12},"end":{"line":13,"column":31}},"4":{"start":{"line":14,"column":16},"end":{"line":14,"column":39}},"5":{"start":{"line":29,"column":4},"end":{"line":33,"column":5}},"6":{"start":{"line":30,"column":6},"end":{"line":30,"column":74}},"7":{"start":{"line":31,"column":11},"end":{"line":33,"column":5}},"8":{"start":{"line":32,"column":6},"end":{"line":32,"column":118}},"9":{"start":{"line":34,"column":4},"end":{"line":34,"column":18}},"10":{"start":{"line":35,"column":4},"end":{"line":35,"column":26}},"11":{"start":{"line":36,"column":4},"end":{"line":36,"column":24}},"12":{"start":{"line":40,"column":4},"end":{"line":40,"column":19}},"13":{"start":{"line":57,"column":17},"end":{"line":57,"column":42}},"14":{"start":{"line":61,"column":6},"end":{"line":73,"column":7}},"15":{"start":{"line":62,"column":28},"end":{"line":62,"column":67}},"16":{"start":{"line":63,"column":8},"end":{"line":63,"column":43}},"17":{"start":{"line":66,"column":19},"end":{"line":66,"column":54}},"18":{"start":{"line":68,"column":23},"end":{"line":68,"column":42}},"19":{"start":{"line":71,"column":22},"end":{"line":71,"column":56}},"20":{"start":{"line":72,"column":8},"end":{"line":72,"column":31}},"21":{"start":{"line":76,"column":14},"end":{"line":76,"column":33}},"22":{"start":{"line":77,"column":4},"end":{"line":81,"column":5}},"23":{"start":{"line":78,"column":22},"end":{"line":78,"column":41}},"24":{"start":{"line":79,"column":6},"end":{"line":79,"column":45}},"25":{"start":{"line":80,"column":6},"end":{"line":80,"column":31}},"26":{"start":{"line":82,"column":4},"end":{"line":82,"column":39}},"27":{"start":{"line":84,"column":4},"end":{"line":84,"column":15}},"28":{"start":{"line":95,"column":4},"end":{"line":97,"column":5}},"29":{"start":{"line":96,"column":6},"end":{"line":96,"column":77}},"30":{"start":{"line":100,"column":31},"end":{"line":100,"column":48}},"31":{"start":{"line":101,"column":4},"end":{"line":103,"column":6}},"32":{"start":{"line":102,"column":6},"end":{"line":102,"column":27}},"33":{"start":{"line":105,"column":4},"end":{"line":110,"column":5}},"34":{"start":{"line":106,"column":6},"end":{"line":109,"column":7}},"35":{"start":{"line":106,"column":19},"end":{"line":106,"column":20}},"36":{"start":{"line":107,"column":8},"end":{"line":107,"column":36}},"37":{"start":{"line":108,"column":8},"end":{"line":108,"column":44}},"38":{"start":{"line":112,"column":4},"end":{"line":143,"column":5}},"39":{"start":{"line":113,"column":6},"end":{"line":116,"column":7}},"40":{"start":{"line":114,"column":8},"end":{"line":114,"column":27}},"41":{"start":{"line":115,"column":8},"end":{"line":115,"column":72}},"42":{"start":{"line":117,"column":11},"end":{"line":143,"column":5}},"43":{"start":{"line":118,"column":6},"end":{"line":121,"column":7}},"44":{"start":{"line":119,"column":8},"end":{"line":119,"column":36}},"45":{"start":{"line":120,"column":8},"end":{"line":120,"column":72}},"46":{"start":{"line":124,"column":18},"end":{"line":124,"column":19}},"47":{"start":{"line":125,"column":6},"end":{"line":132,"column":8}},"48":{"start":{"line":126,"column":8},"end":{"line":129,"column":9}},"49":{"start":{"line":127,"column":10},"end":{"line":127,"column":32}},"50":{"start":{"line":128,"column":10},"end":{"line":128,"column":17}},"51":{"start":{"line":130,"column":8},"end":{"line":130,"column":25}},"52":{"start":{"line":131,"column":8},"end":{"line":131,"column":28}},"53":{"start":{"line":151,"column":4},"end":{"line":153,"column":5}},"54":{"start":{"line":152,"column":6},"end":{"line":152,"column":72}},"55":{"start":{"line":154,"column":4},"end":{"line":156,"column":5}},"56":{"start":{"line":155,"column":6},"end":{"line":155,"column":93}},"57":{"start":{"line":158,"column":4},"end":{"line":160,"column":6}},"58":{"start":{"line":159,"column":6},"end":{"line":159,"column":41}},"59":{"start":{"line":162,"column":4},"end":{"line":170,"column":6}},"60":{"start":{"line":164,"column":23},"end":{"line":164,"column":44}},"61":{"start":{"line":165,"column":6},"end":{"line":168,"column":7}},"62":{"start":{"line":166,"column":8},"end":{"line":166,"column":58}},"63":{"start":{"line":167,"column":8},"end":{"line":167,"column":41}},"64":{"start":{"line":169,"column":6},"end":{"line":169,"column":36}},"65":{"start":{"line":178,"column":16},"end":{"line":178,"column":25}},"66":{"start":{"line":179,"column":4},"end":{"line":181,"column":6}},"67":{"start":{"line":180,"column":6},"end":{"line":180,"column":36}},"68":{"start":{"line":182,"column":4},"end":{"line":187,"column":6}},"69":{"start":{"line":183,"column":21},"end":{"line":183,"column":46}},"70":{"start":{"line":184,"column":6},"end":{"line":186,"column":8}},"71":{"start":{"line":185,"column":8},"end":{"line":185,"column":21}},"72":{"start":{"line":188,"column":4},"end":{"line":188,"column":14}},"73":{"start":{"line":197,"column":17},"end":{"line":197,"column":19}},"74":{"start":{"line":198,"column":4},"end":{"line":198,"column":87}},"75":{"start":{"line":199,"column":4},"end":{"line":199,"column":90}},"76":{"start":{"line":200,"column":12},"end":{"line":200,"column":13}},"77":{"start":{"line":201,"column":4},"end":{"line":204,"column":6}},"78":{"start":{"line":202,"column":6},"end":{"line":202,"column":92}},"79":{"start":{"line":203,"column":6},"end":{"line":203,"column":9}},"80":{"start":{"line":206,"column":4},"end":{"line":206,"column":9}},"81":{"start":{"line":207,"column":4},"end":{"line":207,"column":70}},"82":{"start":{"line":208,"column":4},"end":{"line":213,"column":6}},"83":{"start":{"line":209,"column":6},"end":{"line":209,"column":87}},"84":{"start":{"line":210,"column":6},"end":{"line":210,"column":73}},"85":{"start":{"line":211,"column":6},"end":{"line":211,"column":42}},"86":{"start":{"line":212,"column":6},"end":{"line":212,"column":9}},"87":{"start":{"line":214,"column":4},"end":{"line":214,"column":18}},"88":{"start":{"line":215,"column":4},"end":{"line":215,"column":17}},"89":{"start":{"line":223,"column":17},"end":{"line":223,"column":19}},"90":{"start":{"line":224,"column":4},"end":{"line":226,"column":5}},"91":{"start":{"line":225,"column":6},"end":{"line":225,"column":14}},"92":{"start":{"line":227,"column":4},"end":{"line":249,"column":5}},"93":{"start":{"line":228,"column":6},"end":{"line":228,"column":28}},"94":{"start":{"line":229,"column":6},"end":{"line":248,"column":8}},"95":{"start":{"line":230,"column":21},"end":{"line":230,"column":23}},"96":{"start":{"line":231,"column":8},"end":{"line":231,"column":24}},"97":{"start":{"line":232,"column":8},"end":{"line":246,"column":9}},"98":{"start":{"line":233,"column":10},"end":{"line":233,"column":42}},"99":{"start":{"line":234,"column":10},"end":{"line":234,"column":38}},"100":{"start":{"line":235,"column":15},"end":{"line":246,"column":9}},"101":{"start":{"line":236,"column":10},"end":{"line":236,"column":42}},"102":{"start":{"line":237,"column":10},"end":{"line":237,"column":42}},"103":{"start":{"line":238,"column":15},"end":{"line":246,"column":9}},"104":{"start":{"line":239,"column":10},"end":{"line":239,"column":53}},"105":{"start":{"line":240,"column":10},"end":{"line":240,"column":41}},"106":{"start":{"line":241,"column":10},"end":{"line":241,"column":60}},"107":{"start":{"line":242,"column":15},"end":{"line":246,"column":9}},"108":{"start":{"line":243,"column":10},"end":{"line":243,"column":54}},"109":{"start":{"line":244,"column":10},"end":{"line":244,"column":41}},"110":{"start":{"line":245,"column":10},"end":{"line":245,"column":60}},"111":{"start":{"line":247,"column":8},"end":{"line":247,"column":36}},"112":{"start":{"line":251,"column":4},"end":{"line":251,"column":44}},"113":{"start":{"line":252,"column":4},"end":{"line":257,"column":5}},"114":{"start":{"line":253,"column":6},"end":{"line":253,"column":53}},"115":{"start":{"line":254,"column":6},"end":{"line":254,"column":74}},"116":{"start":{"line":255,"column":6},"end":{"line":255,"column":51}},"117":{"start":{"line":259,"column":4},"end":{"line":261,"column":5}},"118":{"start":{"line":260,"column":6},"end":{"line":260,"column":12}},"119":{"start":{"line":262,"column":4},"end":{"line":281,"column":5}},"120":{"start":{"line":263,"column":6},"end":{"line":263,"column":19}},"121":{"start":{"line":264,"column":18},"end":{"line":264,"column":19}},"122":{"start":{"line":265,"column":6},"end":{"line":280,"column":8}},"123":{"start":{"line":266,"column":21},"end":{"line":266,"column":23}},"124":{"start":{"line":267,"column":8},"end":{"line":267,"column":32}},"125":{"start":{"line":268,"column":8},"end":{"line":268,"column":32}},"126":{"start":{"line":269,"column":8},"end":{"line":269,"column":73}},"127":{"start":{"line":270,"column":8},"end":{"line":270,"column":53}},"128":{"start":{"line":271,"column":8},"end":{"line":271,"column":55}},"129":{"start":{"line":272,"column":8},"end":{"line":277,"column":9}},"130":{"start":{"line":273,"column":10},"end":{"line":273,"column":62}},"131":{"start":{"line":274,"column":10},"end":{"line":274,"column":83}},"132":{"start":{"line":275,"column":10},"end":{"line":275,"column":55}},"133":{"start":{"line":278,"column":8},"end":{"line":278,"column":27}},"134":{"start":{"line":279,"column":8},"end":{"line":279,"column":15}},"135":{"start":{"line":282,"column":4},"end":{"line":282,"column":15}},"136":{"start":{"line":291,"column":12},"end":{"line":291,"column":14}},"137":{"start":{"line":292,"column":4},"end":{"line":294,"column":5}},"138":{"start":{"line":292,"column":17},"end":{"line":292,"column":18}},"139":{"start":{"line":293,"column":6},"end":{"line":293,"column":17}},"140":{"start":{"line":295,"column":4},"end":{"line":295,"column":12}},"141":{"start":{"line":305,"column":20},"end":{"line":305,"column":22}},"142":{"start":{"line":306,"column":4},"end":{"line":306,"column":31}},"143":{"start":{"line":307,"column":4},"end":{"line":307,"column":31}},"144":{"start":{"line":308,"column":4},"end":{"line":308,"column":32}},"145":{"start":{"line":309,"column":4},"end":{"line":309,"column":32}},"146":{"start":{"line":310,"column":4},"end":{"line":310,"column":29}},"147":{"start":{"line":311,"column":4},"end":{"line":311,"column":28}},"148":{"start":{"line":312,"column":4},"end":{"line":312,"column":28}},"149":{"start":{"line":313,"column":4},"end":{"line":313,"column":33}},"150":{"start":{"line":316,"column":15},"end":{"line":316,"column":17}},"151":{"start":{"line":317,"column":6},"end":{"line":336,"column":7}},"152":{"start":{"line":318,"column":8},"end":{"line":318,"column":20}},"153":{"start":{"line":319,"column":26},"end":{"line":319,"column":50}},"154":{"start":{"line":320,"column":8},"end":{"line":335,"column":9}},"155":{"start":{"line":321,"column":10},"end":{"line":321,"column":25}},"156":{"start":{"line":323,"column":31},"end":{"line":323,"column":58}},"157":{"start":{"line":324,"column":10},"end":{"line":334,"column":11}},"158":{"start":{"line":325,"column":26},"end":{"line":325,"column":57}},"159":{"start":{"line":326,"column":42},"end":{"line":326,"column":84}},"160":{"start":{"line":327,"column":12},"end":{"line":331,"column":13}},"161":{"start":{"line":328,"column":14},"end":{"line":328,"column":110}},"162":{"start":{"line":330,"column":14},"end":{"line":330,"column":73}},"163":{"start":{"line":333,"column":12},"end":{"line":333,"column":27}},"164":{"start":{"line":337,"column":6},"end":{"line":337,"column":15}},"165":{"start":{"line":340,"column":4},"end":{"line":342,"column":5}},"166":{"start":{"line":341,"column":6},"end":{"line":341,"column":16}},"167":{"start":{"line":343,"column":4},"end":{"line":345,"column":5}},"168":{"start":{"line":344,"column":6},"end":{"line":344,"column":19}},"169":{"start":{"line":346,"column":12},"end":{"line":346,"column":14}},"170":{"start":{"line":347,"column":4},"end":{"line":359,"column":5}},"171":{"start":{"line":348,"column":6},"end":{"line":358,"column":8}},"172":{"start":{"line":349,"column":8},"end":{"line":349,"column":117}},"173":{"start":{"line":350,"column":8},"end":{"line":353,"column":9}},"174":{"start":{"line":351,"column":21},"end":{"line":351,"column":73}},"175":{"start":{"line":352,"column":10},"end":{"line":352,"column":87}},"176":{"start":{"line":354,"column":8},"end":{"line":357,"column":9}},"177":{"start":{"line":355,"column":21},"end":{"line":355,"column":73}},"178":{"start":{"line":356,"column":10},"end":{"line":356,"column":88}},"179":{"start":{"line":360,"column":4},"end":{"line":388,"column":5}},"180":{"start":{"line":361,"column":6},"end":{"line":373,"column":8}},"181":{"start":{"line":362,"column":8},"end":{"line":368,"column":9}},"182":{"start":{"line":363,"column":10},"end":{"line":363,"column":57}},"183":{"start":{"line":364,"column":19},"end":{"line":364,"column":103}},"184":{"start":{"line":365,"column":10},"end":{"line":365,"column":35}},"185":{"start":{"line":366,"column":10},"end":{"line":366,"column":84}},"186":{"start":{"line":369,"column":23},"end":{"line":369,"column":40}},"187":{"start":{"line":370,"column":23},"end":{"line":370,"column":29}},"188":{"start":{"line":371,"column":8},"end":{"line":371,"column":111}},"189":{"start":{"line":372,"column":8},"end":{"line":372,"column":53}},"190":{"start":{"line":374,"column":11},"end":{"line":388,"column":5}},"191":{"start":{"line":375,"column":6},"end":{"line":381,"column":7}},"192":{"start":{"line":376,"column":8},"end":{"line":376,"column":55}},"193":{"start":{"line":377,"column":17},"end":{"line":377,"column":101}},"194":{"start":{"line":378,"column":8},"end":{"line":378,"column":33}},"195":{"start":{"line":379,"column":8},"end":{"line":379,"column":74}},"196":{"start":{"line":382,"column":17},"end":{"line":382,"column":45}},"197":{"start":{"line":383,"column":20},"end":{"line":383,"column":50}},"198":{"start":{"line":384,"column":21},"end":{"line":384,"column":38}},"199":{"start":{"line":385,"column":21},"end":{"line":385,"column":27}},"200":{"start":{"line":386,"column":6},"end":{"line":386,"column":100}},"201":{"start":{"line":387,"column":6},"end":{"line":387,"column":43}},"202":{"start":{"line":389,"column":4},"end":{"line":389,"column":12}},"203":{"start":{"line":396,"column":4},"end":{"line":398,"column":5}},"204":{"start":{"line":397,"column":6},"end":{"line":397,"column":28}},"205":{"start":{"line":399,"column":16},"end":{"line":399,"column":18}},"206":{"start":{"line":400,"column":4},"end":{"line":403,"column":6}},"207":{"start":{"line":401,"column":21},"end":{"line":401,"column":45}},"208":{"start":{"line":402,"column":6},"end":{"line":402,"column":34}},"209":{"start":{"line":404,"column":4},"end":{"line":404,"column":16}},"210":{"start":{"line":411,"column":16},"end":{"line":411,"column":25}},"211":{"start":{"line":412,"column":4},"end":{"line":414,"column":6}},"212":{"start":{"line":413,"column":6},"end":{"line":413,"column":26}},"213":{"start":{"line":415,"column":4},"end":{"line":415,"column":14}},"214":{"start":{"line":422,"column":16},"end":{"line":422,"column":21}},"215":{"start":{"line":423,"column":4},"end":{"line":431,"column":6}},"216":{"start":{"line":424,"column":6},"end":{"line":430,"column":7}},"217":{"start":{"line":425,"column":8},"end":{"line":425,"column":20}},"218":{"start":{"line":426,"column":13},"end":{"line":430,"column":7}},"219":{"start":{"line":427,"column":8},"end":{"line":427,"column":20}},"220":{"start":{"line":428,"column":13},"end":{"line":430,"column":7}},"221":{"start":{"line":429,"column":8},"end":{"line":429,"column":20}},"222":{"start":{"line":432,"column":4},"end":{"line":432,"column":16}},"223":{"start":{"line":440,"column":4},"end":{"line":442,"column":5}},"224":{"start":{"line":441,"column":6},"end":{"line":441,"column":18}},"225":{"start":{"line":443,"column":4},"end":{"line":445,"column":5}},"226":{"start":{"line":444,"column":6},"end":{"line":444,"column":18}},"227":{"start":{"line":448,"column":4},"end":{"line":450,"column":5}},"228":{"start":{"line":449,"column":6},"end":{"line":449,"column":18}},"229":{"start":{"line":451,"column":4},"end":{"line":453,"column":5}},"230":{"start":{"line":452,"column":6},"end":{"line":452,"column":18}},"231":{"start":{"line":455,"column":4},"end":{"line":461,"column":5}},"232":{"start":{"line":455,"column":17},"end":{"line":455,"column":18}},"233":{"start":{"line":456,"column":17},"end":{"line":456,"column":37}},"234":{"start":{"line":457,"column":17},"end":{"line":457,"column":40}},"235":{"start":{"line":458,"column":6},"end":{"line":460,"column":7}},"236":{"start":{"line":459,"column":8},"end":{"line":459,"column":20}},"237":{"start":{"line":464,"column":4},"end":{"line":466,"column":5}},"238":{"start":{"line":465,"column":6},"end":{"line":465,"column":18}},"239":{"start":{"line":468,"column":14},"end":{"line":468,"column":29}},"240":{"start":{"line":469,"column":14},"end":{"line":469,"column":29}},"241":{"start":{"line":470,"column":4},"end":{"line":476,"column":5}},"242":{"start":{"line":470,"column":17},"end":{"line":470,"column":18}},"243":{"start":{"line":471,"column":18},"end":{"line":471,"column":34}},"244":{"start":{"line":472,"column":18},"end":{"line":472,"column":34}},"245":{"start":{"line":473,"column":6},"end":{"line":475,"column":7}},"246":{"start":{"line":474,"column":8},"end":{"line":474,"column":20}},"247":{"start":{"line":478,"column":4},"end":{"line":478,"column":27}},"248":{"start":{"line":479,"column":4},"end":{"line":479,"column":27}},"249":{"start":{"line":480,"column":4},"end":{"line":486,"column":5}},"250":{"start":{"line":480,"column":17},"end":{"line":480,"column":18}},"251":{"start":{"line":481,"column":17},"end":{"line":481,"column":33}},"252":{"start":{"line":482,"column":17},"end":{"line":482,"column":33}},"253":{"start":{"line":483,"column":6},"end":{"line":485,"column":7}},"254":{"start":{"line":484,"column":8},"end":{"line":484,"column":20}},"255":{"start":{"line":488,"column":4},"end":{"line":488,"column":15}},"256":{"start":{"line":500,"column":4},"end":{"line":502,"column":5}},"257":{"start":{"line":501,"column":6},"end":{"line":501,"column":29}},"258":{"start":{"line":504,"column":18},"end":{"line":504,"column":50}},"259":{"start":{"line":505,"column":4},"end":{"line":505,"column":27}},"260":{"start":{"line":506,"column":4},"end":{"line":506,"column":16}},"261":{"start":{"line":514,"column":16},"end":{"line":514,"column":25}},"262":{"start":{"line":515,"column":4},"end":{"line":517,"column":5}},"263":{"start":{"line":516,"column":6},"end":{"line":516,"column":23}},"264":{"start":{"line":518,"column":4},"end":{"line":523,"column":6}},"265":{"start":{"line":519,"column":21},"end":{"line":519,"column":36}},"266":{"start":{"line":520,"column":6},"end":{"line":522,"column":8}},"267":{"start":{"line":521,"column":8},"end":{"line":521,"column":20}},"268":{"start":{"line":524,"column":4},"end":{"line":524,"column":14}},"269":{"start":{"line":528,"column":0},"end":{"line":528,"column":26}}},"fnMap":{"0":{"name":"(anonymous_0)","decl":{"start":{"line":28,"column":2},"end":{"line":28,"column":3}},"loc":{"start":{"line":28,"column":20},"end":{"line":37,"column":3}},"line":28},"1":{"name":"(anonymous_1)","decl":{"start":{"line":39,"column":2},"end":{"line":39,"column":3}},"loc":{"start":{"line":39,"column":15},"end":{"line":41,"column":3}},"line":39},"2":{"name":"(anonymous_2)","decl":{"start":{"line":55,"column":2},"end":{"line":55,"column":3}},"loc":{"start":{"line":55,"column":39},"end":{"line":85,"column":3}},"line":55},"3":{"name":"doTagOrAttestation","decl":{"start":{"line":59,"column":13},"end":{"line":59,"column":31}},"loc":{"start":{"line":59,"column":50},"end":{"line":74,"column":5}},"line":59},"4":{"name":"(anonymous_4)","decl":{"start":{"line":91,"column":2},"end":{"line":91,"column":3}},"loc":{"start":{"line":91,"column":18},"end":{"line":144,"column":3}},"line":91},"5":{"name":"(anonymous_5)","decl":{"start":{"line":101,"column":28},"end":{"line":101,"column":29}},"loc":{"start":{"line":101,"column":38},"end":{"line":103,"column":5}},"line":101},"6":{"name":"(anonymous_6)","decl":{"start":{"line":125,"column":23},"end":{"line":125,"column":24}},"loc":{"start":{"line":125,"column":38},"end":{"line":132,"column":7}},"line":125},"7":{"name":"(anonymous_7)","decl":{"start":{"line":150,"column":2},"end":{"line":150,"column":3}},"loc":{"start":{"line":150,"column":16},"end":{"line":171,"column":3}},"line":150},"8":{"name":"(anonymous_8)","decl":{"start":{"line":158,"column":31},"end":{"line":158,"column":32}},"loc":{"start":{"line":158,"column":46},"end":{"line":160,"column":5}},"line":158},"9":{"name":"(anonymous_9)","decl":{"start":{"line":162,"column":22},"end":{"line":162,"column":23}},"loc":{"start":{"line":162,"column":49},"end":{"line":170,"column":5}},"line":162},"10":{"name":"(anonymous_10)","decl":{"start":{"line":177,"column":2},"end":{"line":177,"column":3}},"loc":{"start":{"line":177,"column":21},"end":{"line":189,"column":3}},"line":177},"11":{"name":"(anonymous_11)","decl":{"start":{"line":179,"column":30},"end":{"line":179,"column":31}},"loc":{"start":{"line":179,"column":45},"end":{"line":181,"column":5}},"line":179},"12":{"name":"(anonymous_12)","decl":{"start":{"line":182,"column":21},"end":{"line":182,"column":22}},"loc":{"start":{"line":182,"column":32},"end":{"line":187,"column":5}},"line":182},"13":{"name":"(anonymous_13)","decl":{"start":{"line":184,"column":21},"end":{"line":184,"column":22}},"loc":{"start":{"line":184,"column":31},"end":{"line":186,"column":7}},"line":184},"14":{"name":"(anonymous_14)","decl":{"start":{"line":196,"column":2},"end":{"line":196,"column":3}},"loc":{"start":{"line":196,"column":24},"end":{"line":216,"column":3}},"line":196},"15":{"name":"(anonymous_15)","decl":{"start":{"line":201,"column":30},"end":{"line":201,"column":31}},"loc":{"start":{"line":201,"column":45},"end":{"line":204,"column":5}},"line":201},"16":{"name":"(anonymous_16)","decl":{"start":{"line":208,"column":21},"end":{"line":208,"column":22}},"loc":{"start":{"line":208,"column":36},"end":{"line":213,"column":5}},"line":208},"17":{"name":"(anonymous_17)","decl":{"start":{"line":222,"column":2},"end":{"line":222,"column":3}},"loc":{"start":{"line":222,"column":16},"end":{"line":283,"column":3}},"line":222},"18":{"name":"(anonymous_18)","decl":{"start":{"line":229,"column":32},"end":{"line":229,"column":33}},"loc":{"start":{"line":229,"column":47},"end":{"line":248,"column":7}},"line":229},"19":{"name":"(anonymous_19)","decl":{"start":{"line":265,"column":23},"end":{"line":265,"column":24}},"loc":{"start":{"line":265,"column":42},"end":{"line":280,"column":7}},"line":265},"20":{"name":"(anonymous_20)","decl":{"start":{"line":290,"column":2},"end":{"line":290,"column":3}},"loc":{"start":{"line":290,"column":25},"end":{"line":296,"column":3}},"line":290},"21":{"name":"(anonymous_21)","decl":{"start":{"line":304,"column":2},"end":{"line":304,"column":3}},"loc":{"start":{"line":304,"column":30},"end":{"line":390,"column":3}},"line":304},"22":{"name":"strResult","decl":{"start":{"line":315,"column":13},"end":{"line":315,"column":22}},"loc":{"start":{"line":315,"column":49},"end":{"line":338,"column":5}},"line":315},"23":{"name":"(anonymous_23)","decl":{"start":{"line":348,"column":32},"end":{"line":348,"column":33}},"loc":{"start":{"line":348,"column":47},"end":{"line":358,"column":7}},"line":348},"24":{"name":"(anonymous_24)","decl":{"start":{"line":361,"column":23},"end":{"line":361,"column":24}},"loc":{"start":{"line":361,"column":42},"end":{"line":373,"column":7}},"line":361},"25":{"name":"(anonymous_25)","decl":{"start":{"line":395,"column":2},"end":{"line":395,"column":3}},"loc":{"start":{"line":395,"column":22},"end":{"line":405,"column":3}},"line":395},"26":{"name":"(anonymous_26)","decl":{"start":{"line":400,"column":21},"end":{"line":400,"column":22}},"loc":{"start":{"line":400,"column":30},"end":{"line":403,"column":5}},"line":400},"27":{"name":"(anonymous_27)","decl":{"start":{"line":410,"column":2},"end":{"line":410,"column":3}},"loc":{"start":{"line":410,"column":21},"end":{"line":416,"column":3}},"line":410},"28":{"name":"(anonymous_28)","decl":{"start":{"line":412,"column":35},"end":{"line":412,"column":36}},"loc":{"start":{"line":412,"column":50},"end":{"line":414,"column":5}},"line":412},"29":{"name":"(anonymous_29)","decl":{"start":{"line":421,"column":2},"end":{"line":421,"column":3}},"loc":{"start":{"line":421,"column":25},"end":{"line":433,"column":3}},"line":421},"30":{"name":"(anonymous_30)","decl":{"start":{"line":423,"column":35},"end":{"line":423,"column":36}},"loc":{"start":{"line":423,"column":50},"end":{"line":431,"column":5}},"line":423},"31":{"name":"(anonymous_31)","decl":{"start":{"line":439,"column":2},"end":{"line":439,"column":3}},"loc":{"start":{"line":439,"column":19},"end":{"line":489,"column":3}},"line":439},"32":{"name":"(anonymous_32)","decl":{"start":{"line":496,"column":2},"end":{"line":496,"column":3}},"loc":{"start":{"line":496,"column":11},"end":{"line":507,"column":3}},"line":496},"33":{"name":"(anonymous_33)","decl":{"start":{"line":513,"column":2},"end":{"line":513,"column":3}},"loc":{"start":{"line":513,"column":13},"end":{"line":525,"column":3}},"line":513},"34":{"name":"(anonymous_34)","decl":{"start":{"line":518,"column":21},"end":{"line":518,"column":22}},"loc":{"start":{"line":518,"column":30},"end":{"line":523,"column":5}},"line":518},"35":{"name":"(anonymous_35)","decl":{"start":{"line":520,"column":21},"end":{"line":520,"column":22}},"loc":{"start":{"line":520,"column":28},"end":{"line":522,"column":7}},"line":520}},"branchMap":{"0":{"loc":{"start":{"line":29,"column":4},"end":{"line":33,"column":5}},"type":"if","locations":[{"start":{"line":29,"column":4},"end":{"line":33,"column":5}},{"start":{"line":29,"column":4},"end":{"line":33,"column":5}}],"line":29},"1":{"loc":{"start":{"line":29,"column":8},"end":{"line":29,"column":39}},"type":"binary-expr","locations":[{"start":{"line":29,"column":8},"end":{"line":29,"column":12}},{"start":{"line":29,"column":16},"end":{"line":29,"column":39}}],"line":29},"2":{"loc":{"start":{"line":31,"column":11},"end":{"line":33,"column":5}},"type":"if","locations":[{"start":{"line":31,"column":11},"end":{"line":33,"column":5}},{"start":{"line":31,"column":11},"end":{"line":33,"column":5}}],"line":31},"3":{"loc":{"start":{"line":61,"column":6},"end":{"line":73,"column":7}},"type":"if","locations":[{"start":{"line":61,"column":6},"end":{"line":73,"column":7}},{"start":{"line":61,"column":6},"end":{"line":73,"column":7}}],"line":61},"4":{"loc":{"start":{"line":95,"column":4},"end":{"line":97,"column":5}},"type":"if","locations":[{"start":{"line":95,"column":4},"end":{"line":97,"column":5}},{"start":{"line":95,"column":4},"end":{"line":97,"column":5}}],"line":95},"5":{"loc":{"start":{"line":95,"column":8},"end":{"line":95,"column":43}},"type":"binary-expr","locations":[{"start":{"line":95,"column":8},"end":{"line":95,"column":28}},{"start":{"line":95,"column":32},"end":{"line":95,"column":43}}],"line":95},"6":{"loc":{"start":{"line":105,"column":4},"end":{"line":110,"column":5}},"type":"if","locations":[{"start":{"line":105,"column":4},"end":{"line":110,"column":5}},{"start":{"line":105,"column":4},"end":{"line":110,"column":5}}],"line":105},"7":{"loc":{"start":{"line":112,"column":4},"end":{"line":143,"column":5}},"type":"if","locations":[{"start":{"line":112,"column":4},"end":{"line":143,"column":5}},{"start":{"line":112,"column":4},"end":{"line":143,"column":5}}],"line":112},"8":{"loc":{"start":{"line":113,"column":6},"end":{"line":116,"column":7}},"type":"if","locations":[{"start":{"line":113,"column":6},"end":{"line":116,"column":7}},{"start":{"line":113,"column":6},"end":{"line":116,"column":7}}],"line":113},"9":{"loc":{"start":{"line":117,"column":11},"end":{"line":143,"column":5}},"type":"if","locations":[{"start":{"line":117,"column":11},"end":{"line":143,"column":5}},{"start":{"line":117,"column":11},"end":{"line":143,"column":5}}],"line":117},"10":{"loc":{"start":{"line":118,"column":6},"end":{"line":121,"column":7}},"type":"if","locations":[{"start":{"line":118,"column":6},"end":{"line":121,"column":7}},{"start":{"line":118,"column":6},"end":{"line":121,"column":7}}],"line":118},"11":{"loc":{"start":{"line":126,"column":8},"end":{"line":129,"column":9}},"type":"if","locations":[{"start":{"line":126,"column":8},"end":{"line":129,"column":9}},{"start":{"line":126,"column":8},"end":{"line":129,"column":9}}],"line":126},"12":{"loc":{"start":{"line":151,"column":4},"end":{"line":153,"column":5}},"type":"if","locations":[{"start":{"line":151,"column":4},"end":{"line":153,"column":5}},{"start":{"line":151,"column":4},"end":{"line":153,"column":5}}],"line":151},"13":{"loc":{"start":{"line":154,"column":4},"end":{"line":156,"column":5}},"type":"if","locations":[{"start":{"line":154,"column":4},"end":{"line":156,"column":5}},{"start":{"line":154,"column":4},"end":{"line":156,"column":5}}],"line":154},"14":{"loc":{"start":{"line":165,"column":6},"end":{"line":168,"column":7}},"type":"if","locations":[{"start":{"line":165,"column":6},"end":{"line":168,"column":7}},{"start":{"line":165,"column":6},"end":{"line":168,"column":7}}],"line":165},"15":{"loc":{"start":{"line":196,"column":12},"end":{"line":196,"column":22}},"type":"default-arg","locations":[{"start":{"line":196,"column":21},"end":{"line":196,"column":22}}],"line":196},"16":{"loc":{"start":{"line":224,"column":4},"end":{"line":226,"column":5}},"type":"if","locations":[{"start":{"line":224,"column":4},"end":{"line":226,"column":5}},{"start":{"line":224,"column":4},"end":{"line":226,"column":5}}],"line":224},"17":{"loc":{"start":{"line":227,"column":4},"end":{"line":249,"column":5}},"type":"if","locations":[{"start":{"line":227,"column":4},"end":{"line":249,"column":5}},{"start":{"line":227,"column":4},"end":{"line":249,"column":5}}],"line":227},"18":{"loc":{"start":{"line":232,"column":8},"end":{"line":246,"column":9}},"type":"if","locations":[{"start":{"line":232,"column":8},"end":{"line":246,"column":9}},{"start":{"line":232,"column":8},"end":{"line":246,"column":9}}],"line":232},"19":{"loc":{"start":{"line":235,"column":15},"end":{"line":246,"column":9}},"type":"if","locations":[{"start":{"line":235,"column":15},"end":{"line":246,"column":9}},{"start":{"line":235,"column":15},"end":{"line":246,"column":9}}],"line":235},"20":{"loc":{"start":{"line":238,"column":15},"end":{"line":246,"column":9}},"type":"if","locations":[{"start":{"line":238,"column":15},"end":{"line":246,"column":9}},{"start":{"line":238,"column":15},"end":{"line":246,"column":9}}],"line":238},"21":{"loc":{"start":{"line":242,"column":15},"end":{"line":246,"column":9}},"type":"if","locations":[{"start":{"line":242,"column":15},"end":{"line":246,"column":9}},{"start":{"line":242,"column":15},"end":{"line":246,"column":9}}],"line":242},"22":{"loc":{"start":{"line":259,"column":4},"end":{"line":261,"column":5}},"type":"if","locations":[{"start":{"line":259,"column":4},"end":{"line":261,"column":5}},{"start":{"line":259,"column":4},"end":{"line":261,"column":5}}],"line":259},"23":{"loc":{"start":{"line":262,"column":4},"end":{"line":281,"column":5}},"type":"if","locations":[{"start":{"line":262,"column":4},"end":{"line":281,"column":5}},{"start":{"line":262,"column":4},"end":{"line":281,"column":5}}],"line":262},"24":{"loc":{"start":{"line":269,"column":19},"end":{"line":269,"column":73}},"type":"cond-expr","locations":[{"start":{"line":269,"column":44},"end":{"line":269,"column":46}},{"start":{"line":269,"column":49},"end":{"line":269,"column":73}}],"line":269},"25":{"loc":{"start":{"line":317,"column":6},"end":{"line":336,"column":7}},"type":"if","locations":[{"start":{"line":317,"column":6},"end":{"line":336,"column":7}},{"start":{"line":317,"column":6},"end":{"line":336,"column":7}}],"line":317},"26":{"loc":{"start":{"line":317,"column":10},"end":{"line":317,"column":42}},"type":"binary-expr","locations":[{"start":{"line":317,"column":10},"end":{"line":317,"column":18}},{"start":{"line":317,"column":22},"end":{"line":317,"column":42}}],"line":317},"27":{"loc":{"start":{"line":320,"column":8},"end":{"line":335,"column":9}},"type":"if","locations":[{"start":{"line":320,"column":8},"end":{"line":335,"column":9}},{"start":{"line":320,"column":8},"end":{"line":335,"column":9}}],"line":320},"28":{"loc":{"start":{"line":327,"column":12},"end":{"line":331,"column":13}},"type":"if","locations":[{"start":{"line":327,"column":12},"end":{"line":331,"column":13}},{"start":{"line":327,"column":12},"end":{"line":331,"column":13}}],"line":327},"29":{"loc":{"start":{"line":340,"column":4},"end":{"line":342,"column":5}},"type":"if","locations":[{"start":{"line":340,"column":4},"end":{"line":342,"column":5}},{"start":{"line":340,"column":4},"end":{"line":342,"column":5}}],"line":340},"30":{"loc":{"start":{"line":343,"column":4},"end":{"line":345,"column":5}},"type":"if","locations":[{"start":{"line":343,"column":4},"end":{"line":345,"column":5}},{"start":{"line":343,"column":4},"end":{"line":345,"column":5}}],"line":343},"31":{"loc":{"start":{"line":347,"column":4},"end":{"line":359,"column":5}},"type":"if","locations":[{"start":{"line":347,"column":4},"end":{"line":359,"column":5}},{"start":{"line":347,"column":4},"end":{"line":359,"column":5}}],"line":347},"32":{"loc":{"start":{"line":350,"column":8},"end":{"line":353,"column":9}},"type":"if","locations":[{"start":{"line":350,"column":8},"end":{"line":353,"column":9}},{"start":{"line":350,"column":8},"end":{"line":353,"column":9}}],"line":350},"33":{"loc":{"start":{"line":354,"column":8},"end":{"line":357,"column":9}},"type":"if","locations":[{"start":{"line":354,"column":8},"end":{"line":357,"column":9}},{"start":{"line":354,"column":8},"end":{"line":357,"column":9}}],"line":354},"34":{"loc":{"start":{"line":360,"column":4},"end":{"line":388,"column":5}},"type":"if","locations":[{"start":{"line":360,"column":4},"end":{"line":388,"column":5}},{"start":{"line":360,"column":4},"end":{"line":388,"column":5}}],"line":360},"35":{"loc":{"start":{"line":374,"column":11},"end":{"line":388,"column":5}},"type":"if","locations":[{"start":{"line":374,"column":11},"end":{"line":388,"column":5}},{"start":{"line":374,"column":11},"end":{"line":388,"column":5}}],"line":374},"36":{"loc":{"start":{"line":396,"column":4},"end":{"line":398,"column":5}},"type":"if","locations":[{"start":{"line":396,"column":4},"end":{"line":398,"column":5}},{"start":{"line":396,"column":4},"end":{"line":398,"column":5}}],"line":396},"37":{"loc":{"start":{"line":424,"column":6},"end":{"line":430,"column":7}},"type":"if","locations":[{"start":{"line":424,"column":6},"end":{"line":430,"column":7}},{"start":{"line":424,"column":6},"end":{"line":430,"column":7}}],"line":424},"38":{"loc":{"start":{"line":426,"column":13},"end":{"line":430,"column":7}},"type":"if","locations":[{"start":{"line":426,"column":13},"end":{"line":430,"column":7}},{"start":{"line":426,"column":13},"end":{"line":430,"column":7}}],"line":426},"39":{"loc":{"start":{"line":428,"column":13},"end":{"line":430,"column":7}},"type":"if","locations":[{"start":{"line":428,"column":13},"end":{"line":430,"column":7}},{"start":{"line":428,"column":13},"end":{"line":430,"column":7}}],"line":428},"40":{"loc":{"start":{"line":440,"column":4},"end":{"line":442,"column":5}},"type":"if","locations":[{"start":{"line":440,"column":4},"end":{"line":442,"column":5}},{"start":{"line":440,"column":4},"end":{"line":442,"column":5}}],"line":440},"41":{"loc":{"start":{"line":443,"column":4},"end":{"line":445,"column":5}},"type":"if","locations":[{"start":{"line":443,"column":4},"end":{"line":445,"column":5}},{"start":{"line":443,"column":4},"end":{"line":445,"column":5}}],"line":443},"42":{"loc":{"start":{"line":448,"column":4},"end":{"line":450,"column":5}},"type":"if","locations":[{"start":{"line":448,"column":4},"end":{"line":450,"column":5}},{"start":{"line":448,"column":4},"end":{"line":450,"column":5}}],"line":448},"43":{"loc":{"start":{"line":451,"column":4},"end":{"line":453,"column":5}},"type":"if","locations":[{"start":{"line":451,"column":4},"end":{"line":453,"column":5}},{"start":{"line":451,"column":4},"end":{"line":453,"column":5}}],"line":451},"44":{"loc":{"start":{"line":458,"column":6},"end":{"line":460,"column":7}},"type":"if","locations":[{"start":{"line":458,"column":6},"end":{"line":460,"column":7}},{"start":{"line":458,"column":6},"end":{"line":460,"column":7}}],"line":458},"45":{"loc":{"start":{"line":464,"column":4},"end":{"line":466,"column":5}},"type":"if","locations":[{"start":{"line":464,"column":4},"end":{"line":466,"column":5}},{"start":{"line":464,"column":4},"end":{"line":466,"column":5}}],"line":464},"46":{"loc":{"start":{"line":473,"column":6},"end":{"line":475,"column":7}},"type":"if","locations":[{"start":{"line":473,"column":6},"end":{"line":475,"column":7}},{"start":{"line":473,"column":6},"end":{"line":475,"column":7}}],"line":473},"47":{"loc":{"start":{"line":483,"column":6},"end":{"line":485,"column":7}},"type":"if","locations":[{"start":{"line":483,"column":6},"end":{"line":485,"column":7}},{"start":{"line":483,"column":6},"end":{"line":485,"column":7}}],"line":483},"48":{"loc":{"start":{"line":500,"column":4},"end":{"line":502,"column":5}},"type":"if","locations":[{"start":{"line":500,"column":4},"end":{"line":502,"column":5}},{"start":{"line":500,"column":4},"end":{"line":502,"column":5}}],"line":500},"49":{"loc":{"start":{"line":515,"column":4},"end":{"line":517,"column":5}},"type":"if","locations":[{"start":{"line":515,"column":4},"end":{"line":517,"column":5}},{"start":{"line":515,"column":4},"end":{"line":517,"column":5}}],"line":515}},"s":{"0":1,"1":1,"2":1,"3":1,"4":1,"5":1387,"6":0,"7":1387,"8":0,"9":1387,"10":1387,"11":1387,"12":49,"13":1011,"14":1037,"15":38,"16":38,"17":999,"18":999,"19":999,"20":999,"21":1011,"22":1011,"23":26,"24":26,"25":26,"26":1011,"27":1011,"28":721,"29":0,"30":721,"31":721,"32":5,"33":721,"34":3,"35":3,"36":5,"37":5,"38":721,"39":14,"40":14,"41":14,"42":707,"43":707,"44":11,"45":11,"46":707,"47":707,"48":713,"49":6,"50":6,"51":713,"52":713,"53":292,"54":0,"55":292,"56":1,"57":291,"58":9,"59":291,"60":286,"61":286,"62":286,"63":286,"64":286,"65":16,"66":16,"67":24,"68":16,"69":2,"70":2,"71":2,"72":16,"73":0,"74":0,"75":0,"76":0,"77":0,"78":0,"79":0,"80":0,"81":0,"82":0,"83":0,"84":0,"85":0,"86":0,"87":0,"88":0,"89":0,"90":0,"91":0,"92":0,"93":0,"94":0,"95":0,"96":0,"97":0,"98":0,"99":0,"100":0,"101":0,"102":0,"103":0,"104":0,"105":0,"106":0,"107":0,"108":0,"109":0,"110":0,"111":0,"112":0,"113":0,"114":0,"115":0,"116":0,"117":0,"118":0,"119":0,"120":0,"121":0,"122":0,"123":0,"124":0,"125":0,"126":0,"127":0,"128":0,"129":0,"130":0,"131":0,"132":0,"133":0,"134":0,"135":0,"136":0,"137":0,"138":0,"139":0,"140":0,"141":0,"142":0,"143":0,"144":0,"145":0,"146":0,"147":0,"148":0,"149":0,"150":0,"151":0,"152":0,"153":0,"154":0,"155":0,"156":0,"157":0,"158":0,"159":0,"160":0,"161":0,"162":0,"163":0,"164":0,"165":0,"166":0,"167":0,"168":0,"169":0,"170":0,"171":0,"172":0,"173":0,"174":0,"175":0,"176":0,"177":0,"178":0,"179":0,"180":0,"181":0,"182":0,"183":0,"184":0,"185":0,"186":0,"187":0,"188":0,"189":0,"190":0,"191":0,"192":0,"193":0,"194":0,"195":0,"196":0,"197":0,"198":0,"199":0,"200":0,"201":0,"202":0,"203":0,"204":0,"205":0,"206":0,"207":0,"208":0,"209":0,"210":14,"211":14,"212":14,"213":14,"214":0,"215":0,"216":0,"217":0,"218":0,"219":0,"220":0,"221":0,"222":0,"223":7,"224":0,"225":7,"226":0,"227":7,"228":0,"229":7,"230":0,"231":7,"232":7,"233":11,"234":11,"235":11,"236":0,"237":7,"238":0,"239":7,"240":7,"241":7,"242":7,"243":1,"244":1,"245":1,"246":0,"247":7,"248":7,"249":7,"250":7,"251":1,"252":1,"253":1,"254":0,"255":7,"256":51,"257":1,"258":50,"259":50,"260":50,"261":155,"262":155,"263":27,"264":155,"265":128,"266":128,"267":128,"268":155,"269":1},"f":{"0":1387,"1":49,"2":1011,"3":1037,"4":721,"5":5,"6":713,"7":292,"8":9,"9":286,"10":16,"11":24,"12":2,"13":2,"14":0,"15":0,"16":0,"17":0,"18":0,"19":0,"20":0,"21":0,"22":0,"23":0,"24":0,"25":0,"26":0,"27":14,"28":14,"29":0,"30":0,"31":7,"32":51,"33":155,"34":128,"35":128},"b":{"0":[0,1387],"1":[1387,1387],"2":[0,1387],"3":[38,999],"4":[0,721],"5":[721,0],"6":[3,718],"7":[14,707],"8":[14,0],"9":[707,0],"10":[11,696],"11":[6,707],"12":[0,292],"13":[1,291],"14":[286,0],"15":[0],"16":[0,0],"17":[0,0],"18":[0,0],"19":[0,0],"20":[0,0],"21":[0,0],"22":[0,0],"23":[0,0],"24":[0,0],"25":[0,0],"26":[0,0],"27":[0,0],"28":[0,0],"29":[0,0],"30":[0,0],"31":[0,0],"32":[0,0],"33":[0,0],"34":[0,0],"35":[0,0],"36":[0,0],"37":[0,0],"38":[0,0],"39":[0,0],"40":[0,7],"41":[0,7],"42":[0,7],"43":[0,7],"44":[0,11],"45":[0,7],"46":[0,1],"47":[0,1],"48":[1,50],"49":[27,128]},"_coverageSchema":"43e27e138ebf9cfc5966b082cf9a028302ed4184","hash":"b5cbce98e7742682b0e0b61a24c4a518f25ccf74","contentHash":"e56e25a9181e663aa0303d225a8d8f9e0d9a8530eb846da748341a4151df9419"},"/home/casatta/git/javascript-opentimestamps/src/notary.js":{"path":"/home/casatta/git/javascript-opentimestamps/src/notary.js","statementMap":{"0":{"start":{"line":10,"column":0},"end":{"line":10,"column":28}},"1":{"start":{"line":11,"column":16},"end":{"line":11,"column":39}},"2":{"start":{"line":12,"column":14},"end":{"line":12,"column":35}},"3":{"start":{"line":15,"column":26},"end":{"line":15,"column":59}},"4":{"start":{"line":20,"column":4},"end":{"line":20,"column":12}},"5":{"start":{"line":24,"column":4},"end":{"line":24,"column":15}},"6":{"start":{"line":35,"column":16},"end":{"line":35,"column":64}},"7":{"start":{"line":38,"column":34},"end":{"line":38,"column":93}},"8":{"start":{"line":41,"column":23},"end":{"line":41,"column":79}},"9":{"start":{"line":44,"column":4},"end":{"line":50,"column":5}},"10":{"start":{"line":45,"column":6},"end":{"line":45,"column":55}},"11":{"start":{"line":46,"column":11},"end":{"line":50,"column":5}},"12":{"start":{"line":47,"column":6},"end":{"line":47,"column":66}},"13":{"start":{"line":48,"column":11},"end":{"line":50,"column":5}},"14":{"start":{"line":49,"column":6},"end":{"line":49,"column":67}},"15":{"start":{"line":51,"column":4},"end":{"line":51,"column":58}},"16":{"start":{"line":59,"column":4},"end":{"line":59,"column":31}},"17":{"start":{"line":60,"column":23},"end":{"line":60,"column":56}},"18":{"start":{"line":61,"column":4},"end":{"line":61,"column":37}},"19":{"start":{"line":62,"column":4},"end":{"line":62,"column":45}},"20":{"start":{"line":66,"column":21},"end":{"line":66,"column":64}},"21":{"start":{"line":67,"column":4},"end":{"line":69,"column":5}},"22":{"start":{"line":68,"column":6},"end":{"line":68,"column":50}},"23":{"start":{"line":70,"column":4},"end":{"line":70,"column":19}},"24":{"start":{"line":80,"column":4},"end":{"line":80,"column":20}},"25":{"start":{"line":84,"column":4},"end":{"line":84,"column":11}},"26":{"start":{"line":85,"column":4},"end":{"line":85,"column":19}},"27":{"start":{"line":86,"column":4},"end":{"line":86,"column":26}},"28":{"start":{"line":90,"column":4},"end":{"line":90,"column":32}},"29":{"start":{"line":94,"column":20},"end":{"line":94,"column":83}},"30":{"start":{"line":95,"column":4},"end":{"line":95,"column":47}},"31":{"start":{"line":99,"column":4},"end":{"line":99,"column":103}},"32":{"start":{"line":103,"column":4},"end":{"line":105,"column":56}},"33":{"start":{"line":109,"column":4},"end":{"line":111,"column":5}},"34":{"start":{"line":110,"column":6},"end":{"line":110,"column":58}},"35":{"start":{"line":112,"column":4},"end":{"line":112,"column":33}},"36":{"start":{"line":137,"column":4},"end":{"line":137,"column":59}},"37":{"start":{"line":141,"column":4},"end":{"line":141,"column":15}},"38":{"start":{"line":145,"column":4},"end":{"line":145,"column":80}},"39":{"start":{"line":149,"column":4},"end":{"line":149,"column":11}},"40":{"start":{"line":150,"column":4},"end":{"line":150,"column":19}},"41":{"start":{"line":154,"column":4},"end":{"line":157,"column":5}},"42":{"start":{"line":155,"column":6},"end":{"line":155,"column":49}},"43":{"start":{"line":156,"column":6},"end":{"line":156,"column":18}},"44":{"start":{"line":158,"column":4},"end":{"line":164,"column":5}},"45":{"start":{"line":158,"column":17},"end":{"line":158,"column":18}},"46":{"start":{"line":159,"column":19},"end":{"line":159,"column":46}},"47":{"start":{"line":160,"column":6},"end":{"line":163,"column":7}},"48":{"start":{"line":161,"column":8},"end":{"line":161,"column":56}},"49":{"start":{"line":162,"column":8},"end":{"line":162,"column":20}},"50":{"start":{"line":165,"column":4},"end":{"line":165,"column":15}},"51":{"start":{"line":169,"column":20},"end":{"line":169,"column":87}},"52":{"start":{"line":170,"column":4},"end":{"line":173,"column":5}},"53":{"start":{"line":171,"column":6},"end":{"line":171,"column":36}},"54":{"start":{"line":172,"column":6},"end":{"line":172,"column":12}},"55":{"start":{"line":174,"column":19},"end":{"line":174,"column":57}},"56":{"start":{"line":175,"column":4},"end":{"line":175,"column":41}},"57":{"start":{"line":179,"column":4},"end":{"line":179,"column":51}},"58":{"start":{"line":183,"column":4},"end":{"line":183,"column":53}},"59":{"start":{"line":187,"column":4},"end":{"line":189,"column":38}},"60":{"start":{"line":193,"column":4},"end":{"line":195,"column":5}},"61":{"start":{"line":194,"column":6},"end":{"line":194,"column":90}},"62":{"start":{"line":196,"column":4},"end":{"line":196,"column":33}},"63":{"start":{"line":226,"column":4},"end":{"line":226,"column":59}},"64":{"start":{"line":230,"column":4},"end":{"line":230,"column":11}},"65":{"start":{"line":231,"column":4},"end":{"line":231,"column":25}},"66":{"start":{"line":235,"column":19},"end":{"line":235,"column":43}},"67":{"start":{"line":236,"column":4},"end":{"line":236,"column":52}},"68":{"start":{"line":240,"column":4},"end":{"line":240,"column":33}},"69":{"start":{"line":244,"column":4},"end":{"line":244,"column":97}},"70":{"start":{"line":248,"column":4},"end":{"line":250,"column":44}},"71":{"start":{"line":254,"column":4},"end":{"line":256,"column":5}},"72":{"start":{"line":255,"column":6},"end":{"line":255,"column":39}},"73":{"start":{"line":257,"column":4},"end":{"line":257,"column":33}},"74":{"start":{"line":265,"column":4},"end":{"line":269,"column":5}},"75":{"start":{"line":266,"column":6},"end":{"line":266,"column":106}},"76":{"start":{"line":267,"column":11},"end":{"line":269,"column":5}},"77":{"start":{"line":268,"column":6},"end":{"line":268,"column":69}},"78":{"start":{"line":270,"column":4},"end":{"line":270,"column":21}},"79":{"start":{"line":275,"column":4},"end":{"line":275,"column":59}},"80":{"start":{"line":279,"column":4},"end":{"line":279,"column":11}},"81":{"start":{"line":280,"column":4},"end":{"line":280,"column":25}},"82":{"start":{"line":284,"column":19},"end":{"line":284,"column":43}},"83":{"start":{"line":285,"column":4},"end":{"line":285,"column":53}},"84":{"start":{"line":289,"column":4},"end":{"line":289,"column":33}},"85":{"start":{"line":293,"column":4},"end":{"line":293,"column":98}},"86":{"start":{"line":297,"column":4},"end":{"line":299,"column":44}},"87":{"start":{"line":303,"column":4},"end":{"line":305,"column":5}},"88":{"start":{"line":304,"column":6},"end":{"line":304,"column":39}},"89":{"start":{"line":306,"column":4},"end":{"line":306,"column":33}},"90":{"start":{"line":310,"column":4},"end":{"line":314,"column":5}},"91":{"start":{"line":311,"column":6},"end":{"line":311,"column":106}},"92":{"start":{"line":312,"column":11},"end":{"line":314,"column":5}},"93":{"start":{"line":313,"column":6},"end":{"line":313,"column":69}},"94":{"start":{"line":315,"column":4},"end":{"line":315,"column":21}},"95":{"start":{"line":319,"column":0},"end":{"line":326,"column":1}}},"fnMap":{"0":{"name":"(anonymous_0)","decl":{"start":{"line":19,"column":2},"end":{"line":19,"column":3}},"loc":{"start":{"line":19,"column":15},"end":{"line":21,"column":3}},"line":19},"1":{"name":"(anonymous_1)","decl":{"start":{"line":23,"column":2},"end":{"line":23,"column":3}},"loc":{"start":{"line":23,"column":23},"end":{"line":25,"column":3}},"line":23},"2":{"name":"(anonymous_2)","decl":{"start":{"line":32,"column":2},"end":{"line":32,"column":3}},"loc":{"start":{"line":32,"column":27},"end":{"line":52,"column":3}},"line":32},"3":{"name":"(anonymous_3)","decl":{"start":{"line":58,"column":2},"end":{"line":58,"column":3}},"loc":{"start":{"line":58,"column":18},"end":{"line":63,"column":3}},"line":58},"4":{"name":"(anonymous_4)","decl":{"start":{"line":65,"column":2},"end":{"line":65,"column":3}},"loc":{"start":{"line":65,"column":20},"end":{"line":71,"column":3}},"line":65},"5":{"name":"(anonymous_5)","decl":{"start":{"line":79,"column":2},"end":{"line":79,"column":3}},"loc":{"start":{"line":79,"column":10},"end":{"line":81,"column":3}},"line":79},"6":{"name":"(anonymous_6)","decl":{"start":{"line":83,"column":2},"end":{"line":83,"column":3}},"loc":{"start":{"line":83,"column":29},"end":{"line":87,"column":3}},"line":83},"7":{"name":"(anonymous_7)","decl":{"start":{"line":89,"column":2},"end":{"line":89,"column":3}},"loc":{"start":{"line":89,"column":25},"end":{"line":91,"column":3}},"line":89},"8":{"name":"(anonymous_8)","decl":{"start":{"line":93,"column":2},"end":{"line":93,"column":3}},"loc":{"start":{"line":93,"column":39},"end":{"line":96,"column":3}},"line":93},"9":{"name":"(anonymous_9)","decl":{"start":{"line":98,"column":2},"end":{"line":98,"column":3}},"loc":{"start":{"line":98,"column":14},"end":{"line":100,"column":3}},"line":98},"10":{"name":"(anonymous_10)","decl":{"start":{"line":102,"column":2},"end":{"line":102,"column":3}},"loc":{"start":{"line":102,"column":19},"end":{"line":106,"column":3}},"line":102},"11":{"name":"(anonymous_11)","decl":{"start":{"line":108,"column":2},"end":{"line":108,"column":3}},"loc":{"start":{"line":108,"column":20},"end":{"line":113,"column":3}},"line":108},"12":{"name":"(anonymous_12)","decl":{"start":{"line":136,"column":2},"end":{"line":136,"column":3}},"loc":{"start":{"line":136,"column":10},"end":{"line":138,"column":3}},"line":136},"13":{"name":"(anonymous_13)","decl":{"start":{"line":140,"column":2},"end":{"line":140,"column":3}},"loc":{"start":{"line":140,"column":21},"end":{"line":142,"column":3}},"line":140},"14":{"name":"(anonymous_14)","decl":{"start":{"line":144,"column":2},"end":{"line":144,"column":3}},"loc":{"start":{"line":144,"column":24},"end":{"line":146,"column":3}},"line":144},"15":{"name":"(anonymous_15)","decl":{"start":{"line":148,"column":2},"end":{"line":148,"column":3}},"loc":{"start":{"line":148,"column":21},"end":{"line":151,"column":3}},"line":148},"16":{"name":"(anonymous_16)","decl":{"start":{"line":153,"column":2},"end":{"line":153,"column":3}},"loc":{"start":{"line":153,"column":24},"end":{"line":166,"column":3}},"line":153},"17":{"name":"(anonymous_17)","decl":{"start":{"line":168,"column":2},"end":{"line":168,"column":3}},"loc":{"start":{"line":168,"column":34},"end":{"line":176,"column":3}},"line":168},"18":{"name":"(anonymous_18)","decl":{"start":{"line":178,"column":2},"end":{"line":178,"column":3}},"loc":{"start":{"line":178,"column":25},"end":{"line":180,"column":3}},"line":178},"19":{"name":"(anonymous_19)","decl":{"start":{"line":182,"column":2},"end":{"line":182,"column":3}},"loc":{"start":{"line":182,"column":14},"end":{"line":184,"column":3}},"line":182},"20":{"name":"(anonymous_20)","decl":{"start":{"line":186,"column":2},"end":{"line":186,"column":3}},"loc":{"start":{"line":186,"column":19},"end":{"line":190,"column":3}},"line":186},"21":{"name":"(anonymous_21)","decl":{"start":{"line":192,"column":2},"end":{"line":192,"column":3}},"loc":{"start":{"line":192,"column":20},"end":{"line":197,"column":3}},"line":192},"22":{"name":"(anonymous_22)","decl":{"start":{"line":225,"column":2},"end":{"line":225,"column":3}},"loc":{"start":{"line":225,"column":10},"end":{"line":227,"column":3}},"line":225},"23":{"name":"(anonymous_23)","decl":{"start":{"line":229,"column":2},"end":{"line":229,"column":3}},"loc":{"start":{"line":229,"column":24},"end":{"line":232,"column":3}},"line":229},"24":{"name":"(anonymous_24)","decl":{"start":{"line":234,"column":2},"end":{"line":234,"column":3}},"loc":{"start":{"line":234,"column":34},"end":{"line":237,"column":3}},"line":234},"25":{"name":"(anonymous_25)","decl":{"start":{"line":239,"column":2},"end":{"line":239,"column":3}},"loc":{"start":{"line":239,"column":25},"end":{"line":241,"column":3}},"line":239},"26":{"name":"(anonymous_26)","decl":{"start":{"line":243,"column":2},"end":{"line":243,"column":3}},"loc":{"start":{"line":243,"column":14},"end":{"line":245,"column":3}},"line":243},"27":{"name":"(anonymous_27)","decl":{"start":{"line":247,"column":2},"end":{"line":247,"column":3}},"loc":{"start":{"line":247,"column":19},"end":{"line":251,"column":3}},"line":247},"28":{"name":"(anonymous_28)","decl":{"start":{"line":253,"column":2},"end":{"line":253,"column":3}},"loc":{"start":{"line":253,"column":20},"end":{"line":258,"column":3}},"line":253},"29":{"name":"(anonymous_29)","decl":{"start":{"line":264,"column":2},"end":{"line":264,"column":3}},"loc":{"start":{"line":264,"column":43},"end":{"line":271,"column":3}},"line":264},"30":{"name":"(anonymous_30)","decl":{"start":{"line":274,"column":2},"end":{"line":274,"column":3}},"loc":{"start":{"line":274,"column":10},"end":{"line":276,"column":3}},"line":274},"31":{"name":"(anonymous_31)","decl":{"start":{"line":278,"column":2},"end":{"line":278,"column":3}},"loc":{"start":{"line":278,"column":24},"end":{"line":281,"column":3}},"line":278},"32":{"name":"(anonymous_32)","decl":{"start":{"line":283,"column":2},"end":{"line":283,"column":3}},"loc":{"start":{"line":283,"column":34},"end":{"line":286,"column":3}},"line":283},"33":{"name":"(anonymous_33)","decl":{"start":{"line":288,"column":2},"end":{"line":288,"column":3}},"loc":{"start":{"line":288,"column":25},"end":{"line":290,"column":3}},"line":288},"34":{"name":"(anonymous_34)","decl":{"start":{"line":292,"column":2},"end":{"line":292,"column":3}},"loc":{"start":{"line":292,"column":14},"end":{"line":294,"column":3}},"line":292},"35":{"name":"(anonymous_35)","decl":{"start":{"line":296,"column":2},"end":{"line":296,"column":3}},"loc":{"start":{"line":296,"column":19},"end":{"line":300,"column":3}},"line":296},"36":{"name":"(anonymous_36)","decl":{"start":{"line":302,"column":2},"end":{"line":302,"column":3}},"loc":{"start":{"line":302,"column":20},"end":{"line":307,"column":3}},"line":302},"37":{"name":"(anonymous_37)","decl":{"start":{"line":309,"column":2},"end":{"line":309,"column":3}},"loc":{"start":{"line":309,"column":43},"end":{"line":316,"column":3}},"line":309}},"branchMap":{"0":{"loc":{"start":{"line":44,"column":4},"end":{"line":50,"column":5}},"type":"if","locations":[{"start":{"line":44,"column":4},"end":{"line":50,"column":5}},{"start":{"line":44,"column":4},"end":{"line":50,"column":5}}],"line":44},"1":{"loc":{"start":{"line":46,"column":11},"end":{"line":50,"column":5}},"type":"if","locations":[{"start":{"line":46,"column":11},"end":{"line":50,"column":5}},{"start":{"line":46,"column":11},"end":{"line":50,"column":5}}],"line":46},"2":{"loc":{"start":{"line":48,"column":11},"end":{"line":50,"column":5}},"type":"if","locations":[{"start":{"line":48,"column":11},"end":{"line":50,"column":5}},{"start":{"line":48,"column":11},"end":{"line":50,"column":5}}],"line":48},"3":{"loc":{"start":{"line":67,"column":4},"end":{"line":69,"column":5}},"type":"if","locations":[{"start":{"line":67,"column":4},"end":{"line":69,"column":5}},{"start":{"line":67,"column":4},"end":{"line":69,"column":5}}],"line":67},"4":{"loc":{"start":{"line":103,"column":11},"end":{"line":105,"column":56}},"type":"binary-expr","locations":[{"start":{"line":103,"column":12},"end":{"line":103,"column":49}},{"start":{"line":104,"column":13},"end":{"line":104,"column":53}},{"start":{"line":105,"column":13},"end":{"line":105,"column":55}}],"line":103},"5":{"loc":{"start":{"line":109,"column":4},"end":{"line":111,"column":5}},"type":"if","locations":[{"start":{"line":109,"column":4},"end":{"line":111,"column":5}},{"start":{"line":109,"column":4},"end":{"line":111,"column":5}}],"line":109},"6":{"loc":{"start":{"line":154,"column":4},"end":{"line":157,"column":5}},"type":"if","locations":[{"start":{"line":154,"column":4},"end":{"line":157,"column":5}},{"start":{"line":154,"column":4},"end":{"line":157,"column":5}}],"line":154},"7":{"loc":{"start":{"line":160,"column":6},"end":{"line":163,"column":7}},"type":"if","locations":[{"start":{"line":160,"column":6},"end":{"line":163,"column":7}},{"start":{"line":160,"column":6},"end":{"line":163,"column":7}}],"line":160},"8":{"loc":{"start":{"line":170,"column":4},"end":{"line":173,"column":5}},"type":"if","locations":[{"start":{"line":170,"column":4},"end":{"line":173,"column":5}},{"start":{"line":170,"column":4},"end":{"line":173,"column":5}}],"line":170},"9":{"loc":{"start":{"line":187,"column":11},"end":{"line":189,"column":38}},"type":"binary-expr","locations":[{"start":{"line":187,"column":12},"end":{"line":187,"column":49}},{"start":{"line":188,"column":13},"end":{"line":188,"column":53}},{"start":{"line":189,"column":13},"end":{"line":189,"column":37}}],"line":187},"10":{"loc":{"start":{"line":193,"column":4},"end":{"line":195,"column":5}},"type":"if","locations":[{"start":{"line":193,"column":4},"end":{"line":195,"column":5}},{"start":{"line":193,"column":4},"end":{"line":195,"column":5}}],"line":193},"11":{"loc":{"start":{"line":248,"column":11},"end":{"line":250,"column":44}},"type":"binary-expr","locations":[{"start":{"line":248,"column":12},"end":{"line":248,"column":60}},{"start":{"line":249,"column":13},"end":{"line":249,"column":53}},{"start":{"line":250,"column":13},"end":{"line":250,"column":43}}],"line":248},"12":{"loc":{"start":{"line":254,"column":4},"end":{"line":256,"column":5}},"type":"if","locations":[{"start":{"line":254,"column":4},"end":{"line":256,"column":5}},{"start":{"line":254,"column":4},"end":{"line":256,"column":5}}],"line":254},"13":{"loc":{"start":{"line":265,"column":4},"end":{"line":269,"column":5}},"type":"if","locations":[{"start":{"line":265,"column":4},"end":{"line":269,"column":5}},{"start":{"line":265,"column":4},"end":{"line":269,"column":5}}],"line":265},"14":{"loc":{"start":{"line":267,"column":11},"end":{"line":269,"column":5}},"type":"if","locations":[{"start":{"line":267,"column":11},"end":{"line":269,"column":5}},{"start":{"line":267,"column":11},"end":{"line":269,"column":5}}],"line":267},"15":{"loc":{"start":{"line":297,"column":11},"end":{"line":299,"column":44}},"type":"binary-expr","locations":[{"start":{"line":297,"column":12},"end":{"line":297,"column":61}},{"start":{"line":298,"column":13},"end":{"line":298,"column":53}},{"start":{"line":299,"column":13},"end":{"line":299,"column":43}}],"line":297},"16":{"loc":{"start":{"line":303,"column":4},"end":{"line":305,"column":5}},"type":"if","locations":[{"start":{"line":303,"column":4},"end":{"line":305,"column":5}},{"start":{"line":303,"column":4},"end":{"line":305,"column":5}}],"line":303},"17":{"loc":{"start":{"line":310,"column":4},"end":{"line":314,"column":5}},"type":"if","locations":[{"start":{"line":310,"column":4},"end":{"line":314,"column":5}},{"start":{"line":310,"column":4},"end":{"line":314,"column":5}}],"line":310},"18":{"loc":{"start":{"line":312,"column":11},"end":{"line":314,"column":5}},"type":"if","locations":[{"start":{"line":312,"column":11},"end":{"line":314,"column":5}},{"start":{"line":312,"column":11},"end":{"line":314,"column":5}}],"line":312}},"s":{"0":1,"1":1,"2":1,"3":1,"4":38,"5":38,"6":38,"7":38,"8":38,"9":38,"10":24,"11":14,"12":14,"13":0,"14":0,"15":0,"16":30,"17":30,"18":30,"19":30,"20":0,"21":0,"22":0,"23":0,"24":0,"25":0,"26":0,"27":0,"28":0,"29":0,"30":0,"31":0,"32":0,"33":0,"34":0,"35":0,"36":80,"37":48,"38":619,"39":734,"40":734,"41":24,"42":0,"43":0,"44":24,"45":24,"46":619,"47":619,"48":0,"49":0,"50":24,"51":24,"52":24,"53":0,"54":0,"55":24,"56":24,"57":20,"58":0,"59":11,"60":5,"61":5,"62":0,"63":24,"64":28,"65":28,"66":14,"67":14,"68":10,"69":0,"70":0,"71":0,"72":0,"73":0,"74":0,"75":0,"76":0,"77":0,"78":0,"79":0,"80":0,"81":0,"82":0,"83":0,"84":0,"85":0,"86":0,"87":0,"88":0,"89":0,"90":0,"91":0,"92":0,"93":0,"94":0,"95":1},"f":{"0":38,"1":38,"2":38,"3":30,"4":0,"5":0,"6":0,"7":0,"8":0,"9":0,"10":0,"11":0,"12":80,"13":48,"14":619,"15":734,"16":24,"17":24,"18":20,"19":0,"20":11,"21":5,"22":24,"23":28,"24":14,"25":10,"26":0,"27":0,"28":0,"29":0,"30":0,"31":0,"32":0,"33":0,"34":0,"35":0,"36":0,"37":0},"b":{"0":[24,14],"1":[14,0],"2":[0,0],"3":[0,0],"4":[0,0,0],"5":[0,0],"6":[0,24],"7":[0,619],"8":[0,24],"9":[11,11,11],"10":[5,0],"11":[0,0,0],"12":[0,0],"13":[0,0],"14":[0,0],"15":[0,0,0],"16":[0,0],"17":[0,0],"18":[0,0]},"_coverageSchema":"43e27e138ebf9cfc5966b082cf9a028302ed4184","hash":"d56d54604de2894295801bf191552fea4f47161f","contentHash":"3dc30f7936406c211b90693bf7bda65d8fe9e8614cd6d51c23b6b1ccb4852884"},"/home/casatta/git/javascript-opentimestamps/src/extend-error.js":{"path":"/home/casatta/git/javascript-opentimestamps/src/extend-error.js","statementMap":{"0":{"start":{"line":1,"column":11},"end":{"line":1,"column":26}},"1":{"start":{"line":2,"column":13},"end":{"line":2,"column":30}},"2":{"start":{"line":12,"column":0},"end":{"line":49,"column":1}},"3":{"start":{"line":13,"column":2},"end":{"line":13,"column":48}},"4":{"start":{"line":17,"column":16},"end":{"line":35,"column":3}},"5":{"start":{"line":19,"column":4},"end":{"line":21,"column":5}},"6":{"start":{"line":20,"column":6},"end":{"line":20,"column":33}},"7":{"start":{"line":24,"column":4},"end":{"line":26,"column":20}},"8":{"start":{"line":25,"column":6},"end":{"line":25,"column":53}},"9":{"start":{"line":29,"column":4},"end":{"line":29,"column":27}},"10":{"start":{"line":30,"column":4},"end":{"line":30,"column":25}},"11":{"start":{"line":31,"column":4},"end":{"line":31,"column":32}},"12":{"start":{"line":34,"column":4},"end":{"line":34,"column":61}},"13":{"start":{"line":38,"column":2},"end":{"line":38,"column":30}},"14":{"start":{"line":41,"column":2},"end":{"line":43,"column":3}},"15":{"start":{"line":42,"column":4},"end":{"line":42,"column":56}},"16":{"start":{"line":46,"column":2},"end":{"line":46,"column":30}},"17":{"start":{"line":48,"column":2},"end":{"line":48,"column":16}}},"fnMap":{"0":{"name":"(anonymous_0)","decl":{"start":{"line":12,"column":15},"end":{"line":12,"column":16}},"loc":{"start":{"line":12,"column":64},"end":{"line":49,"column":1}},"line":12},"1":{"name":"(anonymous_1)","decl":{"start":{"line":17,"column":16},"end":{"line":17,"column":17}},"loc":{"start":{"line":17,"column":35},"end":{"line":35,"column":3}},"line":17},"2":{"name":"(anonymous_2)","decl":{"start":{"line":41,"column":31},"end":{"line":41,"column":32}},"loc":{"start":{"line":41,"column":43},"end":{"line":43,"column":3}},"line":41}},"branchMap":{"0":{"loc":{"start":{"line":19,"column":4},"end":{"line":21,"column":5}},"type":"if","locations":[{"start":{"line":19,"column":4},"end":{"line":21,"column":5}},{"start":{"line":19,"column":4},"end":{"line":21,"column":5}}],"line":19},"1":{"loc":{"start":{"line":31,"column":19},"end":{"line":31,"column":32}},"type":"binary-expr","locations":[{"start":{"line":31,"column":19},"end":{"line":31,"column":26}},{"start":{"line":31,"column":30},"end":{"line":31,"column":32}}],"line":31}},"s":{"0":1,"1":1,"2":1,"3":11,"4":11,"5":1,"6":0,"7":1,"8":1,"9":1,"10":1,"11":1,"12":1,"13":11,"14":11,"15":1,"16":11,"17":11},"f":{"0":11,"1":1,"2":1},"b":{"0":[0,1],"1":[1,0]},"_coverageSchema":"43e27e138ebf9cfc5966b082cf9a028302ed4184","hash":"837b59a14d6645a45480a46b21267dab135e523f","contentHash":"c21200de3be0cd76e156ae9896743226f1469d173078dd126b799714d48d6cf3"},"/home/casatta/git/javascript-opentimestamps/src/context.js":{"path":"/home/casatta/git/javascript-opentimestamps/src/context.js","statementMap":{"0":{"start":{"line":9,"column":0},"end":{"line":9,"column":28}},"1":{"start":{"line":10,"column":14},"end":{"line":10,"column":35}},"2":{"start":{"line":13,"column":19},"end":{"line":13,"column":45}},"3":{"start":{"line":14,"column":18},"end":{"line":14,"column":43}},"4":{"start":{"line":16,"column":29},"end":{"line":16,"column":65}},"5":{"start":{"line":18,"column":22},"end":{"line":18,"column":66}},"6":{"start":{"line":20,"column":32},"end":{"line":20,"column":71}},"7":{"start":{"line":22,"column":24},"end":{"line":22,"column":70}},"8":{"start":{"line":26,"column":29},"end":{"line":26,"column":80}},"9":{"start":{"line":30,"column":28},"end":{"line":30,"column":78}},"10":{"start":{"line":32,"column":28},"end":{"line":32,"column":67}},"11":{"start":{"line":34,"column":29},"end":{"line":34,"column":70}},"12":{"start":{"line":39,"column":4},"end":{"line":39,"column":20}},"13":{"start":{"line":40,"column":4},"end":{"line":54,"column":5}},"14":{"start":{"line":41,"column":6},"end":{"line":41,"column":26}},"15":{"start":{"line":42,"column":11},"end":{"line":54,"column":5}},"16":{"start":{"line":43,"column":6},"end":{"line":43,"column":26}},"17":{"start":{"line":44,"column":11},"end":{"line":54,"column":5}},"18":{"start":{"line":45,"column":6},"end":{"line":45,"column":26}},"19":{"start"
[...]
line":215,"column":3}},"loc":{"start":{"line":215,"column":39},"end":{"line":220,"column":3}},"line":215},"23":{"name":"(anonymous_23)","decl":{"start":{"line":222,"column":2},"end":{"line":222,"column":3}},"loc":{"start":{"line":222,"column":14},"end":{"line":224,"column":3}},"line":222},"24":{"name":"(anonymous_24)","decl":{"start":{"line":232,"column":2},"end":{"line":232,"column":3}},"loc":{"start":{"line":232,"column":10},"end":{"line":234,"column":3}},"line":232},"25":{"name":"(anonymous_25)","decl":{"start":{"line":236,"column":2},"end":{"line":236,"column":3}},"loc":{"start":{"line":236,"column":15},"end":{"line":238,"column":3}},"line":236},"26":{"name":"(anonymous_26)","decl":{"start":{"line":240,"column":2},"end":{"line":240,"column":3}},"loc":{"start":{"line":240,"column":13},"end":{"line":245,"column":3}},"line":240},"27":{"name":"(anonymous_27)","decl":{"start":{"line":247,"column":2},"end":{"line":247,"column":3}},"loc":{"start":{"line":247,"column":39},"end":{"line":249,"column":3}},"line":247},"28":{"name":"(anonymous_28)","decl":{"start":{"line":251,"column":2},"end":{"line":251,"column":3}},"loc":{"start":{"line":251,"column":19},"end":{"line":253,"column":3}},"line":251},"29":{"name":"(anonymous_29)","decl":{"start":{"line":261,"column":2},"end":{"line":261,"column":3}},"loc":{"start":{"line":261,"column":10},"end":{"line":263,"column":3}},"line":261},"30":{"name":"(anonymous_30)","decl":{"start":{"line":265,"column":2},"end":{"line":265,"column":3}},"loc":{"start":{"line":265,"column":15},"end":{"line":267,"column":3}},"line":265},"31":{"name":"(anonymous_31)","decl":{"start":{"line":269,"column":2},"end":{"line":269,"column":3}},"loc":{"start":{"line":269,"column":21},"end":{"line":271,"column":3}},"line":269},"32":{"name":"(anonymous_32)","decl":{"start":{"line":273,"column":2},"end":{"line":273,"column":3}},"loc":{"start":{"line":273,"column":13},"end":{"line":277,"column":3}},"line":273},"33":{"name":"(anonymous_33)","decl":{"start":{"line":279,"column":2},"end":{"line":279,"column":3}},"loc":{"start":{"line":279,"column":39},"end":{"line":281,"column":3}},"line":279},"34":{"name":"(anonymous_34)","decl":{"start":{"line":283,"column":2},"end":{"line":283,"column":3}},"loc":{"start":{"line":283,"column":19},"end":{"line":285,"column":3}},"line":283},"35":{"name":"(anonymous_35)","decl":{"start":{"line":296,"column":2},"end":{"line":296,"column":3}},"loc":{"start":{"line":296,"column":19},"end":{"line":298,"column":3}},"line":296},"36":{"name":"(anonymous_36)","decl":{"start":{"line":300,"column":2},"end":{"line":300,"column":3}},"loc":{"start":{"line":300,"column":18},"end":{"line":309,"column":3}},"line":300},"37":{"name":"(anonymous_37)","decl":{"start":{"line":311,"column":2},"end":{"line":311,"column":3}},"loc":{"start":{"line":311,"column":39},"end":{"line":313,"column":3}},"line":311},"38":{"name":"(anonymous_38)","decl":{"start":{"line":315,"column":2},"end":{"line":315,"column":3}},"loc":{"start":{"line":315,"column":15},"end":{"line":329,"column":3}},"line":315},"39":{"name":"(anonymous_39)","decl":{"start":{"line":345,"column":2},"end":{"line":345,"column":3}},"loc":{"start":{"line":345,"column":10},"end":{"line":347,"column":3}},"line":345},"40":{"name":"(anonymous_40)","decl":{"start":{"line":349,"column":2},"end":{"line":349,"column":3}},"loc":{"start":{"line":349,"column":15},"end":{"line":351,"column":3}},"line":349},"41":{"name":"(anonymous_41)","decl":{"start":{"line":353,"column":2},"end":{"line":353,"column":3}},"loc":{"start":{"line":353,"column":19},"end":{"line":355,"column":3}},"line":353},"42":{"name":"(anonymous_42)","decl":{"start":{"line":357,"column":2},"end":{"line":357,"column":3}},"loc":{"start":{"line":357,"column":20},"end":{"line":359,"column":3}},"line":357},"43":{"name":"(anonymous_43)","decl":{"start":{"line":361,"column":2},"end":{"line":361,"column":3}},"loc":{"start":{"line":361,"column":39},"end":{"line":363,"column":3}},"line":361},"44":{"name":"(anonymous_44)","decl":{"start":{"line":365,"column":2},"end":{"line":365,"column":3}},"loc":{"start":{"line":365,"column":13},"end":{"line":367,"column":3}},"line":365},"45":{"name":"(anonymous_45)","decl":{"start":{"line":369,"column":2},"end":{"line":369,"column":3}},"loc":{"start":{"line":369,"column":19},"end":{"line":371,"column":3}},"line":369},"46":{"name":"(anonymous_46)","decl":{"start":{"line":381,"column":2},"end":{"line":381,"column":3}},"loc":{"start":{"line":381,"column":10},"end":{"line":383,"column":3}},"line":381},"47":{"name":"(anonymous_47)","decl":{"start":{"line":385,"column":2},"end":{"line":385,"column":3}},"loc":{"start":{"line":385,"column":15},"end":{"line":387,"column":3}},"line":385},"48":{"name":"(anonymous_48)","decl":{"start":{"line":389,"column":2},"end":{"line":389,"column":3}},"loc":{"start":{"line":389,"column":19},"end":{"line":391,"column":3}},"line":389},"49":{"name":"(anonymous_49)","decl":{"start":{"line":393,"column":2},"end":{"line":393,"column":3}},"loc":{"start":{"line":393,"column":20},"end":{"line":395,"column":3}},"line":393},"50":{"name":"(anonymous_50)","decl":{"start":{"line":397,"column":2},"end":{"line":397,"column":3}},"loc":{"start":{"line":397,"column":39},"end":{"line":399,"column":3}},"line":397},"51":{"name":"(anonymous_51)","decl":{"start":{"line":401,"column":2},"end":{"line":401,"column":3}},"loc":{"start":{"line":401,"column":13},"end":{"line":403,"column":3}},"line":401},"52":{"name":"(anonymous_52)","decl":{"start":{"line":405,"column":2},"end":{"line":405,"column":3}},"loc":{"start":{"line":405,"column":19},"end":{"line":407,"column":3}},"line":405},"53":{"name":"(anonymous_53)","decl":{"start":{"line":417,"column":2},"end":{"line":417,"column":3}},"loc":{"start":{"line":417,"column":10},"end":{"line":419,"column":3}},"line":417},"54":{"name":"(anonymous_54)","decl":{"start":{"line":421,"column":2},"end":{"line":421,"column":3}},"loc":{"start":{"line":421,"column":15},"end":{"line":423,"column":3}},"line":421},"55":{"name":"(anonymous_55)","decl":{"start":{"line":425,"column":2},"end":{"line":425,"column":3}},"loc":{"start":{"line":425,"column":19},"end":{"line":427,"column":3}},"line":425},"56":{"name":"(anonymous_56)","decl":{"start":{"line":429,"column":2},"end":{"line":429,"column":3}},"loc":{"start":{"line":429,"column":20},"end":{"line":431,"column":3}},"line":429},"57":{"name":"(anonymous_57)","decl":{"start":{"line":433,"column":2},"end":{"line":433,"column":3}},"loc":{"start":{"line":433,"column":39},"end":{"line":435,"column":3}},"line":433},"58":{"name":"(anonymous_58)","decl":{"start":{"line":437,"column":2},"end":{"line":437,"column":3}},"loc":{"start":{"line":437,"column":13},"end":{"line":439,"column":3}},"line":437},"59":{"name":"(anonymous_59)","decl":{"start":{"line":441,"column":2},"end":{"line":441,"column":3}},"loc":{"start":{"line":441,"column":19},"end":{"line":443,"column":3}},"line":441}},"branchMap":{"0":{"loc":{"start":{"line":73,"column":4},"end":{"line":75,"column":5}},"type":"if","locations":[{"start":{"line":73,"column":4},"end":{"line":75,"column":5}},{"start":{"line":73,"column":4},"end":{"line":75,"column":5}}],"line":73},"1":{"loc":{"start":{"line":94,"column":4},"end":{"line":97,"column":5}},"type":"if","locations":[{"start":{"line":94,"column":4},"end":{"line":97,"column":5}},{"start":{"line":94,"column":4},"end":{"line":97,"column":5}}],"line":94},"2":{"loc":{"start":{"line":101,"column":4},"end":{"line":103,"column":5}},"type":"if","locations":[{"start":{"line":101,"column":4},"end":{"line":103,"column":5}},{"start":{"line":101,"column":4},"end":{"line":103,"column":5}}],"line":101},"3":{"loc":{"start":{"line":115,"column":4},"end":{"line":119,"column":5}},"type":"if","locations":[{"start":{"line":115,"column":4},"end":{"line":119,"column":5}},{"start":{"line":115,"column":4},"end":{"line":119,"column":5}}],"line":115},"4":{"loc":{"start":{"line":123,"column":4},"end":{"line":127,"column":5}},"type":"if","locations":[{"start":{"line":123,"column":4},"end":{"line":127,"column":5}},{"start":{"line":123,"column":4},"end":{"line":127,"column":5}}],"line":123},"5":{"loc":{"start":{"line":147,"column":4},"end":{"line":151,"column":5}},"type":"if","locations":[{"start":{"line":147,"column":4},"end":{"line":151,"column":5}},{"start":{"line":147,"column":4},"end":{"line":151,"column":5}}],"line":147},"6":{"loc":{"start":{"line":171,"column":11},"end":{"line":171,"column":78}},"type":"binary-expr","locations":[{"start":{"line":171,"column":12},"end":{"line":171,"column":39}},{"start":{"line":171,"column":44},"end":{"line":171,"column":78}}],"line":171},"7":{"loc":{"start":{"line":182,"column":4},"end":{"line":186,"column":5}},"type":"if","locations":[{"start":{"line":182,"column":4},"end":{"line":186,"column":5}},{"start":{"line":182,"column":4},"end":{"line":186,"column":5}}],"line":182},"8":{"loc":{"start":{"line":206,"column":11},"end":{"line":206,"column":79}},"type":"binary-expr","locations":[{"start":{"line":206,"column":12},"end":{"line":206,"column":40}},{"start":{"line":206,"column":45},"end":{"line":206,"column":79}}],"line":206},"9":{"loc":{"start":{"line":216,"column":4},"end":{"line":218,"column":5}},"type":"if","locations":[{"start":{"line":216,"column":4},"end":{"line":218,"column":5}},{"start":{"line":216,"column":4},"end":{"line":218,"column":5}}],"line":216},"10":{"loc":{"start":{"line":241,"column":4},"end":{"line":243,"column":5}},"type":"if","locations":[{"start":{"line":241,"column":4},"end":{"line":243,"column":5}},{"start":{"line":241,"column":4},"end":{"line":243,"column":5}}],"line":241},"11":{"loc":{"start":{"line":252,"column":11},"end":{"line":252,"column":79}},"type":"binary-expr","locations":[{"start":{"line":252,"column":12},"end":{"line":252,"column":40}},{"start":{"line":252,"column":45},"end":{"line":252,"column":79}}],"line":252},"12":{"loc":{"start":{"line":274,"column":4},"end":{"line":276,"column":5}},"type":"if","locations":[{"start":{"line":274,"column":4},"end":{"line":276,"column":5}},{"start":{"line":274,"column":4},"end":{"line":276,"column":5}}],"line":274},"13":{"loc":{"start":{"line":284,"column":11},"end":{"line":284,"column":79}},"type":"binary-expr","locations":[{"start":{"line":284,"column":12},"end":{"line":284,"column":40}},{"start":{"line":284,"column":45},"end":{"line":284,"column":79}}],"line":284},"14":{"loc":{"start":{"line":318,"column":11},"end":{"line":318,"column":50}},"type":"binary-expr","locations":[{"start":{"line":318,"column":11},"end":{"line":318,"column":30}},{"start":{"line":318,"column":34},"end":{"line":318,"column":50}}],"line":318}},"s":{"0":1,"1":1,"2":1,"3":424,"4":1387,"5":0,"6":0,"7":999,"8":999,"9":0,"10":713,"11":0,"12":0,"13":0,"14":0,"15":0,"16":0,"17":0,"18":475,"19":475,"20":2,"21":473,"22":424,"23":424,"24":424,"25":302,"26":302,"27":0,"28":260,"29":260,"30":1,"31":259,"32":166,"33":0,"34":304,"35":233,"36":0,"37":215,"38":215,"39":1,"40":214,"41":138,"42":0,"43":268,"44":191,"45":0,"46":575,"47":575,"48":0,"49":0,"50":1,"51":0,"52":0,"53":0,"54":0,"55":0,"56":0,"57":1,"58":0,"59":0,"60":0,"61":0,"62":0,"63":0,"64":0,"65":763,"66":763,"67":763,"68":763,"69":763,"70":24416,"71":763,"72":575,"73":0,"74":0,"75":0,"76":0,"77":0,"78":0,"79":0,"80":0,"81":0,"82":0,"83":0,"84":1,"85":0,"86":0,"87":0,"88":0,"89":0,"90":0,"91":1,"92":0,"93":0,"94":0,"95":0,"96":0,"97":0,"98":412,"99":0,"100":763,"101":0,"102":575,"103":763,"104":1,"105":1,"106":1,"107":1,"108":1,"109":1,"110":1,"111":1,"112":1},"f":{"0":424,"1":1387,"2":0,"3":999,"4":713,"5":0,"6":475,"7":424,"8":302,"9":0,"10":260,"11":166,"12":0,"13":304,"14":233,"15":0,"16":215,"17":138,"18":0,"19":268,"20":191,"21":0,"22":575,"23":0,"24":1,"25":0,"26":0,"27":0,"28":0,"29":1,"30":0,"31":0,"32":0,"33":0,"34":0,"35":0,"36":763,"37":575,"38":0,"39":1,"40":0,"41":0,"42":0,"43":0,"44":0,"45":0,"46":1,"47":0,"48":0,"49":0,"50":0,"51":0,"52":0,"53":412,"54":0,"55":763,"56":0,"57":575,"58":763,"59":1},"b":{"0":[999,0],"1":[0,0],"2":[0,0],"3":[2,473],"4":[424,0],"5":[1,259],"6":[0,0],"7":[1,214],"8":[0,0],"9":[575,0],"10":[0,0],"11":[0,0],"12":[0,0],"13":[0,0],"14":[0,0]},"_coverageSchema":"43e27e138ebf9cfc5966b082cf9a028302ed4184","hash":"958a370759106eea0f9e193a500bc292339c2d4d","contentHash":"94363c305784ed87d319e246fccabd5285701f31993ad58ac5368f8484aaab5d"},"/home/casatta/git/javascript-opentimestamps/src/merkle.js":{"path":"/home/casatta/git/javascript-opentimestamps/src/merkle.js","statementMap":{"0":{"start":{"line":10,"column":18},"end":{"line":10,"column":43}},"1":{"start":{"line":11,"column":12},"end":{"line":11,"column":31}},"2":{"start":{"line":19,"column":4},"end":{"line":21,"column":5}},"3":{"start":{"line":20,"column":6},"end":{"line":20,"column":32}},"4":{"start":{"line":22,"column":4},"end":{"line":24,"column":5}},"5":{"start":{"line":23,"column":6},"end":{"line":23,"column":34}},"6":{"start":{"line":27,"column":30},"end":{"line":27,"column":68}},"7":{"start":{"line":28,"column":4},"end":{"line":28,"column":64}},"8":{"start":{"line":31,"column":16},"end":{"line":31,"column":57}},"9":{"start":{"line":32,"column":4},"end":{"line":32,"column":14}},"10":{"start":{"line":36,"column":4},"end":{"line":36,"column":59}},"11":{"start":{"line":40,"column":28},"end":{"line":40,"column":57}},"12":{"start":{"line":42,"column":21},"end":{"line":42,"column":39}},"13":{"start":{"line":43,"column":14},"end":{"line":43,"column":47}},"14":{"start":{"line":44,"column":4},"end":{"line":47,"column":5}},"15":{"start":{"line":45,"column":6},"end":{"line":45,"column":61}},"16":{"start":{"line":46,"column":6},"end":{"line":46,"column":44}},"17":{"start":{"line":48,"column":4},"end":{"line":48,"column":14}},"18":{"start":{"line":60,"column":17},"end":{"line":60,"column":27}},"19":{"start":{"line":61,"column":21},"end":{"line":61,"column":23}},"20":{"start":{"line":64,"column":4},"end":{"line":90,"column":35}},"21":{"start":{"line":65,"column":6},"end":{"line":65,"column":40}},"22":{"start":{"line":67,"column":6},"end":{"line":67,"column":27}},"23":{"start":{"line":68,"column":6},"end":{"line":72,"column":7}},"24":{"start":{"line":69,"column":8},"end":{"line":69,"column":39}},"25":{"start":{"line":71,"column":8},"end":{"line":71,"column":44}},"26":{"start":{"line":74,"column":6},"end":{"line":74,"column":21}},"27":{"start":{"line":75,"column":6},"end":{"line":82,"column":7}},"28":{"start":{"line":76,"column":8},"end":{"line":81,"column":9}},"29":{"start":{"line":77,"column":10},"end":{"line":77,"column":27}},"30":{"start":{"line":79,"column":10},"end":{"line":79,"column":61}},"31":{"start":{"line":80,"column":10},"end":{"line":80,"column":31}},"32":{"start":{"line":84,"column":6},"end":{"line":89,"column":7}},"33":{"start":{"line":85,"column":8},"end":{"line":87,"column":9}},"34":{"start":{"line":86,"column":10},"end":{"line":86,"column":36}},"35":{"start":{"line":88,"column":8},"end":{"line":88,"column":27}},"36":{"start":{"line":91,"column":4},"end":{"line":91,"column":20}},"37":{"start":{"line":95,"column":17},"end":{"line":95,"column":27}},"38":{"start":{"line":97,"column":15},"end":{"line":97,"column":20}},"39":{"start":{"line":99,"column":4},"end":{"line":121,"column":5}},"40":{"start":{"line":100,"column":6},"end":{"line":100,"column":27}},"41":{"start":{"line":101,"column":24},"end":{"line":101,"column":54}},"42":{"start":{"line":103,"column":25},"end":{"line":103,"column":27}},"43":{"start":{"line":104,"column":6},"end":{"line":111,"column":7}},"44":{"start":{"line":105,"column":8},"end":{"line":110,"column":9}},"45":{"start":{"line":106,"column":10},"end":{"line":106,"column":27}},"46":{"start":{"line":108,"column":10},"end":{"line":108,"column":61}},"47":{"start":{"line":109,"column":10},"end":{"line":109,"column":31}},"48":{"start":{"line":113,"column":6},"end":{"line":120,"column":7}},"49":{"start":{"line":114,"column":8},"end":{"line":114,"column":19}},"50":{"start":{"line":116,"column":8},"end":{"line":118,"column":9}},"51":{"start":{"line":117,"column":10},"end":{"line":117,"column":36}},"52":{"start":{"line":119,"column":8},"end":{"line":119,"column":27}},"53":{"start":{"line":122,"column":4},"end":{"line":122,"column":20}},"54":{"start":{"line":126,"column":0},"end":{"line":126,"column":23}}},"fnMap":{"0":{"name":"(anonymous_0)","decl":{"start":{"line":18,"column":2},"end":{"line":18,"column":3}},"loc":{"start":{"line":18,"column":50},"end":{"line":33,"column":3}},"line":18},"1":{"name":"(anonymous_1)","decl":{"start":{"line":35,"column":2},"end":{"line":35,"column":3}},"loc":{"start":{"line":35,"column":33},"end":{"line":37,"column":3}},"line":35},"2":{"name":"(anonymous_2)","decl":{"start":{"line":39,"column":2},"end":{"line":39,"column":3}},"loc":{"start":{"line":39,"column":34},"end":{"line":49,"column":3}},"line":39},"3":{"name":"(anonymous_3)","decl":{"start":{"line":59,"column":2},"end":{"line":59,"column":3}},"loc":{"start":{"line":59,"column":45},"end":{"line":92,"column":3}},"line":59},"4":{"name":"(anonymous_4)","decl":{"start":{"line":94,"column":2},"end":{"line":94,"column":3}},"loc":{"start":{"line":94,"column":37},"end":{"line":123,"column":3}},"line":94}},"branchMap":{"0":{"loc":{"start":{"line":19,"column":4},"end":{"line":21,"column":5}},"type":"if","locations":[{"start":{"line":19,"column":4},"end":{"line":21,"column":5}},{"start":{"line":19,"column":4},"end":{"line":21,"column":5}}],"line":19},"1":{"loc":{"start":{"line":22,"column":4},"end":{"line":24,"column":5}},"type":"if","locations":[{"start":{"line":22,"column":4},"end":{"line":24,"column":5}},{"start":{"line":22,"column":4},"end":{"line":24,"column":5}}],"line":22},"2":{"loc":{"start":{"line":44,"column":4},"end":{"line":47,"column":5}},"type":"if","locations":[{"start":{"line":44,"column":4},"end":{"line":47,"column":5}},{"start":{"line":44,"column":4},"end":{"line":47,"column":5}}],"line":44},"3":{"loc":{"start":{"line":76,"column":8},"end":{"line":81,"column":9}},"type":"if","locations":[{"start":{"line":76,"column":8},"end":{"line":81,"column":9}},{"start":{"line":76,"column":8},"end":{"line":81,"column":9}}],"line":76},"4":{"loc":{"start":{"line":84,"column":6},"end":{"line":89,"column":7}},"type":"if","locations":[{"start":{"line":84,"column":6},"end":{"line":89,"column":7}},{"start":{"line":84,"column":6},"end":{"line":89,"column":7}}],"line":84},"5":{"loc":{"start":{"line":85,"column":8},"end":{"line":87,"column":9}},"type":"if","locations":[{"start":{"line":85,"column":8},"end":{"line":87,"column":9}},{"start":{"line":85,"column":8},"end":{"line":87,"column":9}}],"line":85},"6":{"loc":{"start":{"line":105,"column":8},"end":{"line":110,"column":9}},"type":"if","locations":[{"start":{"line":105,"column":8},"end":{"line":110,"column":9}},{"start":{"line":105,"column":8},"end":{"line":110,"column":9}}],"line":105},"7":{"loc":{"start":{"line":113,"column":6},"end":{"line":120,"column":7}},"type":"if","locations":[{"start":{"line":113,"column":6},"end":{"line":120,"column":7}},{"start":{"line":113,"column":6},"end":{"line":120,"column":7}}],"line":113},"8":{"loc":{"start":{"line":116,"column":8},"end":{"line":118,"column":9}},"type":"if","locations":[{"start":{"line":116,"column":8},"end":{"line":118,"column":9}},{"start":{"line":116,"column":8},"end":{"line":118,"column":9}}],"line":116}},"s":{"0":1,"1":1,"2":23,"3":0,"4":23,"5":0,"6":23,"7":23,"8":23,"9":23,"10":23,"11":0,"12":0,"13":0,"14":0,"15":0,"16":0,"17":0,"18":0,"19":0,"20":0,"21":0,"22":0,"23":0,"24":0,"25":0,"26":0,"27":0,"28":0,"29":0,"30":0,"31":0,"32":0,"33":0,"34":0,"35":0,"36":0,"37":6,"38":6,"39":6,"40":20,"41":20,"42":20,"43":20,"44":33,"45":12,"46":21,"47":21,"48":20,"49":6,"50":14,"51":5,"52":14,"53":6,"54":1},"f":{"0":23,"1":23,"2":0,"3":0,"4":6},"b":{"0":[0,23],"1":[0,23],"2":[0,0],"3":[0,0],"4":[0,0],"5":[0,0],"6":[12,21],"7":[6,14],"8":[5,9]},"_coverageSchema":"43e27e138ebf9cfc5966b082cf9a028302ed4184","hash":"8e0f023aaddb65a2867ea7dd817202bf61d80bc8","contentHash":"0913d9343758b58a02196b9556404684338fdf9ebde4925e38b7940be732cc01"}}